Analysis & Synthesis report for uartt
Sat Feb 17 04:52:38 2024
Quartus Prime Version 20.1.1 Build 720 11/11/2020 SJ Lite Edition


---------------------
; Table of Contents ;
---------------------
  1. Legal Notice
  2. Analysis & Synthesis Summary
  3. Analysis & Synthesis Settings
  4. Parallel Compilation
  5. Analysis & Synthesis Source Files Read
  6. Analysis & Synthesis Resource Usage Summary
  7. Analysis & Synthesis Resource Utilization by Entity
  8. State Machine - |TopLevel|debouncer:inst8|state_reg
  9. General Register Statistics
 10. Inverted Register Statistics
 11. Multiplexer Restructuring Statistics (Restructuring Performed)
 12. Parameter Settings for User Entity Instance: d_ffN:inst13
 13. Parameter Settings for User Entity Instance: d_ffN:inst12
 14. Parameter Settings for User Entity Instance: UART:inst|uart_clk_divN:inst
 15. Parameter Settings for User Entity Instance: instructionRAM:inst16
 16. Post-Synthesis Netlist Statistics for Top Partition
 17. Elapsed Time Per Partition
 18. Analysis & Synthesis Messages



----------------
; Legal Notice ;
----------------
Copyright (C) 2020  Intel Corporation. All rights reserved.
Your use of Intel Corporation's design tools, logic functions 
and other software and tools, and any partner logic 
functions, and any output files from any of the foregoing 
(including device programming or simulation files), and any 
associated documentation or information are expressly subject 
to the terms and conditions of the Intel Program License 
Subscription Agreement, the Intel Quartus Prime License Agreement,
the Intel FPGA IP License Agreement, or other applicable license
agreement, including, without limitation, that your use is for
the sole purpose of programming logic devices manufactured by
Intel and sold by Intel or its authorized distributors.  Please
refer to the applicable agreement for further details, at
https://fpgasoftware.intel.com/eula.



+-------------------------------------------------------------------------------+
; Analysis & Synthesis Summary                                                  ;
+---------------------------------+---------------------------------------------+
; Analysis & Synthesis Status     ; Successful - Sat Feb 17 04:52:38 2024       ;
; Quartus Prime Version           ; 20.1.1 Build 720 11/11/2020 SJ Lite Edition ;
; Revision Name                   ; uartt                                       ;
; Top-level Entity Name           ; TopLevel                                    ;
; Family                          ; Cyclone V                                   ;
; Logic utilization (in ALMs)     ; N/A                                         ;
; Total registers                 ; 2220                                        ;
; Total pins                      ; 38                                          ;
; Total virtual pins              ; 0                                           ;
; Total block memory bits         ; 0                                           ;
; Total DSP Blocks                ; 0                                           ;
; Total HSSI RX PCSs              ; 0                                           ;
; Total HSSI PMA RX Deserializers ; 0                                           ;
; Total HSSI TX PCSs              ; 0                                           ;
; Total HSSI PMA TX Serializers   ; 0                                           ;
; Total PLLs                      ; 0                                           ;
; Total DLLs                      ; 0                                           ;
+---------------------------------+---------------------------------------------+


+---------------------------------------------------------------------------------------------------------------------------+
; Analysis & Synthesis Settings                                                                                             ;
+---------------------------------------------------------------------------------+--------------------+--------------------+
; Option                                                                          ; Setting            ; Default Value      ;
+---------------------------------------------------------------------------------+--------------------+--------------------+
; Device                                                                          ; 5CEBA4F23C7        ;                    ;
; Top-level entity name                                                           ; TopLevel           ; uartt              ;
; Family name                                                                     ; Cyclone V          ; Cyclone V          ;
; Verilog Show LMF Mapping Messages                                               ; Off                ;                    ;
; Use smart compilation                                                           ; Off                ; Off                ;
; Enable parallel Assembler and Timing Analyzer during compilation                ; On                 ; On                 ;
; Enable compact report table                                                     ; Off                ; Off                ;
; Restructure Multiplexers                                                        ; Auto               ; Auto               ;
; MLAB Add Timing Constraints For Mixed-Port Feed-Through Mode Setting Don't Care ; Off                ; Off                ;
; Create Debugging Nodes for IP Cores                                             ; Off                ; Off                ;
; Preserve fewer node names                                                       ; On                 ; On                 ;
; Intel FPGA IP Evaluation Mode                                                   ; Enable             ; Enable             ;
; Verilog Version                                                                 ; Verilog_2001       ; Verilog_2001       ;
; VHDL Version                                                                    ; VHDL_1993          ; VHDL_1993          ;
; State Machine Processing                                                        ; Auto               ; Auto               ;
; Safe State Machine                                                              ; Off                ; Off                ;
; Extract Verilog State Machines                                                  ; On                 ; On                 ;
; Extract VHDL State Machines                                                     ; On                 ; On                 ;
; Ignore Verilog initial constructs                                               ; Off                ; Off                ;
; Iteration limit for constant Verilog loops                                      ; 5000               ; 5000               ;
; Iteration limit for non-constant Verilog loops                                  ; 250                ; 250                ;
; Add Pass-Through Logic to Inferred RAMs                                         ; On                 ; On                 ;
; Infer RAMs from Raw Logic                                                       ; On                 ; On                 ;
; Parallel Synthesis                                                              ; On                 ; On                 ;
; DSP Block Balancing                                                             ; Auto               ; Auto               ;
; NOT Gate Push-Back                                                              ; On                 ; On                 ;
; Power-Up Don't Care                                                             ; On                 ; On                 ;
; Remove Redundant Logic Cells                                                    ; Off                ; Off                ;
; Remove Duplicate Registers                                                      ; On                 ; On                 ;
; Ignore CARRY Buffers                                                            ; Off                ; Off                ;
; Ignore CASCADE Buffers                                                          ; Off                ; Off                ;
; Ignore GLOBAL Buffers                                                           ; Off                ; Off                ;
; Ignore ROW GLOBAL Buffers                                                       ; Off                ; Off                ;
; Ignore LCELL Buffers                                                            ; Off                ; Off                ;
; Ignore SOFT Buffers                                                             ; On                 ; On                 ;
; Limit AHDL Integers to 32 Bits                                                  ; Off                ; Off                ;
; Optimization Technique                                                          ; Balanced           ; Balanced           ;
; Carry Chain Length                                                              ; 70                 ; 70                 ;
; Auto Carry Chains                                                               ; On                 ; On                 ;
; Auto Open-Drain Pins                                                            ; On                 ; On                 ;
; Perform WYSIWYG Primitive Resynthesis                                           ; Off                ; Off                ;
; Auto ROM Replacement                                                            ; On                 ; On                 ;
; Auto RAM Replacement                                                            ; On                 ; On                 ;
; Auto DSP Block Replacement                                                      ; On                 ; On                 ;
; Auto Shift Register Replacement                                                 ; Auto               ; Auto               ;
; Allow Shift Register Merging across Hierarchies                                 ; Auto               ; Auto               ;
; Auto Clock Enable Replacement                                                   ; On                 ; On                 ;
; Strict RAM Replacement                                                          ; Off                ; Off                ;
; Allow Synchronous Control Signals                                               ; On                 ; On                 ;
; Force Use of Synchronous Clear Signals                                          ; Off                ; Off                ;
; Auto Resource Sharing                                                           ; Off                ; Off                ;
; Allow Any RAM Size For Recognition                                              ; Off                ; Off                ;
; Allow Any ROM Size For Recognition                                              ; Off                ; Off                ;
; Allow Any Shift Register Size For Recognition                                   ; Off                ; Off                ;
; Use LogicLock Constraints during Resource Balancing                             ; On                 ; On                 ;
; Ignore translate_off and synthesis_off directives                               ; Off                ; Off                ;
; Timing-Driven Synthesis                                                         ; On                 ; On                 ;
; Report Parameter Settings                                                       ; On                 ; On                 ;
; Report Source Assignments                                                       ; On                 ; On                 ;
; Report Connectivity Checks                                                      ; On                 ; On                 ;
; Ignore Maximum Fan-Out Assignments                                              ; Off                ; Off                ;
; Synchronization Register Chain Length                                           ; 3                  ; 3                  ;
; Power Optimization During Synthesis                                             ; Normal compilation ; Normal compilation ;
; HDL message level                                                               ; Level2             ; Level2             ;
; Suppress Register Optimization Related Messages                                 ; Off                ; Off                ;
; Number of Removed Registers Reported in Synthesis Report                        ; 5000               ; 5000               ;
; Number of Swept Nodes Reported in Synthesis Report                              ; 5000               ; 5000               ;
; Number of Inverted Registers Reported in Synthesis Report                       ; 100                ; 100                ;
; Clock MUX Protection                                                            ; On                 ; On                 ;
; Auto Gated Clock Conversion                                                     ; Off                ; Off                ;
; Block Design Naming                                                             ; Auto               ; Auto               ;
; SDC constraint protection                                                       ; Off                ; Off                ;
; Synthesis Effort                                                                ; Auto               ; Auto               ;
; Shift Register Replacement - Allow Asynchronous Clear Signal                    ; On                 ; On                 ;
; Pre-Mapping Resynthesis Optimization                                            ; Off                ; Off                ;
; Analysis & Synthesis Message Level                                              ; Medium             ; Medium             ;
; Disable Register Merging Across Hierarchies                                     ; Auto               ; Auto               ;
; Resource Aware Inference For Block RAM                                          ; On                 ; On                 ;
; Automatic Parallel Synthesis                                                    ; On                 ; On                 ;
; Partial Reconfiguration Bitstream ID                                            ; Off                ; Off                ;
+---------------------------------------------------------------------------------+--------------------+--------------------+


+------------------------------------------+
; Parallel Compilation                     ;
+----------------------------+-------------+
; Processors                 ; Number      ;
+----------------------------+-------------+
; Number detected on machine ; 16          ;
; Maximum allowed            ; 16          ;
;                            ;             ;
; Average used               ; 1.00        ;
; Maximum used               ; 16          ;
;                            ;             ;
; Usage by Processor         ; % Time Used ;
;     Processor 1            ; 100.0%      ;
;     Processor 2            ;   0.0%      ;
;     Processor 3            ;   0.0%      ;
;     Processor 4            ;   0.0%      ;
;     Processor 5            ;   0.0%      ;
;     Processor 6            ;   0.0%      ;
;     Processor 7            ;   0.0%      ;
;     Processor 8            ;   0.0%      ;
;     Processors 9-16        ;   0.0%      ;
+----------------------------+-------------+


+-----------------------------------------------------------------------------------------------------------------------------------------------------------------------------------------------------+
; Analysis & Synthesis Source Files Read                                                                                                                                                              ;
+----------------------------------+-----------------+------------------------------------+-------------------------------------------------------------------------------------------------+---------+
; File Name with User-Entered Path ; Used in Netlist ; File Type                          ; File Name with Absolute Path                                                                    ; Library ;
+----------------------------------+-----------------+------------------------------------+-------------------------------------------------------------------------------------------------+---------+
; sv files/instructionRAM.sv       ; yes             ; User SystemVerilog HDL File        ; C:/Users/minec/Desktop/Work/GitHub Repos/PROJ300/Firmware/UART/sv files/instructionRAM.sv       ;         ;
; sv files/d_ffN.sv                ; yes             ; User SystemVerilog HDL File        ; C:/Users/minec/Desktop/Work/GitHub Repos/PROJ300/Firmware/UART/sv files/d_ffN.sv                ;         ;
; sv files/debouncer.sv            ; yes             ; User SystemVerilog HDL File        ; C:/Users/minec/Desktop/Work/GitHub Repos/PROJ300/Firmware/UART/sv files/debouncer.sv            ;         ;
; sv files/seven_seg_controller.sv ; yes             ; User SystemVerilog HDL File        ; C:/Users/minec/Desktop/Work/GitHub Repos/PROJ300/Firmware/UART/sv files/seven_seg_controller.sv ;         ;
; sv files/bsy_detector.sv         ; yes             ; User SystemVerilog HDL File        ; C:/Users/minec/Desktop/Work/GitHub Repos/PROJ300/Firmware/UART/sv files/bsy_detector.sv         ;         ;
; sv files/uart_controller.sv      ; yes             ; User SystemVerilog HDL File        ; C:/Users/minec/Desktop/Work/GitHub Repos/PROJ300/Firmware/UART/sv files/uart_controller.sv      ;         ;
; sv files/uart_clk_divN.sv        ; yes             ; User SystemVerilog HDL File        ; C:/Users/minec/Desktop/Work/GitHub Repos/PROJ300/Firmware/UART/sv files/uart_clk_divN.sv        ;         ;
; UART.bdf                         ; yes             ; User Block Diagram/Schematic File  ; C:/Users/minec/Desktop/Work/GitHub Repos/PROJ300/Firmware/UART/UART.bdf                         ;         ;
; output_files/TopLevel.bdf        ; yes             ; User Block Diagram/Schematic File  ; C:/Users/minec/Desktop/Work/GitHub Repos/PROJ300/Firmware/UART/output_files/TopLevel.bdf        ;         ;
+----------------------------------+-----------------+------------------------------------+-------------------------------------------------------------------------------------------------+---------+


+---------------------------------------------------------+
; Analysis & Synthesis Resource Usage Summary             ;
+---------------------------------------------+-----------+
; Resource                                    ; Usage     ;
+---------------------------------------------+-----------+
; Estimate of Logic utilization (ALMs needed) ; 2116      ;
;                                             ;           ;
; Combinational ALUT usage for logic          ; 1978      ;
;     -- 7 input functions                    ; 2         ;
;     -- 6 input functions                    ; 1646      ;
;     -- 5 input functions                    ; 70        ;
;     -- 4 input functions                    ; 59        ;
;     -- <=3 input functions                  ; 201       ;
;                                             ;           ;
; Dedicated logic registers                   ; 2220      ;
;                                             ;           ;
; I/O pins                                    ; 38        ;
;                                             ;           ;
; Total DSP Blocks                            ; 0         ;
;                                             ;           ;
; Maximum fan-out node                        ; SW0~input ;
; Maximum fan-out                             ; 2436      ;
; Total fan-out                               ; 19784     ;
; Average fan-out                             ; 4.63      ;
+---------------------------------------------+-----------+


+----------------------------------------------------------------------------------------------------------------------------------------------------------------------------------------------------------------------------+
; Analysis & Synthesis Resource Utilization by Entity                                                                                                                                                                        ;
+---------------------------------+---------------------+---------------------------+-------------------+------------+------+--------------+-------------------------------------------+----------------------+--------------+
; Compilation Hierarchy Node      ; Combinational ALUTs ; Dedicated Logic Registers ; Block Memory Bits ; DSP Blocks ; Pins ; Virtual Pins ; Full Hierarchy Name                       ; Entity Name          ; Library Name ;
+---------------------------------+---------------------+---------------------------+-------------------+------------+------+--------------+-------------------------------------------+----------------------+--------------+
; |TopLevel                       ; 1978 (0)            ; 2220 (0)                  ; 0                 ; 0          ; 38   ; 0            ; |TopLevel                                 ; TopLevel             ; work         ;
;    |UART:inst|                  ; 48 (0)              ; 49 (0)                    ; 0                 ; 0          ; 0    ; 0            ; |TopLevel|UART:inst                       ; UART                 ; work         ;
;       |bsy_detector:inst2|      ; 0 (0)               ; 8 (8)                     ; 0                 ; 0          ; 0    ; 0            ; |TopLevel|UART:inst|bsy_detector:inst2    ; bsy_detector         ; work         ;
;       |uart_clk_divN:inst|      ; 41 (41)             ; 28 (28)                   ; 0                 ; 0          ; 0    ; 0            ; |TopLevel|UART:inst|uart_clk_divN:inst    ; uart_clk_divN        ; work         ;
;       |uart_controller:inst1|   ; 7 (7)               ; 13 (13)                   ; 0                 ; 0          ; 0    ; 0            ; |TopLevel|UART:inst|uart_controller:inst1 ; uart_controller      ; work         ;
;    |d_ffN:inst12|               ; 8 (8)               ; 8 (8)                     ; 0                 ; 0          ; 0    ; 0            ; |TopLevel|d_ffN:inst12                    ; d_ffN                ; work         ;
;    |d_ffN:inst13|               ; 8 (8)               ; 8 (8)                     ; 0                 ; 0          ; 0    ; 0            ; |TopLevel|d_ffN:inst13                    ; d_ffN                ; work         ;
;    |debouncer:inst8|            ; 36 (36)             ; 29 (29)                   ; 0                 ; 0          ; 0    ; 0            ; |TopLevel|debouncer:inst8                 ; debouncer            ; work         ;
;    |instructionRAM:inst16|      ; 1850 (1850)         ; 2126 (2126)               ; 0                 ; 0          ; 0    ; 0            ; |TopLevel|instructionRAM:inst16           ; instructionRAM       ; work         ;
;    |seven_seg_controller:inst3| ; 14 (14)             ; 0 (0)                     ; 0                 ; 0          ; 0    ; 0            ; |TopLevel|seven_seg_controller:inst3      ; seven_seg_controller ; work         ;
;    |seven_seg_controller:inst6| ; 14 (14)             ; 0 (0)                     ; 0                 ; 0          ; 0    ; 0            ; |TopLevel|seven_seg_controller:inst6      ; seven_seg_controller ; work         ;
+---------------------------------+---------------------+---------------------------+-------------------+------------+------+--------------+-------------------------------------------+----------------------+--------------+
Note: For table entries with two numbers listed, the numbers in parentheses indicate the number of resources of the given type used by the specific entity alone. The numbers listed outside of parentheses indicate the total resources of the given type used by the specific entity and all of its sub-entities in the hierarchy.


Encoding Type:  One-Hot
+-----------------------------------------------------------+
; State Machine - |TopLevel|debouncer:inst8|state_reg       ;
+--------------+--------------+--------------+--------------+
; Name         ; state_reg.00 ; state_reg.10 ; state_reg.01 ;
+--------------+--------------+--------------+--------------+
; state_reg.00 ; 0            ; 0            ; 0            ;
; state_reg.01 ; 1            ; 0            ; 1            ;
; state_reg.10 ; 1            ; 1            ; 0            ;
+--------------+--------------+--------------+--------------+


+------------------------------------------------------+
; General Register Statistics                          ;
+----------------------------------------------+-------+
; Statistic                                    ; Value ;
+----------------------------------------------+-------+
; Total registers                              ; 2220  ;
; Number of registers using Synchronous Clear  ; 2174  ;
; Number of registers using Synchronous Load   ; 0     ;
; Number of registers using Asynchronous Clear ; 50    ;
; Number of registers using Asynchronous Load  ; 0     ;
; Number of registers using Clock Enable       ; 2160  ;
; Number of registers using Preset             ; 0     ;
+----------------------------------------------+-------+


+--------------------------------------------------+
; Inverted Register Statistics                     ;
+----------------------------------------+---------+
; Inverted Register                      ; Fan out ;
+----------------------------------------+---------+
; UART:inst|uart_controller:inst1|bsy    ; 10      ;
; Total number of inverted registers = 1 ;         ;
+----------------------------------------+---------+


+----------------------------------------------------------------------------------------------------------------------------------------------------------------------+
; Multiplexer Restructuring Statistics (Restructuring Performed)                                                                                                       ;
+--------------------+-----------+---------------+----------------------+------------------------+------------+--------------------------------------------------------+
; Multiplexer Inputs ; Bus Width ; Baseline Area ; Area if Restructured ; Saving if Restructured ; Registered ; Example Multiplexer Output                             ;
+--------------------+-----------+---------------+----------------------+------------------------+------------+--------------------------------------------------------+
; 3:1                ; 16 bits   ; 32 LEs        ; 0 LEs                ; 32 LEs                 ; Yes        ; |TopLevel|instructionRAM:inst16|current_data_reg[0]    ;
; 3:1                ; 8 bits    ; 16 LEs        ; 0 LEs                ; 16 LEs                 ; Yes        ; |TopLevel|instructionRAM:inst16|ram[0][0]              ;
; 3:1                ; 8 bits    ; 16 LEs        ; 0 LEs                ; 16 LEs                 ; Yes        ; |TopLevel|instructionRAM:inst16|ram[1][3]              ;
; 3:1                ; 8 bits    ; 16 LEs        ; 0 LEs                ; 16 LEs                 ; Yes        ; |TopLevel|instructionRAM:inst16|ram[2][3]              ;
; 3:1                ; 8 bits    ; 16 LEs        ; 0 LEs                ; 16 LEs                 ; Yes        ; |TopLevel|instructionRAM:inst16|ram[3][6]              ;
; 3:1                ; 8 bits    ; 16 LEs        ; 0 LEs                ; 16 LEs                 ; Yes        ; |TopLevel|instructionRAM:inst16|ram[4][4]              ;
; 3:1                ; 8 bits    ; 16 LEs        ; 0 LEs                ; 16 LEs                 ; Yes        ; |TopLevel|instructionRAM:inst16|ram[5][3]              ;
; 3:1                ; 8 bits    ; 16 LEs        ; 0 LEs                ; 16 LEs                 ; Yes        ; |TopLevel|instructionRAM:inst16|ram[6][6]              ;
; 3:1                ; 8 bits    ; 16 LEs        ; 0 LEs                ; 16 LEs                 ; Yes        ; |TopLevel|instructionRAM:inst16|ram[7][0]              ;
; 3:1                ; 8 bits    ; 16 LEs        ; 0 LEs                ; 16 LEs                 ; Yes        ; |TopLevel|instructionRAM:inst16|ram[8][2]              ;
; 3:1                ; 8 bits    ; 16 LEs        ; 0 LEs                ; 16 LEs                 ; Yes        ; |TopLevel|instructionRAM:inst16|ram[9][1]              ;
; 3:1                ; 8 bits    ; 16 LEs        ; 0 LEs                ; 16 LEs                 ; Yes        ; |TopLevel|instructionRAM:inst16|ram[10][4]             ;
; 3:1                ; 8 bits    ; 16 LEs        ; 0 LEs                ; 16 LEs                 ; Yes        ; |TopLevel|instructionRAM:inst16|ram[11][4]             ;
; 3:1                ; 8 bits    ; 16 LEs        ; 0 LEs                ; 16 LEs                 ; Yes        ; |TopLevel|instructionRAM:inst16|ram[12][4]             ;
; 3:1                ; 8 bits    ; 16 LEs        ; 0 LEs                ; 16 LEs                 ; Yes        ; |TopLevel|instructionRAM:inst16|ram[13][5]             ;
; 3:1                ; 8 bits    ; 16 LEs        ; 0 LEs                ; 16 LEs                 ; Yes        ; |TopLevel|instructionRAM:inst16|ram[14][0]             ;
; 3:1                ; 8 bits    ; 16 LEs        ; 0 LEs                ; 16 LEs                 ; Yes        ; |TopLevel|instructionRAM:inst16|ram[15][2]             ;
; 3:1                ; 8 bits    ; 16 LEs        ; 0 LEs                ; 16 LEs                 ; Yes        ; |TopLevel|instructionRAM:inst16|ram[16][5]             ;
; 3:1                ; 8 bits    ; 16 LEs        ; 0 LEs                ; 16 LEs                 ; Yes        ; |TopLevel|instructionRAM:inst16|ram[17][7]             ;
; 3:1                ; 8 bits    ; 16 LEs        ; 0 LEs                ; 16 LEs                 ; Yes        ; |TopLevel|instructionRAM:inst16|ram[18][1]             ;
; 3:1                ; 8 bits    ; 16 LEs        ; 0 LEs                ; 16 LEs                 ; Yes        ; |TopLevel|instructionRAM:inst16|ram[19][6]             ;
; 3:1                ; 8 bits    ; 16 LEs        ; 0 LEs                ; 16 LEs                 ; Yes        ; |TopLevel|instructionRAM:inst16|ram[20][4]             ;
; 3:1                ; 8 bits    ; 16 LEs        ; 0 LEs                ; 16 LEs                 ; Yes        ; |TopLevel|instructionRAM:inst16|ram[21][1]             ;
; 3:1                ; 8 bits    ; 16 LEs        ; 0 LEs                ; 16 LEs                 ; Yes        ; |TopLevel|instructionRAM:inst16|ram[22][0]             ;
; 3:1                ; 8 bits    ; 16 LEs        ; 0 LEs                ; 16 LEs                 ; Yes        ; |TopLevel|instructionRAM:inst16|ram[23][2]             ;
; 3:1                ; 8 bits    ; 16 LEs        ; 0 LEs                ; 16 LEs                 ; Yes        ; |TopLevel|instructionRAM:inst16|ram[24][1]             ;
; 3:1                ; 8 bits    ; 16 LEs        ; 0 LEs                ; 16 LEs                 ; Yes        ; |TopLevel|instructionRAM:inst16|ram[25][6]             ;
; 3:1                ; 8 bits    ; 16 LEs        ; 0 LEs                ; 16 LEs                 ; Yes        ; |TopLevel|instructionRAM:inst16|ram[26][7]             ;
; 3:1                ; 8 bits    ; 16 LEs        ; 0 LEs                ; 16 LEs                 ; Yes        ; |TopLevel|instructionRAM:inst16|ram[27][7]             ;
; 3:1                ; 8 bits    ; 16 LEs        ; 0 LEs                ; 16 LEs                 ; Yes        ; |TopLevel|instructionRAM:inst16|ram[28][6]             ;
; 3:1                ; 8 bits    ; 16 LEs        ; 0 LEs                ; 16 LEs                 ; Yes        ; |TopLevel|instructionRAM:inst16|ram[29][2]             ;
; 3:1                ; 8 bits    ; 16 LEs        ; 0 LEs                ; 16 LEs                 ; Yes        ; |TopLevel|instructionRAM:inst16|ram[30][4]             ;
; 3:1                ; 8 bits    ; 16 LEs        ; 0 LEs                ; 16 LEs                 ; Yes        ; |TopLevel|instructionRAM:inst16|ram[31][6]             ;
; 3:1                ; 8 bits    ; 16 LEs        ; 0 LEs                ; 16 LEs                 ; Yes        ; |TopLevel|instructionRAM:inst16|ram[32][2]             ;
; 3:1                ; 8 bits    ; 16 LEs        ; 0 LEs                ; 16 LEs                 ; Yes        ; |TopLevel|instructionRAM:inst16|ram[33][6]             ;
; 3:1                ; 8 bits    ; 16 LEs        ; 0 LEs                ; 16 LEs                 ; Yes        ; |TopLevel|instructionRAM:inst16|ram[34][7]             ;
; 3:1                ; 8 bits    ; 16 LEs        ; 0 LEs                ; 16 LEs                 ; Yes        ; |TopLevel|instructionRAM:inst16|ram[35][7]             ;
; 3:1                ; 8 bits    ; 16 LEs        ; 0 LEs                ; 16 LEs                 ; Yes        ; |TopLevel|instructionRAM:inst16|ram[36][3]             ;
; 3:1                ; 8 bits    ; 16 LEs        ; 0 LEs                ; 16 LEs                 ; Yes        ; |TopLevel|instructionRAM:inst16|ram[37][1]             ;
; 3:1                ; 8 bits    ; 16 LEs        ; 0 LEs                ; 16 LEs                 ; Yes        ; |TopLevel|instructionRAM:inst16|ram[38][4]             ;
; 3:1                ; 8 bits    ; 16 LEs        ; 0 LEs                ; 16 LEs                 ; Yes        ; |TopLevel|instructionRAM:inst16|ram[39][0]             ;
; 3:1                ; 8 bits    ; 16 LEs        ; 0 LEs                ; 16 LEs                 ; Yes        ; |TopLevel|instructionRAM:inst16|ram[40][4]             ;
; 3:1                ; 8 bits    ; 16 LEs        ; 0 LEs                ; 16 LEs                 ; Yes        ; |TopLevel|instructionRAM:inst16|ram[41][2]             ;
; 3:1                ; 8 bits    ; 16 LEs        ; 0 LEs                ; 16 LEs                 ; Yes        ; |TopLevel|instructionRAM:inst16|ram[42][1]             ;
; 3:1                ; 8 bits    ; 16 LEs        ; 0 LEs                ; 16 LEs                 ; Yes        ; |TopLevel|instructionRAM:inst16|ram[43][5]             ;
; 3:1                ; 8 bits    ; 16 LEs        ; 0 LEs                ; 16 LEs                 ; Yes        ; |TopLevel|instructionRAM:inst16|ram[44][2]             ;
; 3:1                ; 8 bits    ; 16 LEs        ; 0 LEs                ; 16 LEs                 ; Yes        ; |TopLevel|instructionRAM:inst16|ram[45][4]             ;
; 3:1                ; 8 bits    ; 16 LEs        ; 0 LEs                ; 16 LEs                 ; Yes        ; |TopLevel|instructionRAM:inst16|ram[46][4]             ;
; 3:1                ; 8 bits    ; 16 LEs        ; 0 LEs                ; 16 LEs                 ; Yes        ; |TopLevel|instructionRAM:inst16|ram[47][4]             ;
; 3:1                ; 8 bits    ; 16 LEs        ; 0 LEs                ; 16 LEs                 ; Yes        ; |TopLevel|instructionRAM:inst16|ram[48][3]             ;
; 3:1                ; 8 bits    ; 16 LEs        ; 0 LEs                ; 16 LEs                 ; Yes        ; |TopLevel|instructionRAM:inst16|ram[49][2]             ;
; 3:1                ; 8 bits    ; 16 LEs        ; 0 LEs                ; 16 LEs                 ; Yes        ; |TopLevel|instructionRAM:inst16|ram[50][1]             ;
; 3:1                ; 8 bits    ; 16 LEs        ; 0 LEs                ; 16 LEs                 ; Yes        ; |TopLevel|instructionRAM:inst16|ram[51][3]             ;
; 3:1                ; 8 bits    ; 16 LEs        ; 0 LEs                ; 16 LEs                 ; Yes        ; |TopLevel|instructionRAM:inst16|ram[52][5]             ;
; 3:1                ; 8 bits    ; 16 LEs        ; 0 LEs                ; 16 LEs                 ; Yes        ; |TopLevel|instructionRAM:inst16|ram[53][2]             ;
; 3:1                ; 8 bits    ; 16 LEs        ; 0 LEs                ; 16 LEs                 ; Yes        ; |TopLevel|instructionRAM:inst16|ram[54][5]             ;
; 3:1                ; 8 bits    ; 16 LEs        ; 0 LEs                ; 16 LEs                 ; Yes        ; |TopLevel|instructionRAM:inst16|ram[55][6]             ;
; 3:1                ; 8 bits    ; 16 LEs        ; 0 LEs                ; 16 LEs                 ; Yes        ; |TopLevel|instructionRAM:inst16|ram[56][5]             ;
; 3:1                ; 8 bits    ; 16 LEs        ; 0 LEs                ; 16 LEs                 ; Yes        ; |TopLevel|instructionRAM:inst16|ram[57][4]             ;
; 3:1                ; 8 bits    ; 16 LEs        ; 0 LEs                ; 16 LEs                 ; Yes        ; |TopLevel|instructionRAM:inst16|ram[58][2]             ;
; 3:1                ; 8 bits    ; 16 LEs        ; 0 LEs                ; 16 LEs                 ; Yes        ; |TopLevel|instructionRAM:inst16|ram[59][1]             ;
; 3:1                ; 8 bits    ; 16 LEs        ; 0 LEs                ; 16 LEs                 ; Yes        ; |TopLevel|instructionRAM:inst16|ram[60][7]             ;
; 3:1                ; 8 bits    ; 16 LEs        ; 0 LEs                ; 16 LEs                 ; Yes        ; |TopLevel|instructionRAM:inst16|ram[61][0]             ;
; 3:1                ; 8 bits    ; 16 LEs        ; 0 LEs                ; 16 LEs                 ; Yes        ; |TopLevel|instructionRAM:inst16|ram[62][3]             ;
; 3:1                ; 8 bits    ; 16 LEs        ; 0 LEs                ; 16 LEs                 ; Yes        ; |TopLevel|instructionRAM:inst16|ram[63][5]             ;
; 3:1                ; 8 bits    ; 16 LEs        ; 0 LEs                ; 16 LEs                 ; Yes        ; |TopLevel|instructionRAM:inst16|ram[64][4]             ;
; 3:1                ; 8 bits    ; 16 LEs        ; 0 LEs                ; 16 LEs                 ; Yes        ; |TopLevel|instructionRAM:inst16|ram[65][4]             ;
; 3:1                ; 8 bits    ; 16 LEs        ; 0 LEs                ; 16 LEs                 ; Yes        ; |TopLevel|instructionRAM:inst16|ram[66][1]             ;
; 3:1                ; 8 bits    ; 16 LEs        ; 0 LEs                ; 16 LEs                 ; Yes        ; |TopLevel|instructionRAM:inst16|ram[67][6]             ;
; 3:1                ; 8 bits    ; 16 LEs        ; 0 LEs                ; 16 LEs                 ; Yes        ; |TopLevel|instructionRAM:inst16|ram[68][7]             ;
; 3:1                ; 8 bits    ; 16 LEs        ; 0 LEs                ; 16 LEs                 ; Yes        ; |TopLevel|instructionRAM:inst16|ram[69][5]             ;
; 3:1                ; 8 bits    ; 16 LEs        ; 0 LEs                ; 16 LEs                 ; Yes        ; |TopLevel|instructionRAM:inst16|ram[70][2]             ;
; 3:1                ; 8 bits    ; 16 LEs        ; 0 LEs                ; 16 LEs                 ; Yes        ; |TopLevel|instructionRAM:inst16|ram[71][0]             ;
; 3:1                ; 8 bits    ; 16 LEs        ; 0 LEs                ; 16 LEs                 ; Yes        ; |TopLevel|instructionRAM:inst16|ram[72][6]             ;
; 3:1                ; 8 bits    ; 16 LEs        ; 0 LEs                ; 16 LEs                 ; Yes        ; |TopLevel|instructionRAM:inst16|ram[73][0]             ;
; 3:1                ; 8 bits    ; 16 LEs        ; 0 LEs                ; 16 LEs                 ; Yes        ; |TopLevel|instructionRAM:inst16|ram[74][7]             ;
; 3:1                ; 8 bits    ; 16 LEs        ; 0 LEs                ; 16 LEs                 ; Yes        ; |TopLevel|instructionRAM:inst16|ram[75][6]             ;
; 3:1                ; 8 bits    ; 16 LEs        ; 0 LEs                ; 16 LEs                 ; Yes        ; |TopLevel|instructionRAM:inst16|ram[76][4]             ;
; 3:1                ; 8 bits    ; 16 LEs        ; 0 LEs                ; 16 LEs                 ; Yes        ; |TopLevel|instructionRAM:inst16|ram[77][0]             ;
; 3:1                ; 8 bits    ; 16 LEs        ; 0 LEs                ; 16 LEs                 ; Yes        ; |TopLevel|instructionRAM:inst16|ram[78][2]             ;
; 3:1                ; 8 bits    ; 16 LEs        ; 0 LEs                ; 16 LEs                 ; Yes        ; |TopLevel|instructionRAM:inst16|ram[79][3]             ;
; 3:1                ; 8 bits    ; 16 LEs        ; 0 LEs                ; 16 LEs                 ; Yes        ; |TopLevel|instructionRAM:inst16|ram[80][1]             ;
; 3:1                ; 8 bits    ; 16 LEs        ; 0 LEs                ; 16 LEs                 ; Yes        ; |TopLevel|instructionRAM:inst16|ram[81][4]             ;
; 3:1                ; 8 bits    ; 16 LEs        ; 0 LEs                ; 16 LEs                 ; Yes        ; |TopLevel|instructionRAM:inst16|ram[82][6]             ;
; 3:1                ; 8 bits    ; 16 LEs        ; 0 LEs                ; 16 LEs                 ; Yes        ; |TopLevel|instructionRAM:inst16|ram[83][0]             ;
; 3:1                ; 8 bits    ; 16 LEs        ; 0 LEs                ; 16 LEs                 ; Yes        ; |TopLevel|instructionRAM:inst16|ram[84][6]             ;
; 3:1                ; 8 bits    ; 16 LEs        ; 0 LEs                ; 16 LEs                 ; Yes        ; |TopLevel|instructionRAM:inst16|ram[85][3]             ;
; 3:1                ; 8 bits    ; 16 LEs        ; 0 LEs                ; 16 LEs                 ; Yes        ; |TopLevel|instructionRAM:inst16|ram[86][1]             ;
; 3:1                ; 8 bits    ; 16 LEs        ; 0 LEs                ; 16 LEs                 ; Yes        ; |TopLevel|instructionRAM:inst16|ram[87][7]             ;
; 3:1                ; 8 bits    ; 16 LEs        ; 0 LEs                ; 16 LEs                 ; Yes        ; |TopLevel|instructionRAM:inst16|ram[88][7]             ;
; 3:1                ; 8 bits    ; 16 LEs        ; 0 LEs                ; 16 LEs                 ; Yes        ; |TopLevel|instructionRAM:inst16|ram[89][2]             ;
; 3:1                ; 8 bits    ; 16 LEs        ; 0 LEs                ; 16 LEs                 ; Yes        ; |TopLevel|instructionRAM:inst16|ram[90][0]             ;
; 3:1                ; 8 bits    ; 16 LEs        ; 0 LEs                ; 16 LEs                 ; Yes        ; |TopLevel|instructionRAM:inst16|ram[91][5]             ;
; 3:1                ; 8 bits    ; 16 LEs        ; 0 LEs                ; 16 LEs                 ; Yes        ; |TopLevel|instructionRAM:inst16|ram[92][6]             ;
; 3:1                ; 8 bits    ; 16 LEs        ; 0 LEs                ; 16 LEs                 ; Yes        ; |TopLevel|instructionRAM:inst16|ram[93][0]             ;
; 3:1                ; 8 bits    ; 16 LEs        ; 0 LEs                ; 16 LEs                 ; Yes        ; |TopLevel|instructionRAM:inst16|ram[94][0]             ;
; 3:1                ; 8 bits    ; 16 LEs        ; 0 LEs                ; 16 LEs                 ; Yes        ; |TopLevel|instructionRAM:inst16|ram[95][3]             ;
; 3:1                ; 8 bits    ; 16 LEs        ; 0 LEs                ; 16 LEs                 ; Yes        ; |TopLevel|instructionRAM:inst16|ram[96][1]             ;
; 3:1                ; 8 bits    ; 16 LEs        ; 0 LEs                ; 16 LEs                 ; Yes        ; |TopLevel|instructionRAM:inst16|ram[97][7]             ;
; 3:1                ; 8 bits    ; 16 LEs        ; 0 LEs                ; 16 LEs                 ; Yes        ; |TopLevel|instructionRAM:inst16|ram[98][4]             ;
; 3:1                ; 8 bits    ; 16 LEs        ; 0 LEs                ; 16 LEs                 ; Yes        ; |TopLevel|instructionRAM:inst16|ram[99][0]             ;
; 3:1                ; 8 bits    ; 16 LEs        ; 0 LEs                ; 16 LEs                 ; Yes        ; |TopLevel|instructionRAM:inst16|ram[100][3]            ;
; 3:1                ; 8 bits    ; 16 LEs        ; 0 LEs                ; 16 LEs                 ; Yes        ; |TopLevel|instructionRAM:inst16|ram[101][2]            ;
; 3:1                ; 8 bits    ; 16 LEs        ; 0 LEs                ; 16 LEs                 ; Yes        ; |TopLevel|instructionRAM:inst16|ram[102][7]            ;
; 3:1                ; 8 bits    ; 16 LEs        ; 0 LEs                ; 16 LEs                 ; Yes        ; |TopLevel|instructionRAM:inst16|ram[103][3]            ;
; 3:1                ; 8 bits    ; 16 LEs        ; 0 LEs                ; 16 LEs                 ; Yes        ; |TopLevel|instructionRAM:inst16|ram[104][0]            ;
; 3:1                ; 8 bits    ; 16 LEs        ; 0 LEs                ; 16 LEs                 ; Yes        ; |TopLevel|instructionRAM:inst16|ram[105][6]            ;
; 3:1                ; 8 bits    ; 16 LEs        ; 0 LEs                ; 16 LEs                 ; Yes        ; |TopLevel|instructionRAM:inst16|ram[106][2]            ;
; 3:1                ; 8 bits    ; 16 LEs        ; 0 LEs                ; 16 LEs                 ; Yes        ; |TopLevel|instructionRAM:inst16|ram[107][7]            ;
; 3:1                ; 8 bits    ; 16 LEs        ; 0 LEs                ; 16 LEs                 ; Yes        ; |TopLevel|instructionRAM:inst16|ram[108][6]            ;
; 3:1                ; 8 bits    ; 16 LEs        ; 0 LEs                ; 16 LEs                 ; Yes        ; |TopLevel|instructionRAM:inst16|ram[109][5]            ;
; 3:1                ; 8 bits    ; 16 LEs        ; 0 LEs                ; 16 LEs                 ; Yes        ; |TopLevel|instructionRAM:inst16|ram[110][2]            ;
; 3:1                ; 8 bits    ; 16 LEs        ; 0 LEs                ; 16 LEs                 ; Yes        ; |TopLevel|instructionRAM:inst16|ram[111][0]            ;
; 3:1                ; 8 bits    ; 16 LEs        ; 0 LEs                ; 16 LEs                 ; Yes        ; |TopLevel|instructionRAM:inst16|ram[112][0]            ;
; 3:1                ; 8 bits    ; 16 LEs        ; 0 LEs                ; 16 LEs                 ; Yes        ; |TopLevel|instructionRAM:inst16|ram[113][2]            ;
; 3:1                ; 8 bits    ; 16 LEs        ; 0 LEs                ; 16 LEs                 ; Yes        ; |TopLevel|instructionRAM:inst16|ram[114][0]            ;
; 3:1                ; 8 bits    ; 16 LEs        ; 0 LEs                ; 16 LEs                 ; Yes        ; |TopLevel|instructionRAM:inst16|ram[115][2]            ;
; 3:1                ; 8 bits    ; 16 LEs        ; 0 LEs                ; 16 LEs                 ; Yes        ; |TopLevel|instructionRAM:inst16|ram[116][0]            ;
; 3:1                ; 8 bits    ; 16 LEs        ; 0 LEs                ; 16 LEs                 ; Yes        ; |TopLevel|instructionRAM:inst16|ram[117][0]            ;
; 3:1                ; 8 bits    ; 16 LEs        ; 0 LEs                ; 16 LEs                 ; Yes        ; |TopLevel|instructionRAM:inst16|ram[118][6]            ;
; 3:1                ; 8 bits    ; 16 LEs        ; 0 LEs                ; 16 LEs                 ; Yes        ; |TopLevel|instructionRAM:inst16|ram[119][0]            ;
; 3:1                ; 8 bits    ; 16 LEs        ; 0 LEs                ; 16 LEs                 ; Yes        ; |TopLevel|instructionRAM:inst16|ram[120][4]            ;
; 3:1                ; 8 bits    ; 16 LEs        ; 0 LEs                ; 16 LEs                 ; Yes        ; |TopLevel|instructionRAM:inst16|ram[121][0]            ;
; 3:1                ; 8 bits    ; 16 LEs        ; 0 LEs                ; 16 LEs                 ; Yes        ; |TopLevel|instructionRAM:inst16|ram[122][0]            ;
; 3:1                ; 8 bits    ; 16 LEs        ; 0 LEs                ; 16 LEs                 ; Yes        ; |TopLevel|instructionRAM:inst16|ram[123][2]            ;
; 3:1                ; 8 bits    ; 16 LEs        ; 0 LEs                ; 16 LEs                 ; Yes        ; |TopLevel|instructionRAM:inst16|ram[124][7]            ;
; 3:1                ; 8 bits    ; 16 LEs        ; 0 LEs                ; 16 LEs                 ; Yes        ; |TopLevel|instructionRAM:inst16|ram[125][7]            ;
; 3:1                ; 8 bits    ; 16 LEs        ; 0 LEs                ; 16 LEs                 ; Yes        ; |TopLevel|instructionRAM:inst16|ram[126][7]            ;
; 3:1                ; 8 bits    ; 16 LEs        ; 0 LEs                ; 16 LEs                 ; Yes        ; |TopLevel|instructionRAM:inst16|ram[127][2]            ;
; 3:1                ; 8 bits    ; 16 LEs        ; 0 LEs                ; 16 LEs                 ; Yes        ; |TopLevel|instructionRAM:inst16|ram[128][5]            ;
; 3:1                ; 8 bits    ; 16 LEs        ; 0 LEs                ; 16 LEs                 ; Yes        ; |TopLevel|instructionRAM:inst16|ram[129][0]            ;
; 3:1                ; 8 bits    ; 16 LEs        ; 0 LEs                ; 16 LEs                 ; Yes        ; |TopLevel|instructionRAM:inst16|ram[130][5]            ;
; 3:1                ; 8 bits    ; 16 LEs        ; 0 LEs                ; 16 LEs                 ; Yes        ; |TopLevel|instructionRAM:inst16|ram[131][2]            ;
; 3:1                ; 8 bits    ; 16 LEs        ; 0 LEs                ; 16 LEs                 ; Yes        ; |TopLevel|instructionRAM:inst16|ram[132][1]            ;
; 3:1                ; 8 bits    ; 16 LEs        ; 0 LEs                ; 16 LEs                 ; Yes        ; |TopLevel|instructionRAM:inst16|ram[133][1]            ;
; 3:1                ; 8 bits    ; 16 LEs        ; 0 LEs                ; 16 LEs                 ; Yes        ; |TopLevel|instructionRAM:inst16|ram[134][3]            ;
; 3:1                ; 8 bits    ; 16 LEs        ; 0 LEs                ; 16 LEs                 ; Yes        ; |TopLevel|instructionRAM:inst16|ram[135][1]            ;
; 3:1                ; 8 bits    ; 16 LEs        ; 0 LEs                ; 16 LEs                 ; Yes        ; |TopLevel|instructionRAM:inst16|ram[136][4]            ;
; 3:1                ; 8 bits    ; 16 LEs        ; 0 LEs                ; 16 LEs                 ; Yes        ; |TopLevel|instructionRAM:inst16|ram[137][0]            ;
; 3:1                ; 8 bits    ; 16 LEs        ; 0 LEs                ; 16 LEs                 ; Yes        ; |TopLevel|instructionRAM:inst16|ram[138][2]            ;
; 3:1                ; 8 bits    ; 16 LEs        ; 0 LEs                ; 16 LEs                 ; Yes        ; |TopLevel|instructionRAM:inst16|ram[139][2]            ;
; 3:1                ; 8 bits    ; 16 LEs        ; 0 LEs                ; 16 LEs                 ; Yes        ; |TopLevel|instructionRAM:inst16|ram[140][1]            ;
; 3:1                ; 8 bits    ; 16 LEs        ; 0 LEs                ; 16 LEs                 ; Yes        ; |TopLevel|instructionRAM:inst16|ram[141][7]            ;
; 3:1                ; 8 bits    ; 16 LEs        ; 0 LEs                ; 16 LEs                 ; Yes        ; |TopLevel|instructionRAM:inst16|ram[142][7]            ;
; 3:1                ; 8 bits    ; 16 LEs        ; 0 LEs                ; 16 LEs                 ; Yes        ; |TopLevel|instructionRAM:inst16|ram[143][5]            ;
; 3:1                ; 8 bits    ; 16 LEs        ; 0 LEs                ; 16 LEs                 ; Yes        ; |TopLevel|instructionRAM:inst16|ram[144][5]            ;
; 3:1                ; 8 bits    ; 16 LEs        ; 0 LEs                ; 16 LEs                 ; Yes        ; |TopLevel|instructionRAM:inst16|ram[145][0]            ;
; 3:1                ; 8 bits    ; 16 LEs        ; 0 LEs                ; 16 LEs                 ; Yes        ; |TopLevel|instructionRAM:inst16|ram[146][5]            ;
; 3:1                ; 8 bits    ; 16 LEs        ; 0 LEs                ; 16 LEs                 ; Yes        ; |TopLevel|instructionRAM:inst16|ram[147][4]            ;
; 3:1                ; 8 bits    ; 16 LEs        ; 0 LEs                ; 16 LEs                 ; Yes        ; |TopLevel|instructionRAM:inst16|ram[148][6]            ;
; 3:1                ; 8 bits    ; 16 LEs        ; 0 LEs                ; 16 LEs                 ; Yes        ; |TopLevel|instructionRAM:inst16|ram[149][2]            ;
; 3:1                ; 8 bits    ; 16 LEs        ; 0 LEs                ; 16 LEs                 ; Yes        ; |TopLevel|instructionRAM:inst16|ram[150][5]            ;
; 3:1                ; 8 bits    ; 16 LEs        ; 0 LEs                ; 16 LEs                 ; Yes        ; |TopLevel|instructionRAM:inst16|ram[151][4]            ;
; 3:1                ; 8 bits    ; 16 LEs        ; 0 LEs                ; 16 LEs                 ; Yes        ; |TopLevel|instructionRAM:inst16|ram[152][0]            ;
; 3:1                ; 8 bits    ; 16 LEs        ; 0 LEs                ; 16 LEs                 ; Yes        ; |TopLevel|instructionRAM:inst16|ram[153][5]            ;
; 3:1                ; 8 bits    ; 16 LEs        ; 0 LEs                ; 16 LEs                 ; Yes        ; |TopLevel|instructionRAM:inst16|ram[154][2]            ;
; 3:1                ; 8 bits    ; 16 LEs        ; 0 LEs                ; 16 LEs                 ; Yes        ; |TopLevel|instructionRAM:inst16|ram[155][0]            ;
; 3:1                ; 8 bits    ; 16 LEs        ; 0 LEs                ; 16 LEs                 ; Yes        ; |TopLevel|instructionRAM:inst16|ram[156][0]            ;
; 3:1                ; 8 bits    ; 16 LEs        ; 0 LEs                ; 16 LEs                 ; Yes        ; |TopLevel|instructionRAM:inst16|ram[157][2]            ;
; 3:1                ; 8 bits    ; 16 LEs        ; 0 LEs                ; 16 LEs                 ; Yes        ; |TopLevel|instructionRAM:inst16|ram[158][4]            ;
; 3:1                ; 8 bits    ; 16 LEs        ; 0 LEs                ; 16 LEs                 ; Yes        ; |TopLevel|instructionRAM:inst16|ram[159][3]            ;
; 3:1                ; 8 bits    ; 16 LEs        ; 0 LEs                ; 16 LEs                 ; Yes        ; |TopLevel|instructionRAM:inst16|ram[160][2]            ;
; 3:1                ; 8 bits    ; 16 LEs        ; 0 LEs                ; 16 LEs                 ; Yes        ; |TopLevel|instructionRAM:inst16|ram[161][1]            ;
; 3:1                ; 8 bits    ; 16 LEs        ; 0 LEs                ; 16 LEs                 ; Yes        ; |TopLevel|instructionRAM:inst16|ram[162][0]            ;
; 3:1                ; 8 bits    ; 16 LEs        ; 0 LEs                ; 16 LEs                 ; Yes        ; |TopLevel|instructionRAM:inst16|ram[163][4]            ;
; 3:1                ; 8 bits    ; 16 LEs        ; 0 LEs                ; 16 LEs                 ; Yes        ; |TopLevel|instructionRAM:inst16|ram[164][3]            ;
; 3:1                ; 8 bits    ; 16 LEs        ; 0 LEs                ; 16 LEs                 ; Yes        ; |TopLevel|instructionRAM:inst16|ram[165][6]            ;
; 3:1                ; 8 bits    ; 16 LEs        ; 0 LEs                ; 16 LEs                 ; Yes        ; |TopLevel|instructionRAM:inst16|ram[166][7]            ;
; 3:1                ; 8 bits    ; 16 LEs        ; 0 LEs                ; 16 LEs                 ; Yes        ; |TopLevel|instructionRAM:inst16|ram[167][3]            ;
; 3:1                ; 8 bits    ; 16 LEs        ; 0 LEs                ; 16 LEs                 ; Yes        ; |TopLevel|instructionRAM:inst16|ram[168][6]            ;
; 3:1                ; 8 bits    ; 16 LEs        ; 0 LEs                ; 16 LEs                 ; Yes        ; |TopLevel|instructionRAM:inst16|ram[169][1]            ;
; 3:1                ; 8 bits    ; 16 LEs        ; 0 LEs                ; 16 LEs                 ; Yes        ; |TopLevel|instructionRAM:inst16|ram[170][4]            ;
; 3:1                ; 8 bits    ; 16 LEs        ; 0 LEs                ; 16 LEs                 ; Yes        ; |TopLevel|instructionRAM:inst16|ram[171][4]            ;
; 3:1                ; 8 bits    ; 16 LEs        ; 0 LEs                ; 16 LEs                 ; Yes        ; |TopLevel|instructionRAM:inst16|ram[172][1]            ;
; 3:1                ; 8 bits    ; 16 LEs        ; 0 LEs                ; 16 LEs                 ; Yes        ; |TopLevel|instructionRAM:inst16|ram[173][6]            ;
; 3:1                ; 8 bits    ; 16 LEs        ; 0 LEs                ; 16 LEs                 ; Yes        ; |TopLevel|instructionRAM:inst16|ram[174][1]            ;
; 3:1                ; 8 bits    ; 16 LEs        ; 0 LEs                ; 16 LEs                 ; Yes        ; |TopLevel|instructionRAM:inst16|ram[175][6]            ;
; 3:1                ; 8 bits    ; 16 LEs        ; 0 LEs                ; 16 LEs                 ; Yes        ; |TopLevel|instructionRAM:inst16|ram[176][2]            ;
; 3:1                ; 8 bits    ; 16 LEs        ; 0 LEs                ; 16 LEs                 ; Yes        ; |TopLevel|instructionRAM:inst16|ram[177][5]            ;
; 3:1                ; 8 bits    ; 16 LEs        ; 0 LEs                ; 16 LEs                 ; Yes        ; |TopLevel|instructionRAM:inst16|ram[178][5]            ;
; 3:1                ; 8 bits    ; 16 LEs        ; 0 LEs                ; 16 LEs                 ; Yes        ; |TopLevel|instructionRAM:inst16|ram[179][6]            ;
; 3:1                ; 8 bits    ; 16 LEs        ; 0 LEs                ; 16 LEs                 ; Yes        ; |TopLevel|instructionRAM:inst16|ram[180][4]            ;
; 3:1                ; 8 bits    ; 16 LEs        ; 0 LEs                ; 16 LEs                 ; Yes        ; |TopLevel|instructionRAM:inst16|ram[181][0]            ;
; 3:1                ; 8 bits    ; 16 LEs        ; 0 LEs                ; 16 LEs                 ; Yes        ; |TopLevel|instructionRAM:inst16|ram[182][7]            ;
; 3:1                ; 8 bits    ; 16 LEs        ; 0 LEs                ; 16 LEs                 ; Yes        ; |TopLevel|instructionRAM:inst16|ram[183][2]            ;
; 3:1                ; 8 bits    ; 16 LEs        ; 0 LEs                ; 16 LEs                 ; Yes        ; |TopLevel|instructionRAM:inst16|ram[184][6]            ;
; 3:1                ; 8 bits    ; 16 LEs        ; 0 LEs                ; 16 LEs                 ; Yes        ; |TopLevel|instructionRAM:inst16|ram[185][3]            ;
; 3:1                ; 8 bits    ; 16 LEs        ; 0 LEs                ; 16 LEs                 ; Yes        ; |TopLevel|instructionRAM:inst16|ram[186][3]            ;
; 3:1                ; 8 bits    ; 16 LEs        ; 0 LEs                ; 16 LEs                 ; Yes        ; |TopLevel|instructionRAM:inst16|ram[187][2]            ;
; 3:1                ; 8 bits    ; 16 LEs        ; 0 LEs                ; 16 LEs                 ; Yes        ; |TopLevel|instructionRAM:inst16|ram[188][5]            ;
; 3:1                ; 8 bits    ; 16 LEs        ; 0 LEs                ; 16 LEs                 ; Yes        ; |TopLevel|instructionRAM:inst16|ram[189][1]            ;
; 3:1                ; 8 bits    ; 16 LEs        ; 0 LEs                ; 16 LEs                 ; Yes        ; |TopLevel|instructionRAM:inst16|ram[190][1]            ;
; 3:1                ; 8 bits    ; 16 LEs        ; 0 LEs                ; 16 LEs                 ; Yes        ; |TopLevel|instructionRAM:inst16|ram[191][2]            ;
; 3:1                ; 8 bits    ; 16 LEs        ; 0 LEs                ; 16 LEs                 ; Yes        ; |TopLevel|instructionRAM:inst16|ram[192][4]            ;
; 3:1                ; 8 bits    ; 16 LEs        ; 0 LEs                ; 16 LEs                 ; Yes        ; |TopLevel|instructionRAM:inst16|ram[193][1]            ;
; 3:1                ; 8 bits    ; 16 LEs        ; 0 LEs                ; 16 LEs                 ; Yes        ; |TopLevel|instructionRAM:inst16|ram[194][6]            ;
; 3:1                ; 8 bits    ; 16 LEs        ; 0 LEs                ; 16 LEs                 ; Yes        ; |TopLevel|instructionRAM:inst16|ram[195][4]            ;
; 3:1                ; 8 bits    ; 16 LEs        ; 0 LEs                ; 16 LEs                 ; Yes        ; |TopLevel|instructionRAM:inst16|ram[196][7]            ;
; 3:1                ; 8 bits    ; 16 LEs        ; 0 LEs                ; 16 LEs                 ; Yes        ; |TopLevel|instructionRAM:inst16|ram[197][7]            ;
; 3:1                ; 8 bits    ; 16 LEs        ; 0 LEs                ; 16 LEs                 ; Yes        ; |TopLevel|instructionRAM:inst16|ram[198][6]            ;
; 3:1                ; 8 bits    ; 16 LEs        ; 0 LEs                ; 16 LEs                 ; Yes        ; |TopLevel|instructionRAM:inst16|ram[199][2]            ;
; 3:1                ; 8 bits    ; 16 LEs        ; 0 LEs                ; 16 LEs                 ; Yes        ; |TopLevel|instructionRAM:inst16|ram[200][0]            ;
; 3:1                ; 8 bits    ; 16 LEs        ; 0 LEs                ; 16 LEs                 ; Yes        ; |TopLevel|instructionRAM:inst16|ram[201][1]            ;
; 3:1                ; 8 bits    ; 16 LEs        ; 0 LEs                ; 16 LEs                 ; Yes        ; |TopLevel|instructionRAM:inst16|ram[202][6]            ;
; 3:1                ; 8 bits    ; 16 LEs        ; 0 LEs                ; 16 LEs                 ; Yes        ; |TopLevel|instructionRAM:inst16|ram[203][3]            ;
; 3:1                ; 8 bits    ; 16 LEs        ; 0 LEs                ; 16 LEs                 ; Yes        ; |TopLevel|instructionRAM:inst16|ram[204][1]            ;
; 3:1                ; 8 bits    ; 16 LEs        ; 0 LEs                ; 16 LEs                 ; Yes        ; |TopLevel|instructionRAM:inst16|ram[205][1]            ;
; 3:1                ; 8 bits    ; 16 LEs        ; 0 LEs                ; 16 LEs                 ; Yes        ; |TopLevel|instructionRAM:inst16|ram[206][6]            ;
; 3:1                ; 8 bits    ; 16 LEs        ; 0 LEs                ; 16 LEs                 ; Yes        ; |TopLevel|instructionRAM:inst16|ram[207][7]            ;
; 3:1                ; 8 bits    ; 16 LEs        ; 0 LEs                ; 16 LEs                 ; Yes        ; |TopLevel|instructionRAM:inst16|ram[208][5]            ;
; 3:1                ; 8 bits    ; 16 LEs        ; 0 LEs                ; 16 LEs                 ; Yes        ; |TopLevel|instructionRAM:inst16|ram[209][5]            ;
; 3:1                ; 8 bits    ; 16 LEs        ; 0 LEs                ; 16 LEs                 ; Yes        ; |TopLevel|instructionRAM:inst16|ram[210][0]            ;
; 3:1                ; 8 bits    ; 16 LEs        ; 0 LEs                ; 16 LEs                 ; Yes        ; |TopLevel|instructionRAM:inst16|ram[211][3]            ;
; 3:1                ; 8 bits    ; 16 LEs        ; 0 LEs                ; 16 LEs                 ; Yes        ; |TopLevel|instructionRAM:inst16|ram[212][0]            ;
; 3:1                ; 8 bits    ; 16 LEs        ; 0 LEs                ; 16 LEs                 ; Yes        ; |TopLevel|instructionRAM:inst16|ram[213][1]            ;
; 3:1                ; 8 bits    ; 16 LEs        ; 0 LEs                ; 16 LEs                 ; Yes        ; |TopLevel|instructionRAM:inst16|ram[214][7]            ;
; 3:1                ; 8 bits    ; 16 LEs        ; 0 LEs                ; 16 LEs                 ; Yes        ; |TopLevel|instructionRAM:inst16|ram[215][0]            ;
; 3:1                ; 8 bits    ; 16 LEs        ; 0 LEs                ; 16 LEs                 ; Yes        ; |TopLevel|instructionRAM:inst16|ram[216][0]            ;
; 3:1                ; 8 bits    ; 16 LEs        ; 0 LEs                ; 16 LEs                 ; Yes        ; |TopLevel|instructionRAM:inst16|ram[217][3]            ;
; 3:1                ; 8 bits    ; 16 LEs        ; 0 LEs                ; 16 LEs                 ; Yes        ; |TopLevel|instructionRAM:inst16|ram[218][4]            ;
; 3:1                ; 8 bits    ; 16 LEs        ; 0 LEs                ; 16 LEs                 ; Yes        ; |TopLevel|instructionRAM:inst16|ram[219][2]            ;
; 3:1                ; 8 bits    ; 16 LEs        ; 0 LEs                ; 16 LEs                 ; Yes        ; |TopLevel|instructionRAM:inst16|ram[220][2]            ;
; 3:1                ; 8 bits    ; 16 LEs        ; 0 LEs                ; 16 LEs                 ; Yes        ; |TopLevel|instructionRAM:inst16|ram[221][0]            ;
; 3:1                ; 8 bits    ; 16 LEs        ; 0 LEs                ; 16 LEs                 ; Yes        ; |TopLevel|instructionRAM:inst16|ram[222][5]            ;
; 3:1                ; 8 bits    ; 16 LEs        ; 0 LEs                ; 16 LEs                 ; Yes        ; |TopLevel|instructionRAM:inst16|ram[223][2]            ;
; 3:1                ; 8 bits    ; 16 LEs        ; 0 LEs                ; 16 LEs                 ; Yes        ; |TopLevel|instructionRAM:inst16|ram[224][6]            ;
; 3:1                ; 8 bits    ; 16 LEs        ; 0 LEs                ; 16 LEs                 ; Yes        ; |TopLevel|instructionRAM:inst16|ram[225][5]            ;
; 3:1                ; 8 bits    ; 16 LEs        ; 0 LEs                ; 16 LEs                 ; Yes        ; |TopLevel|instructionRAM:inst16|ram[226][2]            ;
; 3:1                ; 8 bits    ; 16 LEs        ; 0 LEs                ; 16 LEs                 ; Yes        ; |TopLevel|instructionRAM:inst16|ram[227][2]            ;
; 3:1                ; 8 bits    ; 16 LEs        ; 0 LEs                ; 16 LEs                 ; Yes        ; |TopLevel|instructionRAM:inst16|ram[228][4]            ;
; 3:1                ; 8 bits    ; 16 LEs        ; 0 LEs                ; 16 LEs                 ; Yes        ; |TopLevel|instructionRAM:inst16|ram[229][2]            ;
; 3:1                ; 8 bits    ; 16 LEs        ; 0 LEs                ; 16 LEs                 ; Yes        ; |TopLevel|instructionRAM:inst16|ram[230][2]            ;
; 3:1                ; 8 bits    ; 16 LEs        ; 0 LEs                ; 16 LEs                 ; Yes        ; |TopLevel|instructionRAM:inst16|ram[231][6]            ;
; 3:1                ; 8 bits    ; 16 LEs        ; 0 LEs                ; 16 LEs                 ; Yes        ; |TopLevel|instructionRAM:inst16|ram[232][7]            ;
; 3:1                ; 8 bits    ; 16 LEs        ; 0 LEs                ; 16 LEs                 ; Yes        ; |TopLevel|instructionRAM:inst16|ram[233][1]            ;
; 3:1                ; 8 bits    ; 16 LEs        ; 0 LEs                ; 16 LEs                 ; Yes        ; |TopLevel|instructionRAM:inst16|ram[234][4]            ;
; 3:1                ; 8 bits    ; 16 LEs        ; 0 LEs                ; 16 LEs                 ; Yes        ; |TopLevel|instructionRAM:inst16|ram[235][3]            ;
; 3:1                ; 8 bits    ; 16 LEs        ; 0 LEs                ; 16 LEs                 ; Yes        ; |TopLevel|instructionRAM:inst16|ram[236][3]            ;
; 3:1                ; 8 bits    ; 16 LEs        ; 0 LEs                ; 16 LEs                 ; Yes        ; |TopLevel|instructionRAM:inst16|ram[237][4]            ;
; 3:1                ; 8 bits    ; 16 LEs        ; 0 LEs                ; 16 LEs                 ; Yes        ; |TopLevel|instructionRAM:inst16|ram[238][3]            ;
; 3:1                ; 8 bits    ; 16 LEs        ; 0 LEs                ; 16 LEs                 ; Yes        ; |TopLevel|instructionRAM:inst16|ram[239][4]            ;
; 3:1                ; 8 bits    ; 16 LEs        ; 0 LEs                ; 16 LEs                 ; Yes        ; |TopLevel|instructionRAM:inst16|ram[240][7]            ;
; 3:1                ; 8 bits    ; 16 LEs        ; 0 LEs                ; 16 LEs                 ; Yes        ; |TopLevel|instructionRAM:inst16|ram[241][6]            ;
; 3:1                ; 8 bits    ; 16 LEs        ; 0 LEs                ; 16 LEs                 ; Yes        ; |TopLevel|instructionRAM:inst16|ram[242][5]            ;
; 3:1                ; 8 bits    ; 16 LEs        ; 0 LEs                ; 16 LEs                 ; Yes        ; |TopLevel|instructionRAM:inst16|ram[243][0]            ;
; 3:1                ; 8 bits    ; 16 LEs        ; 0 LEs                ; 16 LEs                 ; Yes        ; |TopLevel|instructionRAM:inst16|ram[244][3]            ;
; 3:1                ; 8 bits    ; 16 LEs        ; 0 LEs                ; 16 LEs                 ; Yes        ; |TopLevel|instructionRAM:inst16|ram[245][2]            ;
; 3:1                ; 8 bits    ; 16 LEs        ; 0 LEs                ; 16 LEs                 ; Yes        ; |TopLevel|instructionRAM:inst16|ram[246][2]            ;
; 3:1                ; 8 bits    ; 16 LEs        ; 0 LEs                ; 16 LEs                 ; Yes        ; |TopLevel|instructionRAM:inst16|ram[247][6]            ;
; 3:1                ; 8 bits    ; 16 LEs        ; 0 LEs                ; 16 LEs                 ; Yes        ; |TopLevel|instructionRAM:inst16|ram[248][3]            ;
; 3:1                ; 8 bits    ; 16 LEs        ; 0 LEs                ; 16 LEs                 ; Yes        ; |TopLevel|instructionRAM:inst16|ram[249][4]            ;
; 3:1                ; 8 bits    ; 16 LEs        ; 0 LEs                ; 16 LEs                 ; Yes        ; |TopLevel|instructionRAM:inst16|ram[250][2]            ;
; 3:1                ; 8 bits    ; 16 LEs        ; 0 LEs                ; 16 LEs                 ; Yes        ; |TopLevel|instructionRAM:inst16|ram[251][2]            ;
; 3:1                ; 8 bits    ; 16 LEs        ; 0 LEs                ; 16 LEs                 ; Yes        ; |TopLevel|instructionRAM:inst16|ram[252][6]            ;
; 3:1                ; 8 bits    ; 16 LEs        ; 0 LEs                ; 16 LEs                 ; Yes        ; |TopLevel|instructionRAM:inst16|ram[253][4]            ;
; 3:1                ; 8 bits    ; 16 LEs        ; 0 LEs                ; 16 LEs                 ; Yes        ; |TopLevel|instructionRAM:inst16|ram[254][4]            ;
; 3:1                ; 8 bits    ; 16 LEs        ; 0 LEs                ; 16 LEs                 ; Yes        ; |TopLevel|instructionRAM:inst16|ram[255][7]            ;
; 3:1                ; 8 bits    ; 16 LEs        ; 0 LEs                ; 16 LEs                 ; Yes        ; |TopLevel|UART:inst|uart_controller:inst1|shift_reg[3] ;
; 4:1                ; 8 bits    ; 16 LEs        ; 0 LEs                ; 16 LEs                 ; Yes        ; |TopLevel|instructionRAM:inst16|addressREAD_reg[3]     ;
; 4:1                ; 8 bits    ; 16 LEs        ; 0 LEs                ; 16 LEs                 ; Yes        ; |TopLevel|instructionRAM:inst16|addressDEBUG_reg[0]    ;
; 4:1                ; 8 bits    ; 16 LEs        ; 0 LEs                ; 16 LEs                 ; Yes        ; |TopLevel|instructionRAM:inst16|addressWRITE_reg[7]    ;
; 4:1                ; 6 bits    ; 12 LEs        ; 12 LEs               ; 0 LEs                  ; Yes        ; |TopLevel|UART:inst|uart_clk_divN:inst|counter_reg[3]  ;
; 4:1                ; 19 bits   ; 38 LEs        ; 0 LEs                ; 38 LEs                 ; Yes        ; |TopLevel|UART:inst|uart_clk_divN:inst|counter_reg[8]  ;
; 6:1                ; 25 bits   ; 100 LEs       ; 0 LEs                ; 100 LEs                ; Yes        ; |TopLevel|debouncer:inst8|counter_reg[10]              ;
; 29:1               ; 8 bits    ; 152 LEs       ; 112 LEs              ; 40 LEs                 ; Yes        ; |TopLevel|instructionRAM:inst16|data_out[2]            ;
; 4:1                ; 24 bits   ; 48 LEs        ; 48 LEs               ; 0 LEs                  ; No         ; |TopLevel|instructionRAM:inst16|Mux7                   ;
; 4:1                ; 24 bits   ; 48 LEs        ; 48 LEs               ; 0 LEs                  ; No         ; |TopLevel|instructionRAM:inst16|Mux23                  ;
; 6:1                ; 3 bits    ; 12 LEs        ; 6 LEs                ; 6 LEs                  ; No         ; |TopLevel|debouncer:inst8|Selector1                    ;
; 13:1               ; 8 bits    ; 64 LEs        ; 64 LEs               ; 0 LEs                  ; No         ; |TopLevel|instructionRAM:inst16|Mux12                  ;
; 13:1               ; 8 bits    ; 64 LEs        ; 64 LEs               ; 0 LEs                  ; No         ; |TopLevel|instructionRAM:inst16|Mux28                  ;
; 16:1               ; 24 bits   ; 240 LEs       ; 240 LEs              ; 0 LEs                  ; No         ; |TopLevel|instructionRAM:inst16|Mux7                   ;
; 16:1               ; 24 bits   ; 240 LEs       ; 240 LEs              ; 0 LEs                  ; No         ; |TopLevel|instructionRAM:inst16|Mux22                  ;
; 64:1               ; 24 bits   ; 1008 LEs      ; 1008 LEs             ; 0 LEs                  ; No         ; |TopLevel|instructionRAM:inst16|Mux1                   ;
; 64:1               ; 24 bits   ; 1008 LEs      ; 1008 LEs             ; 0 LEs                  ; No         ; |TopLevel|instructionRAM:inst16|Mux19                  ;
+--------------------+-----------+---------------+----------------------+------------------------+------------+--------------------------------------------------------+


+-----------------------------------------------------------+
; Parameter Settings for User Entity Instance: d_ffN:inst13 ;
+----------------+-------+----------------------------------+
; Parameter Name ; Value ; Type                             ;
+----------------+-------+----------------------------------+
; N              ; 8     ; Signed Integer                   ;
+----------------+-------+----------------------------------+
Note: In order to hide this table in the UI and the text report file, please set the "Show Parameter Settings in Synthesis Report" option in "Analysis and Synthesis Settings -> More Settings" to "Off".


+-----------------------------------------------------------+
; Parameter Settings for User Entity Instance: d_ffN:inst12 ;
+----------------+-------+----------------------------------+
; Parameter Name ; Value ; Type                             ;
+----------------+-------+----------------------------------+
; N              ; 8     ; Signed Integer                   ;
+----------------+-------+----------------------------------+
Note: In order to hide this table in the UI and the text report file, please set the "Show Parameter Settings in Synthesis Report" option in "Analysis and Synthesis Settings -> More Settings" to "Off".


+---------------------------------------------------------------------------+
; Parameter Settings for User Entity Instance: UART:inst|uart_clk_divN:inst ;
+----------------+-------+--------------------------------------------------+
; Parameter Name ; Value ; Type                                             ;
+----------------+-------+--------------------------------------------------+
; baud           ; 9600  ; Signed Integer                                   ;
+----------------+-------+--------------------------------------------------+
Note: In order to hide this table in the UI and the text report file, please set the "Show Parameter Settings in Synthesis Report" option in "Analysis and Synthesis Settings -> More Settings" to "Off".


+--------------------------------------------------------------------+
; Parameter Settings for User Entity Instance: instructionRAM:inst16 ;
+----------------+-------+-------------------------------------------+
; Parameter Name ; Value ; Type                                      ;
+----------------+-------+-------------------------------------------+
; DATA_WIDTH     ; 8     ; Signed Integer                            ;
; MAX_ADDRESS    ; 255   ; Signed Integer                            ;
; READ_FREQUENCY ; 2     ; Signed Integer                            ;
+----------------+-------+-------------------------------------------+
Note: In order to hide this table in the UI and the text report file, please set the "Show Parameter Settings in Synthesis Report" option in "Analysis and Synthesis Settings -> More Settings" to "Off".


+-----------------------------------------------------+
; Post-Synthesis Netlist Statistics for Top Partition ;
+-----------------------+-----------------------------+
; Type                  ; Count                       ;
+-----------------------+-----------------------------+
; arriav_ff             ; 2220                        ;
;     CLR               ; 17                          ;
;     ENA               ; 6                           ;
;     ENA CLR SCLR      ; 33                          ;
;     ENA SCLR          ; 2121                        ;
;     SCLR              ; 20                          ;
;     plain             ; 23                          ;
; arriav_lcell_comb     ; 1982                        ;
;     arith             ; 99                          ;
;         1 data inputs ; 99                          ;
;     extend            ; 2                           ;
;         7 data inputs ; 2                           ;
;     normal            ; 1881                        ;
;         1 data inputs ; 4                           ;
;         2 data inputs ; 84                          ;
;         3 data inputs ; 18                          ;
;         4 data inputs ; 59                          ;
;         5 data inputs ; 70                          ;
;         6 data inputs ; 1646                        ;
; boundary_port         ; 38                          ;
;                       ;                             ;
; Max LUT depth         ; 6.00                        ;
; Average LUT depth     ; 5.38                        ;
+-----------------------+-----------------------------+


+-------------------------------+
; Elapsed Time Per Partition    ;
+----------------+--------------+
; Partition Name ; Elapsed Time ;
+----------------+--------------+
; Top            ; 00:00:02     ;
+----------------+--------------+


+-------------------------------+
; Analysis & Synthesis Messages ;
+-------------------------------+
Info: *******************************************************************
Info: Running Quartus Prime Analysis & Synthesis
    Info: Version 20.1.1 Build 720 11/11/2020 SJ Lite Edition
    Info: Processing started: Sat Feb 17 04:52:25 2024
Info: Command: quartus_map --read_settings_files=on --write_settings_files=off uartt -c uartt
Warning (18236): Number of processors has not been specified which may cause overloading on shared machines.  Set the global assignment NUM_PARALLEL_PROCESSORS in your QSF to an appropriate value for best performance.
Info (20030): Parallel compilation is enabled and will use 16 of the 16 processors detected
Info (12021): Found 1 design units, including 1 entities, in source file sv files/instructionram.sv
    Info (12023): Found entity 1: instructionRAM File: C:/Users/minec/Desktop/Work/GitHub Repos/PROJ300/Firmware/UART/sv files/instructionRAM.sv Line: 1
Info (12021): Found 1 design units, including 1 entities, in source file sv files/d_ffn.sv
    Info (12023): Found entity 1: d_ffN File: C:/Users/minec/Desktop/Work/GitHub Repos/PROJ300/Firmware/UART/sv files/d_ffN.sv Line: 1
Info (12021): Found 1 design units, including 1 entities, in source file sv files/debug_address_countern.sv
    Info (12023): Found entity 1: debug_address_counterN File: C:/Users/minec/Desktop/Work/GitHub Repos/PROJ300/Firmware/UART/sv files/debug_address_counterN.sv Line: 1
Info (12021): Found 1 design units, including 1 entities, in source file sv files/fine_clk_divn.sv
    Info (12023): Found entity 1: fine_clk_divN File: C:/Users/minec/Desktop/Work/GitHub Repos/PROJ300/Firmware/UART/sv files/fine_clk_divN.sv Line: 1
Info (12021): Found 1 design units, including 1 entities, in source file sv files/pulse_gen.sv
    Info (12023): Found entity 1: pulse_gen File: C:/Users/minec/Desktop/Work/GitHub Repos/PROJ300/Firmware/UART/sv files/pulse_gen.sv Line: 1
Info (12021): Found 1 design units, including 1 entities, in source file sv files/debouncer.sv
    Info (12023): Found entity 1: debouncer File: C:/Users/minec/Desktop/Work/GitHub Repos/PROJ300/Firmware/UART/sv files/debouncer.sv Line: 1
Info (12021): Found 1 design units, including 1 entities, in source file sv files/seven_seg_controller.sv
    Info (12023): Found entity 1: seven_seg_controller File: C:/Users/minec/Desktop/Work/GitHub Repos/PROJ300/Firmware/UART/sv files/seven_seg_controller.sv Line: 1
Info (12021): Found 1 design units, including 1 entities, in source file sv files/bsy_detector.sv
    Info (12023): Found entity 1: bsy_detector File: C:/Users/minec/Desktop/Work/GitHub Repos/PROJ300/Firmware/UART/sv files/bsy_detector.sv Line: 1
Info (12021): Found 1 design units, including 1 entities, in source file sv files/uart_controller.sv
    Info (12023): Found entity 1: uart_controller File: C:/Users/minec/Desktop/Work/GitHub Repos/PROJ300/Firmware/UART/sv files/uart_controller.sv Line: 1
Info (12021): Found 1 design units, including 1 entities, in source file sv files/uart_clk_divn.sv
    Info (12023): Found entity 1: uart_clk_divN File: C:/Users/minec/Desktop/Work/GitHub Repos/PROJ300/Firmware/UART/sv files/uart_clk_divN.sv Line: 1
Info (12021): Found 1 design units, including 1 entities, in source file uart.bdf
    Info (12023): Found entity 1: UART
Info (12021): Found 1 design units, including 1 entities, in source file output_files/toplevel.bdf
    Info (12023): Found entity 1: TopLevel
Warning (10222): Verilog HDL Parameter Declaration warning at fine_clk_divN.sv(18): Parameter Declaration in module "fine_clk_divN" behaves as a Local Parameter Declaration because the module has a Module Parameter Port List File: C:/Users/minec/Desktop/Work/GitHub Repos/PROJ300/Firmware/UART/sv files/fine_clk_divN.sv Line: 18
Warning (10222): Verilog HDL Parameter Declaration warning at uart_clk_divN.sv(18): Parameter Declaration in module "uart_clk_divN" behaves as a Local Parameter Declaration because the module has a Module Parameter Port List File: C:/Users/minec/Desktop/Work/GitHub Repos/PROJ300/Firmware/UART/sv files/uart_clk_divN.sv Line: 18
Info (12127): Elaborating entity "TopLevel" for the top level hierarchy
Warning (275085): Found inconsistent dimensions for element "data"
Warning (275085): Found inconsistent dimensions for element "data"
Warning (275080): Converted elements in bus name "data" using legacy naming rules. Make any assignments on the new names, not on the original names.
    Warning (275081): Converted element name(s) from "data[7..0]" to "data7..0"
    Warning (275081): Converted element name(s) from "data[7..0]" to "data7..0"
    Warning (275081): Converted element name(s) from "data[7..0]" to "data7..0"
Info (12128): Elaborating entity "debouncer" for hierarchy "debouncer:inst8"
Warning (10230): Verilog HDL assignment warning at debouncer.sv(48): truncated value with size 32 to match size of target (25) File: C:/Users/minec/Desktop/Work/GitHub Repos/PROJ300/Firmware/UART/sv files/debouncer.sv Line: 48
Warning (10230): Verilog HDL assignment warning at debouncer.sv(75): truncated value with size 32 to match size of target (25) File: C:/Users/minec/Desktop/Work/GitHub Repos/PROJ300/Firmware/UART/sv files/debouncer.sv Line: 75
Info (12128): Elaborating entity "seven_seg_controller" for hierarchy "seven_seg_controller:inst3"
Info (12128): Elaborating entity "d_ffN" for hierarchy "d_ffN:inst13"
Info (12128): Elaborating entity "UART" for hierarchy "UART:inst"
Warning (275085): Found inconsistent dimensions for element "data"
Warning (275085): Found inconsistent dimensions for element "data"
Warning (275085): Found inconsistent dimensions for element "data"
Warning (275080): Converted elements in bus name "data" using legacy naming rules. Make any assignments on the new names, not on the original names.
    Warning (275081): Converted element name(s) from "data[7..0]" to "data7..0"
    Warning (275081): Converted element name(s) from "data[7..0]" to "data7..0"
Info (12128): Elaborating entity "bsy_detector" for hierarchy "UART:inst|bsy_detector:inst2"
Info (12128): Elaborating entity "uart_controller" for hierarchy "UART:inst|uart_controller:inst1"
Warning (10230): Verilog HDL assignment warning at uart_controller.sv(35): truncated value with size 32 to match size of target (4) File: C:/Users/minec/Desktop/Work/GitHub Repos/PROJ300/Firmware/UART/sv files/uart_controller.sv Line: 35
Info (12128): Elaborating entity "uart_clk_divN" for hierarchy "UART:inst|uart_clk_divN:inst"
Warning (10230): Verilog HDL assignment warning at uart_clk_divN.sv(19): truncated value with size 32 to match size of target (25) File: C:/Users/minec/Desktop/Work/GitHub Repos/PROJ300/Firmware/UART/sv files/uart_clk_divN.sv Line: 19
Warning (10230): Verilog HDL assignment warning at uart_clk_divN.sv(29): truncated value with size 32 to match size of target (25) File: C:/Users/minec/Desktop/Work/GitHub Repos/PROJ300/Firmware/UART/sv files/uart_clk_divN.sv Line: 29
Warning (10230): Verilog HDL assignment warning at uart_clk_divN.sv(68): truncated value with size 32 to match size of target (25) File: C:/Users/minec/Desktop/Work/GitHub Repos/PROJ300/Firmware/UART/sv files/uart_clk_divN.sv Line: 68
Warning (10230): Verilog HDL assignment warning at uart_clk_divN.sv(86): truncated value with size 32 to match size of target (25) File: C:/Users/minec/Desktop/Work/GitHub Repos/PROJ300/Firmware/UART/sv files/uart_clk_divN.sv Line: 86
Info (12128): Elaborating entity "instructionRAM" for hierarchy "instructionRAM:inst16"
Warning (10230): Verilog HDL assignment warning at instructionRAM.sv(80): truncated value with size 32 to match size of target (25) File: C:/Users/minec/Desktop/Work/GitHub Repos/PROJ300/Firmware/UART/sv files/instructionRAM.sv Line: 80
Warning (10230): Verilog HDL assignment warning at instructionRAM.sv(115): truncated value with size 32 to match size of target (8) File: C:/Users/minec/Desktop/Work/GitHub Repos/PROJ300/Firmware/UART/sv files/instructionRAM.sv Line: 115
Warning (10230): Verilog HDL assignment warning at instructionRAM.sv(153): truncated value with size 32 to match size of target (8) File: C:/Users/minec/Desktop/Work/GitHub Repos/PROJ300/Firmware/UART/sv files/instructionRAM.sv Line: 153
Warning (10230): Verilog HDL assignment warning at instructionRAM.sv(182): truncated value with size 32 to match size of target (8) File: C:/Users/minec/Desktop/Work/GitHub Repos/PROJ300/Firmware/UART/sv files/instructionRAM.sv Line: 182
Info (286030): Timing-Driven Synthesis is running
Info (16010): Generating hard_block partition "hard_block:auto_generated_inst"
    Info (16011): Adding 0 node(s), including 0 DDIO, 0 PLL, 0 transceiver and 0 LCELL
Info (21057): Implemented 4100 device resources after synthesis - the final resource count might be different
    Info (21058): Implemented 6 input pins
    Info (21059): Implemented 32 output pins
    Info (21061): Implemented 4062 logic cells
Info: Quartus Prime Analysis & Synthesis was successful. 0 errors, 26 warnings
    Info: Peak virtual memory: 4928 megabytes
    Info: Processing ended: Sat Feb 17 04:52:38 2024
    Info: Elapsed time: 00:00:13
    Info: Total CPU time (on all processors): 00:00:10


