Analysis & Synthesis report for WS2812BCONTROLLER
Fri Apr 19 16:16:43 2024
Quartus Prime Version 23.1std.0 Build 991 11/28/2023 SC Lite Edition


---------------------
; Table of Contents ;
---------------------
  1. Legal Notice
  2. Analysis & Synthesis Summary
  3. Analysis & Synthesis Settings
  4. Parallel Compilation
  5. Analysis & Synthesis Source Files Read
  6. Analysis & Synthesis Resource Usage Summary
  7. Analysis & Synthesis Resource Utilization by Entity
  8. Registers Removed During Synthesis
  9. Removed Registers Triggering Further Register Optimizations
 10. General Register Statistics
 11. Inverted Register Statistics
 12. Multiplexer Restructuring Statistics (Restructuring Performed)
 13. Parameter Settings for User Entity Instance: WS2812B_controller:inst
 14. Parameter Settings for User Entity Instance: LPM_CONSTANT:inst2
 15. Post-Synthesis Netlist Statistics for Top Partition
 16. Elapsed Time Per Partition
 17. Analysis & Synthesis Messages



----------------
; Legal Notice ;
----------------
Copyright (C) 2023  Intel Corporation. All rights reserved.
Your use of Intel Corporation's design tools, logic functions 
and other software and tools, and any partner logic 
functions, and any output files from any of the foregoing 
(including device programming or simulation files), and any 
associated documentation or information are expressly subject 
to the terms and conditions of the Intel Program License 
Subscription Agreement, the Intel Quartus Prime License Agreement,
the Intel FPGA IP License Agreement, or other applicable license
agreement, including, without limitation, that your use is for
the sole purpose of programming logic devices manufactured by
Intel and sold by Intel or its authorized distributors.  Please
refer to the applicable agreement for further details, at
https://fpgasoftware.intel.com/eula.



+----------------------------------------------------------------------------------+
; Analysis & Synthesis Summary                                                     ;
+---------------------------------+------------------------------------------------+
; Analysis & Synthesis Status     ; Successful - Fri Apr 19 16:16:43 2024          ;
; Quartus Prime Version           ; 23.1std.0 Build 991 11/28/2023 SC Lite Edition ;
; Revision Name                   ; WS2812BCONTROLLER                              ;
; Top-level Entity Name           ; WS2812BCONTROLLER                              ;
; Family                          ; Cyclone V                                      ;
; Logic utilization (in ALMs)     ; N/A                                            ;
; Total registers                 ; 54                                             ;
; Total pins                      ; 3                                              ;
; Total virtual pins              ; 0                                              ;
; Total block memory bits         ; 0                                              ;
; Total DSP Blocks                ; 0                                              ;
; Total HSSI RX PCSs              ; 0                                              ;
; Total HSSI PMA RX Deserializers ; 0                                              ;
; Total HSSI TX PCSs              ; 0                                              ;
; Total HSSI PMA TX Serializers   ; 0                                              ;
; Total PLLs                      ; 0                                              ;
; Total DLLs                      ; 0                                              ;
+---------------------------------+------------------------------------------------+


+---------------------------------------------------------------------------------------------------------------------------+
; Analysis & Synthesis Settings                                                                                             ;
+---------------------------------------------------------------------------------+--------------------+--------------------+
; Option                                                                          ; Setting            ; Default Value      ;
+---------------------------------------------------------------------------------+--------------------+--------------------+
; Device                                                                          ; 5CEBA4F23C7        ;                    ;
; Top-level entity name                                                           ; WS2812BCONTROLLER  ; WS2812BCONTROLLER  ;
; Family name                                                                     ; Cyclone V          ; Cyclone V          ;
; Use smart compilation                                                           ; Off                ; Off                ;
; Enable parallel Assembler and Timing Analyzer during compilation                ; On                 ; On                 ;
; Enable compact report table                                                     ; Off                ; Off                ;
; Restructure Multiplexers                                                        ; Auto               ; Auto               ;
; MLAB Add Timing Constraints For Mixed-Port Feed-Through Mode Setting Don't Care ; Off                ; Off                ;
; Create Debugging Nodes for IP Cores                                             ; Off                ; Off                ;
; Preserve fewer node names                                                       ; On                 ; On                 ;
; Intel FPGA IP Evaluation Mode                                                   ; Enable             ; Enable             ;
; Verilog Version                                                                 ; Verilog_2001       ; Verilog_2001       ;
; VHDL Version                                                                    ; VHDL_1993          ; VHDL_1993          ;
; State Machine Processing                                                        ; Auto               ; Auto               ;
; Safe State Machine                                                              ; Off                ; Off                ;
; Extract Verilog State Machines                                                  ; On                 ; On                 ;
; Extract VHDL State Machines                                                     ; On                 ; On                 ;
; Ignore Verilog initial constructs                                               ; Off                ; Off                ;
; Iteration limit for constant Verilog loops                                      ; 5000               ; 5000               ;
; Iteration limit for non-constant Verilog loops                                  ; 250                ; 250                ;
; Add Pass-Through Logic to Inferred RAMs                                         ; On                 ; On                 ;
; Infer RAMs from Raw Logic                                                       ; On                 ; On                 ;
; Parallel Synthesis                                                              ; On                 ; On                 ;
; DSP Block Balancing                                                             ; Auto               ; Auto               ;
; NOT Gate Push-Back                                                              ; On                 ; On                 ;
; Power-Up Don't Care                                                             ; On                 ; On                 ;
; Remove Redundant Logic Cells                                                    ; Off                ; Off                ;
; Remove Duplicate Registers                                                      ; On                 ; On                 ;
; Ignore CARRY Buffers                                                            ; Off                ; Off                ;
; Ignore CASCADE Buffers                                                          ; Off                ; Off                ;
; Ignore GLOBAL Buffers                                                           ; Off                ; Off                ;
; Ignore ROW GLOBAL Buffers                                                       ; Off                ; Off                ;
; Ignore LCELL Buffers                                                            ; Off                ; Off                ;
; Ignore SOFT Buffers                                                             ; On                 ; On                 ;
; Limit AHDL Integers to 32 Bits                                                  ; Off                ; Off                ;
; Optimization Technique                                                          ; Balanced           ; Balanced           ;
; Carry Chain Length                                                              ; 70                 ; 70                 ;
; Auto Carry Chains                                                               ; On                 ; On                 ;
; Auto Open-Drain Pins                                                            ; On                 ; On                 ;
; Perform WYSIWYG Primitive Resynthesis                                           ; Off                ; Off                ;
; Auto ROM Replacement                                                            ; On                 ; On                 ;
; Auto RAM Replacement                                                            ; On                 ; On                 ;
; Auto DSP Block Replacement                                                      ; On                 ; On                 ;
; Auto Shift Register Replacement                                                 ; Auto               ; Auto               ;
; Allow Shift Register Merging across Hierarchies                                 ; Auto               ; Auto               ;
; Auto Clock Enable Replacement                                                   ; On                 ; On                 ;
; Strict RAM Replacement                                                          ; Off                ; Off                ;
; Allow Synchronous Control Signals                                               ; On                 ; On                 ;
; Force Use of Synchronous Clear Signals                                          ; Off                ; Off                ;
; Auto Resource Sharing                                                           ; Off                ; Off                ;
; Allow Any RAM Size For Recognition                                              ; Off                ; Off                ;
; Allow Any ROM Size For Recognition                                              ; Off                ; Off                ;
; Allow Any Shift Register Size For Recognition                                   ; Off                ; Off                ;
; Use LogicLock Constraints during Resource Balancing                             ; On                 ; On                 ;
; Ignore translate_off and synthesis_off directives                               ; Off                ; Off                ;
; Timing-Driven Synthesis                                                         ; On                 ; On                 ;
; Report Parameter Settings                                                       ; On                 ; On                 ;
; Report Source Assignments                                                       ; On                 ; On                 ;
; Report Connectivity Checks                                                      ; On                 ; On                 ;
; Ignore Maximum Fan-Out Assignments                                              ; Off                ; Off                ;
; Synchronization Register Chain Length                                           ; 3                  ; 3                  ;
; Power Optimization During Synthesis                                             ; Normal compilation ; Normal compilation ;
; HDL message level                                                               ; Level2             ; Level2             ;
; Suppress Register Optimization Related Messages                                 ; Off                ; Off                ;
; Number of Removed Registers Reported in Synthesis Report                        ; 5000               ; 5000               ;
; Number of Swept Nodes Reported in Synthesis Report                              ; 5000               ; 5000               ;
; Number of Inverted Registers Reported in Synthesis Report                       ; 100                ; 100                ;
; Clock MUX Protection                                                            ; On                 ; On                 ;
; Auto Gated Clock Conversion                                                     ; Off                ; Off                ;
; Block Design Naming                                                             ; Auto               ; Auto               ;
; SDC constraint protection                                                       ; Off                ; Off                ;
; Synthesis Effort                                                                ; Auto               ; Auto               ;
; Shift Register Replacement - Allow Asynchronous Clear Signal                    ; On                 ; On                 ;
; Pre-Mapping Resynthesis Optimization                                            ; Off                ; Off                ;
; Analysis & Synthesis Message Level                                              ; Medium             ; Medium             ;
; Disable Register Merging Across Hierarchies                                     ; Auto               ; Auto               ;
; Resource Aware Inference For Block RAM                                          ; On                 ; On                 ;
; Automatic Parallel Synthesis                                                    ; On                 ; On                 ;
; Partial Reconfiguration Bitstream ID                                            ; Off                ; Off                ;
+---------------------------------------------------------------------------------+--------------------+--------------------+


+------------------------------------------+
; Parallel Compilation                     ;
+----------------------------+-------------+
; Processors                 ; Number      ;
+----------------------------+-------------+
; Number detected on machine ; 16          ;
; Maximum allowed            ; 16          ;
;                            ;             ;
; Average used               ; 1.00        ;
; Maximum used               ; 16          ;
;                            ;             ;
; Usage by Processor         ; % Time Used ;
;     Processor 1            ; 100.0%      ;
;     Processors 2-16        ;   0.0%      ;
+----------------------------+-------------+


+-----------------------------------------------------------------------------------------------------------------------------------------------------------------------------------------------------------------+
; Analysis & Synthesis Source Files Read                                                                                                                                                                          ;
+----------------------------------+-----------------+------------------------------------+-------------------------------------------------------------------------------------------------------------+---------+
; File Name with User-Entered Path ; Used in Netlist ; File Type                          ; File Name with Absolute Path                                                                                ; Library ;
+----------------------------------+-----------------+------------------------------------+-------------------------------------------------------------------------------------------------------------+---------+
; sv files/WS2812B_controller.sv   ; yes             ; User SystemVerilog HDL File        ; C:/Users/minec/Desktop/Work/GitHub Repos/PROJ300/Firmware/WS2812B Controller/sv files/WS2812B_controller.sv ;         ;
; WS2812BCONTROLLER.bdf            ; yes             ; User Block Diagram/Schematic File  ; C:/Users/minec/Desktop/Work/GitHub Repos/PROJ300/Firmware/WS2812B Controller/WS2812BCONTROLLER.bdf          ;         ;
; lpm_constant.tdf                 ; yes             ; Megafunction                       ; c:/intelfpga_lite/23.1std/quartus/libraries/megafunctions/lpm_constant.tdf                                  ;         ;
; db/lpm_constant_cm4.tdf          ; yes             ; Auto-Generated Megafunction        ; C:/Users/minec/Desktop/Work/GitHub Repos/PROJ300/Firmware/WS2812B Controller/db/lpm_constant_cm4.tdf        ;         ;
+----------------------------------+-----------------+------------------------------------+-------------------------------------------------------------------------------------------------------------+---------+


+------------------------------------------------------------+
; Analysis & Synthesis Resource Usage Summary                ;
+---------------------------------------------+--------------+
; Resource                                    ; Usage        ;
+---------------------------------------------+--------------+
; Estimate of Logic utilization (ALMs needed) ; 69           ;
;                                             ;              ;
; Combinational ALUT usage for logic          ; 99           ;
;     -- 7 input functions                    ; 0            ;
;     -- 6 input functions                    ; 38           ;
;     -- 5 input functions                    ; 11           ;
;     -- 4 input functions                    ; 12           ;
;     -- <=3 input functions                  ; 38           ;
;                                             ;              ;
; Dedicated logic registers                   ; 54           ;
;                                             ;              ;
; I/O pins                                    ; 3            ;
;                                             ;              ;
; Total DSP Blocks                            ; 0            ;
;                                             ;              ;
; Maximum fan-out node                        ; clk_50~input ;
; Maximum fan-out                             ; 54           ;
; Total fan-out                               ; 595          ;
; Average fan-out                             ; 3.74         ;
+---------------------------------------------+--------------+


+------------------------------------------------------------------------------------------------------------------------------------------------------------------------------------------------------------------------+
; Analysis & Synthesis Resource Utilization by Entity                                                                                                                                                                    ;
+------------------------------+---------------------+---------------------------+-------------------+------------+------+--------------+--------------------------------------------+--------------------+--------------+
; Compilation Hierarchy Node   ; Combinational ALUTs ; Dedicated Logic Registers ; Block Memory Bits ; DSP Blocks ; Pins ; Virtual Pins ; Full Hierarchy Name                        ; Entity Name        ; Library Name ;
+------------------------------+---------------------+---------------------------+-------------------+------------+------+--------------+--------------------------------------------+--------------------+--------------+
; |WS2812BCONTROLLER           ; 99 (0)              ; 54 (0)                    ; 0                 ; 0          ; 3    ; 0            ; |WS2812BCONTROLLER                         ; WS2812BCONTROLLER  ; work         ;
;    |WS2812B_controller:inst| ; 99 (99)             ; 54 (54)                   ; 0                 ; 0          ; 0    ; 0            ; |WS2812BCONTROLLER|WS2812B_controller:inst ; WS2812B_controller ; work         ;
+------------------------------+---------------------+---------------------------+-------------------+------------+------+--------------+--------------------------------------------+--------------------+--------------+
Note: For table entries with two numbers listed, the numbers in parentheses indicate the number of resources of the given type used by the specific entity alone. The numbers listed outside of parentheses indicate the total resources of the given type used by the specific entity and all of its sub-entities in the hierarchy.


+-----------------------------------------------------------------------------------------------------+
; Registers Removed During Synthesis                                                                  ;
+----------------------------------------------+------------------------------------------------------+
; Register name                                ; Reason for Removal                                   ;
+----------------------------------------------+------------------------------------------------------+
; WS2812B_controller:inst|data_reg[8..31]      ; Stuck at GND due to stuck port data_in               ;
; WS2812B_controller:inst|prev_data_reg[8..31] ; Stuck at GND due to stuck port data_in               ;
; WS2812B_controller:inst|data_reg[1..7]       ; Merged with WS2812B_controller:inst|data_reg[0]      ;
; WS2812B_controller:inst|prev_data_reg[1..7]  ; Merged with WS2812B_controller:inst|prev_data_reg[0] ;
; Total Number of Removed Registers = 62       ;                                                      ;
+----------------------------------------------+------------------------------------------------------+


+--------------------------------------------------------------------------------------------------------------+
; Removed Registers Triggering Further Register Optimizations                                                  ;
+--------------------------------------+---------------------------+-------------------------------------------+
; Register name                        ; Reason for Removal        ; Registers Removed due to This Register    ;
+--------------------------------------+---------------------------+-------------------------------------------+
; WS2812B_controller:inst|data_reg[8]  ; Stuck at GND              ; WS2812B_controller:inst|prev_data_reg[8]  ;
;                                      ; due to stuck port data_in ;                                           ;
; WS2812B_controller:inst|data_reg[9]  ; Stuck at GND              ; WS2812B_controller:inst|prev_data_reg[9]  ;
;                                      ; due to stuck port data_in ;                                           ;
; WS2812B_controller:inst|data_reg[10] ; Stuck at GND              ; WS2812B_controller:inst|prev_data_reg[10] ;
;                                      ; due to stuck port data_in ;                                           ;
; WS2812B_controller:inst|data_reg[11] ; Stuck at GND              ; WS2812B_controller:inst|prev_data_reg[11] ;
;                                      ; due to stuck port data_in ;                                           ;
; WS2812B_controller:inst|data_reg[12] ; Stuck at GND              ; WS2812B_controller:inst|prev_data_reg[12] ;
;                                      ; due to stuck port data_in ;                                           ;
; WS2812B_controller:inst|data_reg[13] ; Stuck at GND              ; WS2812B_controller:inst|prev_data_reg[13] ;
;                                      ; due to stuck port data_in ;                                           ;
; WS2812B_controller:inst|data_reg[14] ; Stuck at GND              ; WS2812B_controller:inst|prev_data_reg[14] ;
;                                      ; due to stuck port data_in ;                                           ;
; WS2812B_controller:inst|data_reg[15] ; Stuck at GND              ; WS2812B_controller:inst|prev_data_reg[15] ;
;                                      ; due to stuck port data_in ;                                           ;
; WS2812B_controller:inst|data_reg[16] ; Stuck at GND              ; WS2812B_controller:inst|prev_data_reg[16] ;
;                                      ; due to stuck port data_in ;                                           ;
; WS2812B_controller:inst|data_reg[17] ; Stuck at GND              ; WS2812B_controller:inst|prev_data_reg[17] ;
;                                      ; due to stuck port data_in ;                                           ;
; WS2812B_controller:inst|data_reg[18] ; Stuck at GND              ; WS2812B_controller:inst|prev_data_reg[18] ;
;                                      ; due to stuck port data_in ;                                           ;
; WS2812B_controller:inst|data_reg[19] ; Stuck at GND              ; WS2812B_controller:inst|prev_data_reg[19] ;
;                                      ; due to stuck port data_in ;                                           ;
; WS2812B_controller:inst|data_reg[20] ; Stuck at GND              ; WS2812B_controller:inst|prev_data_reg[20] ;
;                                      ; due to stuck port data_in ;                                           ;
; WS2812B_controller:inst|data_reg[21] ; Stuck at GND              ; WS2812B_controller:inst|prev_data_reg[21] ;
;                                      ; due to stuck port data_in ;                                           ;
; WS2812B_controller:inst|data_reg[22] ; Stuck at GND              ; WS2812B_controller:inst|prev_data_reg[22] ;
;                                      ; due to stuck port data_in ;                                           ;
; WS2812B_controller:inst|data_reg[23] ; Stuck at GND              ; WS2812B_controller:inst|prev_data_reg[23] ;
;                                      ; due to stuck port data_in ;                                           ;
; WS2812B_controller:inst|data_reg[24] ; Stuck at GND              ; WS2812B_controller:inst|prev_data_reg[24] ;
;                                      ; due to stuck port data_in ;                                           ;
; WS2812B_controller:inst|data_reg[25] ; Stuck at GND              ; WS2812B_controller:inst|prev_data_reg[25] ;
;                                      ; due to stuck port data_in ;                                           ;
; WS2812B_controller:inst|data_reg[26] ; Stuck at GND              ; WS2812B_controller:inst|prev_data_reg[26] ;
;                                      ; due to stuck port data_in ;                                           ;
; WS2812B_controller:inst|data_reg[27] ; Stuck at GND              ; WS2812B_controller:inst|prev_data_reg[27] ;
;                                      ; due to stuck port data_in ;                                           ;
; WS2812B_controller:inst|data_reg[28] ; Stuck at GND              ; WS2812B_controller:inst|prev_data_reg[28] ;
;                                      ; due to stuck port data_in ;                                           ;
; WS2812B_controller:inst|data_reg[29] ; Stuck at GND              ; WS2812B_controller:inst|prev_data_reg[29] ;
;                                      ; due to stuck port data_in ;                                           ;
; WS2812B_controller:inst|data_reg[30] ; Stuck at GND              ; WS2812B_controller:inst|prev_data_reg[30] ;
;                                      ; due to stuck port data_in ;                                           ;
; WS2812B_controller:inst|data_reg[31] ; Stuck at GND              ; WS2812B_controller:inst|prev_data_reg[31] ;
;                                      ; due to stuck port data_in ;                                           ;
+--------------------------------------+---------------------------+-------------------------------------------+


+------------------------------------------------------+
; General Register Statistics                          ;
+----------------------------------------------+-------+
; Statistic                                    ; Value ;
+----------------------------------------------+-------+
; Total registers                              ; 54    ;
; Number of registers using Synchronous Clear  ; 30    ;
; Number of registers using Synchronous Load   ; 1     ;
; Number of registers using Asynchronous Clear ; 0     ;
; Number of registers using Asynchronous Load  ; 0     ;
; Number of registers using Clock Enable       ; 43    ;
; Number of registers using Preset             ; 0     ;
+----------------------------------------------+-------+


+-----------------------------------------------------+
; Inverted Register Statistics                        ;
+-------------------------------------------+---------+
; Inverted Register                         ; Fan out ;
+-------------------------------------------+---------+
; WS2812B_controller:inst|counterGRB_reg[4] ; 7       ;
; WS2812B_controller:inst|idx_reg[4]        ; 5       ;
; WS2812B_controller:inst|idx_reg[3]        ; 6       ;
; WS2812B_controller:inst|counterGRB_reg[0] ; 7       ;
; WS2812B_controller:inst|counterGRB_reg[1] ; 6       ;
; WS2812B_controller:inst|counterGRB_reg[2] ; 5       ;
; WS2812B_controller:inst|idx_reg[2]        ; 5       ;
; WS2812B_controller:inst|idx_reg[1]        ; 6       ;
; WS2812B_controller:inst|idx_reg[0]        ; 7       ;
; Total number of inverted registers = 9    ;         ;
+-------------------------------------------+---------+


+--------------------------------------------------------------------------------------------------------------------------------------------------------------------------------+
; Multiplexer Restructuring Statistics (Restructuring Performed)                                                                                                                 ;
+--------------------+-----------+---------------+----------------------+------------------------+------------+------------------------------------------------------------------+
; Multiplexer Inputs ; Bus Width ; Baseline Area ; Area if Restructured ; Saving if Restructured ; Registered ; Example Multiplexer Output                                       ;
+--------------------+-----------+---------------+----------------------+------------------------+------------+------------------------------------------------------------------+
; 3:1                ; 10 bits   ; 20 LEs        ; 0 LEs                ; 20 LEs                 ; Yes        ; |WS2812BCONTROLLER|WS2812B_controller:inst|prev_reg[0]           ;
; 5:1                ; 16 bits   ; 48 LEs        ; 0 LEs                ; 48 LEs                 ; Yes        ; |WS2812BCONTROLLER|WS2812B_controller:inst|counter_reset_reg[15] ;
; 7:1                ; 6 bits    ; 24 LEs        ; 12 LEs               ; 12 LEs                 ; Yes        ; |WS2812BCONTROLLER|WS2812B_controller:inst|counter1_reg[2]       ;
; 10:1               ; 6 bits    ; 36 LEs        ; 18 LEs               ; 18 LEs                 ; Yes        ; |WS2812BCONTROLLER|WS2812B_controller:inst|counter2_reg[4]       ;
; 4:1                ; 5 bits    ; 10 LEs        ; 10 LEs               ; 0 LEs                  ; Yes        ; |WS2812BCONTROLLER|WS2812B_controller:inst|idx_reg[0]            ;
; 7:1                ; 4 bits    ; 16 LEs        ; 8 LEs                ; 8 LEs                  ; Yes        ; |WS2812BCONTROLLER|WS2812B_controller:inst|counterGRB_reg[4]     ;
+--------------------+-----------+---------------+----------------------+------------------------+------------+------------------------------------------------------------------+


+----------------------------------------------------------------------+
; Parameter Settings for User Entity Instance: WS2812B_controller:inst ;
+----------------+--------+--------------------------------------------+
; Parameter Name ; Value  ; Type                                       ;
+----------------+--------+--------------------------------------------+
; N              ; 32     ; Signed Integer                             ;
; GRB_colour     ; FF0000 ; Unsigned Hexadecimal                       ;
+----------------+--------+--------------------------------------------+
Note: In order to hide this table in the UI and the text report file, please set the "Show Parameter Settings in Synthesis Report" option in "Analysis and Synthesis Settings -> More Settings" to "Off".


+-----------------------------------------------------------------+
; Parameter Settings for User Entity Instance: LPM_CONSTANT:inst2 ;
+--------------------+------------------+-------------------------+
; Parameter Name     ; Value            ; Type                    ;
+--------------------+------------------+-------------------------+
; LPM_WIDTH          ; 32               ; Signed Integer          ;
; LPM_CVALUE         ; 255              ; Signed Integer          ;
; ENABLE_RUNTIME_MOD ; NO               ; Untyped                 ;
; CBXI_PARAMETER     ; lpm_constant_cm4 ; Untyped                 ;
+--------------------+------------------+-------------------------+
Note: In order to hide this table in the UI and the text report file, please set the "Show Parameter Settings in Synthesis Report" option in "Analysis and Synthesis Settings -> More Settings" to "Off".


+-----------------------------------------------------+
; Post-Synthesis Netlist Statistics for Top Partition ;
+-----------------------+-----------------------------+
; Type                  ; Count                       ;
+-----------------------+-----------------------------+
; arriav_ff             ; 54                          ;
;     ENA               ; 17                          ;
;     ENA SCLR          ; 26                          ;
;     SCLR              ; 4                           ;
;     SLD               ; 1                           ;
;     plain             ; 6                           ;
; arriav_lcell_comb     ; 99                          ;
;     arith             ; 16                          ;
;         1 data inputs ; 16                          ;
;     normal            ; 83                          ;
;         1 data inputs ; 5                           ;
;         2 data inputs ; 9                           ;
;         3 data inputs ; 8                           ;
;         4 data inputs ; 12                          ;
;         5 data inputs ; 11                          ;
;         6 data inputs ; 38                          ;
; boundary_port         ; 3                           ;
;                       ;                             ;
; Max LUT depth         ; 4.00                        ;
; Average LUT depth     ; 2.56                        ;
+-----------------------+-----------------------------+


+-------------------------------+
; Elapsed Time Per Partition    ;
+----------------+--------------+
; Partition Name ; Elapsed Time ;
+----------------+--------------+
; Top            ; 00:00:00     ;
+----------------+--------------+


+-------------------------------+
; Analysis & Synthesis Messages ;
+-------------------------------+
Info: *******************************************************************
Info: Running Quartus Prime Analysis & Synthesis
    Info: Version 23.1std.0 Build 991 11/28/2023 SC Lite Edition
    Info: Processing started: Fri Apr 19 16:16:37 2024
Info: Command: quartus_map --read_settings_files=on --write_settings_files=off WS2812BCONTROLLER -c WS2812BCONTROLLER
Warning (18236): Number of processors has not been specified which may cause overloading on shared machines.  Set the global assignment NUM_PARALLEL_PROCESSORS in your QSF to an appropriate value for best performance.
Info (20030): Parallel compilation is enabled and will use 16 of the 16 processors detected
Info (12021): Found 1 design units, including 1 entities, in source file sv files/ws2812b_controller.sv
    Info (12023): Found entity 1: WS2812B_controller File: C:/Users/minec/Desktop/Work/GitHub Repos/PROJ300/Firmware/WS2812B Controller/sv files/WS2812B_controller.sv Line: 1
Info (12021): Found 1 design units, including 1 entities, in source file ws2812bcontroller.bdf
    Info (12023): Found entity 1: WS2812BCONTROLLER
Warning (10222): Verilog HDL Parameter Declaration warning at WS2812B_controller.sv(44): Parameter Declaration in module "WS2812B_controller" behaves as a Local Parameter Declaration because the module has a Module Parameter Port List File: C:/Users/minec/Desktop/Work/GitHub Repos/PROJ300/Firmware/WS2812B Controller/sv files/WS2812B_controller.sv Line: 44
Warning (10222): Verilog HDL Parameter Declaration warning at WS2812B_controller.sv(45): Parameter Declaration in module "WS2812B_controller" behaves as a Local Parameter Declaration because the module has a Module Parameter Port List File: C:/Users/minec/Desktop/Work/GitHub Repos/PROJ300/Firmware/WS2812B Controller/sv files/WS2812B_controller.sv Line: 45
Warning (10222): Verilog HDL Parameter Declaration warning at WS2812B_controller.sv(46): Parameter Declaration in module "WS2812B_controller" behaves as a Local Parameter Declaration because the module has a Module Parameter Port List File: C:/Users/minec/Desktop/Work/GitHub Repos/PROJ300/Firmware/WS2812B Controller/sv files/WS2812B_controller.sv Line: 46
Info (12127): Elaborating entity "WS2812BCONTROLLER" for the top level hierarchy
Info (12128): Elaborating entity "WS2812B_controller" for hierarchy "WS2812B_controller:inst"
Warning (10230): Verilog HDL assignment warning at WS2812B_controller.sv(37): truncated value with size 32 to match size of target (6) File: C:/Users/minec/Desktop/Work/GitHub Repos/PROJ300/Firmware/WS2812B Controller/sv files/WS2812B_controller.sv Line: 37
Warning (10230): Verilog HDL assignment warning at WS2812B_controller.sv(62): truncated value with size 32 to match size of target (6) File: C:/Users/minec/Desktop/Work/GitHub Repos/PROJ300/Firmware/WS2812B Controller/sv files/WS2812B_controller.sv Line: 62
Warning (10230): Verilog HDL assignment warning at WS2812B_controller.sv(83): truncated value with size 32 to match size of target (6) File: C:/Users/minec/Desktop/Work/GitHub Repos/PROJ300/Firmware/WS2812B Controller/sv files/WS2812B_controller.sv Line: 83
Warning (10230): Verilog HDL assignment warning at WS2812B_controller.sv(94): truncated value with size 32 to match size of target (16) File: C:/Users/minec/Desktop/Work/GitHub Repos/PROJ300/Firmware/WS2812B Controller/sv files/WS2812B_controller.sv Line: 94
Warning (10230): Verilog HDL assignment warning at WS2812B_controller.sv(127): truncated value with size 32 to match size of target (6) File: C:/Users/minec/Desktop/Work/GitHub Repos/PROJ300/Firmware/WS2812B Controller/sv files/WS2812B_controller.sv Line: 127
Warning (10230): Verilog HDL assignment warning at WS2812B_controller.sv(138): truncated value with size 32 to match size of target (6) File: C:/Users/minec/Desktop/Work/GitHub Repos/PROJ300/Firmware/WS2812B Controller/sv files/WS2812B_controller.sv Line: 138
Warning (10230): Verilog HDL assignment warning at WS2812B_controller.sv(146): truncated value with size 32 to match size of target (5) File: C:/Users/minec/Desktop/Work/GitHub Repos/PROJ300/Firmware/WS2812B Controller/sv files/WS2812B_controller.sv Line: 146
Warning (10230): Verilog HDL assignment warning at WS2812B_controller.sv(162): truncated value with size 32 to match size of target (6) File: C:/Users/minec/Desktop/Work/GitHub Repos/PROJ300/Firmware/WS2812B Controller/sv files/WS2812B_controller.sv Line: 162
Warning (10230): Verilog HDL assignment warning at WS2812B_controller.sv(173): truncated value with size 32 to match size of target (6) File: C:/Users/minec/Desktop/Work/GitHub Repos/PROJ300/Firmware/WS2812B Controller/sv files/WS2812B_controller.sv Line: 173
Warning (10230): Verilog HDL assignment warning at WS2812B_controller.sv(181): truncated value with size 32 to match size of target (5) File: C:/Users/minec/Desktop/Work/GitHub Repos/PROJ300/Firmware/WS2812B Controller/sv files/WS2812B_controller.sv Line: 181
Warning (10230): Verilog HDL assignment warning at WS2812B_controller.sv(199): truncated value with size 32 to match size of target (6) File: C:/Users/minec/Desktop/Work/GitHub Repos/PROJ300/Firmware/WS2812B Controller/sv files/WS2812B_controller.sv Line: 199
Warning (10230): Verilog HDL assignment warning at WS2812B_controller.sv(223): truncated value with size 32 to match size of target (6) File: C:/Users/minec/Desktop/Work/GitHub Repos/PROJ300/Firmware/WS2812B Controller/sv files/WS2812B_controller.sv Line: 223
Warning (10230): Verilog HDL assignment warning at WS2812B_controller.sv(234): truncated value with size 32 to match size of target (6) File: C:/Users/minec/Desktop/Work/GitHub Repos/PROJ300/Firmware/WS2812B Controller/sv files/WS2812B_controller.sv Line: 234
Warning (10230): Verilog HDL assignment warning at WS2812B_controller.sv(242): truncated value with size 32 to match size of target (5) File: C:/Users/minec/Desktop/Work/GitHub Repos/PROJ300/Firmware/WS2812B Controller/sv files/WS2812B_controller.sv Line: 242
Warning (10230): Verilog HDL assignment warning at WS2812B_controller.sv(258): truncated value with size 32 to match size of target (6) File: C:/Users/minec/Desktop/Work/GitHub Repos/PROJ300/Firmware/WS2812B Controller/sv files/WS2812B_controller.sv Line: 258
Info (12128): Elaborating entity "LPM_CONSTANT" for hierarchy "LPM_CONSTANT:inst2"
Info (12130): Elaborated megafunction instantiation "LPM_CONSTANT:inst2"
Info (12133): Instantiated megafunction "LPM_CONSTANT:inst2" with the following parameter:
    Info (12134): Parameter "LPM_CVALUE" = "255"
    Info (12134): Parameter "LPM_WIDTH" = "32"
Info (12021): Found 1 design units, including 1 entities, in source file db/lpm_constant_cm4.tdf
    Info (12023): Found entity 1: lpm_constant_cm4 File: C:/Users/minec/Desktop/Work/GitHub Repos/PROJ300/Firmware/WS2812B Controller/db/lpm_constant_cm4.tdf Line: 23
Info (12128): Elaborating entity "lpm_constant_cm4" for hierarchy "LPM_CONSTANT:inst2|lpm_constant_cm4:ag" File: c:/intelfpga_lite/23.1std/quartus/libraries/megafunctions/lpm_constant.tdf Line: 46
Info (286030): Timing-Driven Synthesis is running
Info (16010): Generating hard_block partition "hard_block:auto_generated_inst"
    Info (16011): Adding 0 node(s), including 0 DDIO, 0 PLL, 0 transceiver and 0 LCELL
Info (21057): Implemented 108 device resources after synthesis - the final resource count might be different
    Info (21058): Implemented 2 input pins
    Info (21059): Implemented 1 output pins
    Info (21061): Implemented 105 logic cells
Info: Quartus Prime Analysis & Synthesis was successful. 0 errors, 19 warnings
    Info: Peak virtual memory: 4866 megabytes
    Info: Processing ended: Fri Apr 19 16:16:43 2024
    Info: Elapsed time: 00:00:06
    Info: Total CPU time (on all processors): 00:00:07


