Analysis & Synthesis report for ComplexCPU
Sat Mar 23 14:12:09 2024
Quartus Prime Version 20.1.0 Build 711 06/05/2020 SJ Lite Edition


---------------------
; Table of Contents ;
---------------------
  1. Legal Notice
  2. Analysis & Synthesis Summary
  3. Analysis & Synthesis Settings
  4. Parallel Compilation
  5. Analysis & Synthesis Source Files Read
  6. Analysis & Synthesis Resource Usage Summary
  7. Analysis & Synthesis Resource Utilization by Entity
  8. General Register Statistics
  9. Parameter Settings for User Entity Instance: Memory:inst|testROM:inst3
 10. Parameter Settings for User Entity Instance: Memory:inst|M_RAM:inst4
 11. Post-Synthesis Netlist Statistics for Top Partition
 12. Elapsed Time Per Partition
 13. Analysis & Synthesis Messages



----------------
; Legal Notice ;
----------------
Copyright (C) 2020  Intel Corporation. All rights reserved.
Your use of Intel Corporation's design tools, logic functions 
and other software and tools, and any partner logic 
functions, and any output files from any of the foregoing 
(including device programming or simulation files), and any 
associated documentation or information are expressly subject 
to the terms and conditions of the Intel Program License 
Subscription Agreement, the Intel Quartus Prime License Agreement,
the Intel FPGA IP License Agreement, or other applicable license
agreement, including, without limitation, that your use is for
the sole purpose of programming logic devices manufactured by
Intel and sold by Intel or its authorized distributors.  Please
refer to the applicable agreement for further details, at
https://fpgasoftware.intel.com/eula.



+-------------------------------------------------------------------------------+
; Analysis & Synthesis Summary                                                  ;
+---------------------------------+---------------------------------------------+
; Analysis & Synthesis Status     ; Successful - Sat Mar 23 14:12:09 2024       ;
; Quartus Prime Version           ; 20.1.0 Build 711 06/05/2020 SJ Lite Edition ;
; Revision Name                   ; ComplexCPU                                  ;
; Top-level Entity Name           ; TopLevel                                    ;
; Family                          ; Cyclone V                                   ;
; Logic utilization (in ALMs)     ; N/A                                         ;
; Total registers                 ; 0                                           ;
; Total pins                      ; 41                                          ;
; Total virtual pins              ; 0                                           ;
; Total block memory bits         ; 0                                           ;
; Total DSP Blocks                ; 0                                           ;
; Total HSSI RX PCSs              ; 0                                           ;
; Total HSSI PMA RX Deserializers ; 0                                           ;
; Total HSSI TX PCSs              ; 0                                           ;
; Total HSSI PMA TX Serializers   ; 0                                           ;
; Total PLLs                      ; 0                                           ;
; Total DLLs                      ; 0                                           ;
+---------------------------------+---------------------------------------------+


+---------------------------------------------------------------------------------------------------------------------------+
; Analysis & Synthesis Settings                                                                                             ;
+---------------------------------------------------------------------------------+--------------------+--------------------+
; Option                                                                          ; Setting            ; Default Value      ;
+---------------------------------------------------------------------------------+--------------------+--------------------+
; Device                                                                          ; 5CEBA4F23C7        ;                    ;
; Top-level entity name                                                           ; TopLevel           ; ComplexCPU         ;
; Family name                                                                     ; Cyclone V          ; Cyclone V          ;
; Verilog Show LMF Mapping Messages                                               ; Off                ;                    ;
; Verilog Version                                                                 ; SystemVerilog_2005 ; Verilog_2001       ;
; Use smart compilation                                                           ; Off                ; Off                ;
; Enable parallel Assembler and Timing Analyzer during compilation                ; On                 ; On                 ;
; Enable compact report table                                                     ; Off                ; Off                ;
; Restructure Multiplexers                                                        ; Auto               ; Auto               ;
; MLAB Add Timing Constraints For Mixed-Port Feed-Through Mode Setting Don't Care ; Off                ; Off                ;
; Create Debugging Nodes for IP Cores                                             ; Off                ; Off                ;
; Preserve fewer node names                                                       ; On                 ; On                 ;
; Intel FPGA IP Evaluation Mode                                                   ; Enable             ; Enable             ;
; VHDL Version                                                                    ; VHDL_1993          ; VHDL_1993          ;
; State Machine Processing                                                        ; Auto               ; Auto               ;
; Safe State Machine                                                              ; Off                ; Off                ;
; Extract Verilog State Machines                                                  ; On                 ; On                 ;
; Extract VHDL State Machines                                                     ; On                 ; On                 ;
; Ignore Verilog initial constructs                                               ; Off                ; Off                ;
; Iteration limit for constant Verilog loops                                      ; 5000               ; 5000               ;
; Iteration limit for non-constant Verilog loops                                  ; 250                ; 250                ;
; Add Pass-Through Logic to Inferred RAMs                                         ; On                 ; On                 ;
; Infer RAMs from Raw Logic                                                       ; On                 ; On                 ;
; Parallel Synthesis                                                              ; On                 ; On                 ;
; DSP Block Balancing                                                             ; Auto               ; Auto               ;
; NOT Gate Push-Back                                                              ; On                 ; On                 ;
; Power-Up Don't Care                                                             ; On                 ; On                 ;
; Remove Redundant Logic Cells                                                    ; Off                ; Off                ;
; Remove Duplicate Registers                                                      ; On                 ; On                 ;
; Ignore CARRY Buffers                                                            ; Off                ; Off                ;
; Ignore CASCADE Buffers                                                          ; Off                ; Off                ;
; Ignore GLOBAL Buffers                                                           ; Off                ; Off                ;
; Ignore ROW GLOBAL Buffers                                                       ; Off                ; Off                ;
; Ignore LCELL Buffers                                                            ; Off                ; Off                ;
; Ignore SOFT Buffers                                                             ; On                 ; On                 ;
; Limit AHDL Integers to 32 Bits                                                  ; Off                ; Off                ;
; Optimization Technique                                                          ; Balanced           ; Balanced           ;
; Carry Chain Length                                                              ; 70                 ; 70                 ;
; Auto Carry Chains                                                               ; On                 ; On                 ;
; Auto Open-Drain Pins                                                            ; On                 ; On                 ;
; Perform WYSIWYG Primitive Resynthesis                                           ; Off                ; Off                ;
; Auto ROM Replacement                                                            ; On                 ; On                 ;
; Auto RAM Replacement                                                            ; On                 ; On                 ;
; Auto DSP Block Replacement                                                      ; On                 ; On                 ;
; Auto Shift Register Replacement                                                 ; Auto               ; Auto               ;
; Allow Shift Register Merging across Hierarchies                                 ; Auto               ; Auto               ;
; Auto Clock Enable Replacement                                                   ; On                 ; On                 ;
; Strict RAM Replacement                                                          ; Off                ; Off                ;
; Allow Synchronous Control Signals                                               ; On                 ; On                 ;
; Force Use of Synchronous Clear Signals                                          ; Off                ; Off                ;
; Auto Resource Sharing                                                           ; Off                ; Off                ;
; Allow Any RAM Size For Recognition                                              ; Off                ; Off                ;
; Allow Any ROM Size For Recognition                                              ; Off                ; Off                ;
; Allow Any Shift Register Size For Recognition                                   ; Off                ; Off                ;
; Use LogicLock Constraints during Resource Balancing                             ; On                 ; On                 ;
; Ignore translate_off and synthesis_off directives                               ; Off                ; Off                ;
; Timing-Driven Synthesis                                                         ; On                 ; On                 ;
; Report Parameter Settings                                                       ; On                 ; On                 ;
; Report Source Assignments                                                       ; On                 ; On                 ;
; Report Connectivity Checks                                                      ; On                 ; On                 ;
; Ignore Maximum Fan-Out Assignments                                              ; Off                ; Off                ;
; Synchronization Register Chain Length                                           ; 3                  ; 3                  ;
; Power Optimization During Synthesis                                             ; Normal compilation ; Normal compilation ;
; HDL message level                                                               ; Level2             ; Level2             ;
; Suppress Register Optimization Related Messages                                 ; Off                ; Off                ;
; Number of Removed Registers Reported in Synthesis Report                        ; 5000               ; 5000               ;
; Number of Swept Nodes Reported in Synthesis Report                              ; 5000               ; 5000               ;
; Number of Inverted Registers Reported in Synthesis Report                       ; 100                ; 100                ;
; Clock MUX Protection                                                            ; On                 ; On                 ;
; Auto Gated Clock Conversion                                                     ; Off                ; Off                ;
; Block Design Naming                                                             ; Auto               ; Auto               ;
; SDC constraint protection                                                       ; Off                ; Off                ;
; Synthesis Effort                                                                ; Auto               ; Auto               ;
; Shift Register Replacement - Allow Asynchronous Clear Signal                    ; On                 ; On                 ;
; Pre-Mapping Resynthesis Optimization                                            ; Off                ; Off                ;
; Analysis & Synthesis Message Level                                              ; Medium             ; Medium             ;
; Disable Register Merging Across Hierarchies                                     ; Auto               ; Auto               ;
; Resource Aware Inference For Block RAM                                          ; On                 ; On                 ;
; Automatic Parallel Synthesis                                                    ; On                 ; On                 ;
; Partial Reconfiguration Bitstream ID                                            ; Off                ; Off                ;
+---------------------------------------------------------------------------------+--------------------+--------------------+


+------------------------------------------+
; Parallel Compilation                     ;
+----------------------------+-------------+
; Processors                 ; Number      ;
+----------------------------+-------------+
; Number detected on machine ; 8           ;
; Maximum allowed            ; 4           ;
;                            ;             ;
; Average used               ; 1.00        ;
; Maximum used               ; 1           ;
;                            ;             ;
; Usage by Processor         ; % Time Used ;
;     Processor 1            ; 100.0%      ;
+----------------------------+-------------+


+-------------------------------------------------------------------------------------------------------------------------------------------------------------------------------------------------------+
; Analysis & Synthesis Source Files Read                                                                                                                                                                ;
+----------------------------------+-----------------+------------------------------------+---------------------------------------------------------------------------------------------------+---------+
; File Name with User-Entered Path ; Used in Netlist ; File Type                          ; File Name with Absolute Path                                                                      ; Library ;
+----------------------------------+-----------------+------------------------------------+---------------------------------------------------------------------------------------------------+---------+
; sv files/testROM.sv              ; yes             ; User SystemVerilog HDL File        ; C:/Users/minec/Desktop/github/PROJ300/Firmware/CPU Designs/Complex CPU/sv files/testROM.sv        ;         ;
; sv files/M_RAM.sv                ; yes             ; User SystemVerilog HDL File        ; C:/Users/minec/Desktop/github/PROJ300/Firmware/CPU Designs/Complex CPU/sv files/M_RAM.sv          ;         ;
; sv files/M_MUX.sv                ; yes             ; User SystemVerilog HDL File        ; C:/Users/minec/Desktop/github/PROJ300/Firmware/CPU Designs/Complex CPU/sv files/M_MUX.sv          ;         ;
; sv files/M_mmr_selector.sv       ; yes             ; User SystemVerilog HDL File        ; C:/Users/minec/Desktop/github/PROJ300/Firmware/CPU Designs/Complex CPU/sv files/M_mmr_selector.sv ;         ;
; sv files/M_mmr_MUX.sv            ; yes             ; User SystemVerilog HDL File        ; C:/Users/minec/Desktop/github/PROJ300/Firmware/CPU Designs/Complex CPU/sv files/M_mmr_MUX.sv      ;         ;
; sv files/M_mmr_DEMUX.sv          ; yes             ; User SystemVerilog HDL File        ; C:/Users/minec/Desktop/github/PROJ300/Firmware/CPU Designs/Complex CPU/sv files/M_mmr_DEMUX.sv    ;         ;
; sv files/M_DEMUX.sv              ; yes             ; User SystemVerilog HDL File        ; C:/Users/minec/Desktop/github/PROJ300/Firmware/CPU Designs/Complex CPU/sv files/M_DEMUX.sv        ;         ;
; sv files/M_addr_checker.sv       ; yes             ; User SystemVerilog HDL File        ; C:/Users/minec/Desktop/github/PROJ300/Firmware/CPU Designs/Complex CPU/sv files/M_addr_checker.sv ;         ;
; sv files/conc32.sv               ; yes             ; User SystemVerilog HDL File        ; C:/Users/minec/Desktop/github/PROJ300/Firmware/CPU Designs/Complex CPU/sv files/conc32.sv         ;         ;
; TopLevel.bdf                     ; yes             ; User Block Diagram/Schematic File  ; C:/Users/minec/Desktop/github/PROJ300/Firmware/CPU Designs/Complex CPU/TopLevel.bdf               ;         ;
; Memory.bdf                       ; yes             ; User Block Diagram/Schematic File  ; C:/Users/minec/Desktop/github/PROJ300/Firmware/CPU Designs/Complex CPU/Memory.bdf                 ;         ;
+----------------------------------+-----------------+------------------------------------+---------------------------------------------------------------------------------------------------+---------+


+-------------------------------------------------------------------+
; Analysis & Synthesis Resource Usage Summary                       ;
+---------------------------------------------+---------------------+
; Resource                                    ; Usage               ;
+---------------------------------------------+---------------------+
; Estimate of Logic utilization (ALMs needed) ; 0                   ;
;                                             ;                     ;
; Combinational ALUT usage for logic          ; 0                   ;
;     -- 7 input functions                    ; 0                   ;
;     -- 6 input functions                    ; 0                   ;
;     -- 5 input functions                    ; 0                   ;
;     -- 4 input functions                    ; 0                   ;
;     -- <=3 input functions                  ; 0                   ;
;                                             ;                     ;
; Dedicated logic registers                   ; 0                   ;
;                                             ;                     ;
; I/O pins                                    ; 41                  ;
;                                             ;                     ;
; Total DSP Blocks                            ; 0                   ;
;                                             ;                     ;
; Maximum fan-out node                        ; data_out[37]~output ;
; Maximum fan-out                             ; 1                   ;
; Total fan-out                               ; 41                  ;
; Average fan-out                             ; 0.50                ;
+---------------------------------------------+---------------------+


+----------------------------------------------------------------------------------------------------------------------------------------------------------------------------------------+
; Analysis & Synthesis Resource Utilization by Entity                                                                                                                                    ;
+----------------------------+---------------------+---------------------------+-------------------+------------+------+--------------+---------------------+-------------+--------------+
; Compilation Hierarchy Node ; Combinational ALUTs ; Dedicated Logic Registers ; Block Memory Bits ; DSP Blocks ; Pins ; Virtual Pins ; Full Hierarchy Name ; Entity Name ; Library Name ;
+----------------------------+---------------------+---------------------------+-------------------+------------+------+--------------+---------------------+-------------+--------------+
; |TopLevel                  ; 0 (0)               ; 0 (0)                     ; 0                 ; 0          ; 41   ; 0            ; |TopLevel           ; TopLevel    ; work         ;
+----------------------------+---------------------+---------------------------+-------------------+------------+------+--------------+---------------------+-------------+--------------+
Note: For table entries with two numbers listed, the numbers in parentheses indicate the number of resources of the given type used by the specific entity alone. The numbers listed outside of parentheses indicate the total resources of the given type used by the specific entity and all of its sub-entities in the hierarchy.


+------------------------------------------------------+
; General Register Statistics                          ;
+----------------------------------------------+-------+
; Statistic                                    ; Value ;
+----------------------------------------------+-------+
; Total registers                              ; 0     ;
; Number of registers using Synchronous Clear  ; 0     ;
; Number of registers using Synchronous Load   ; 0     ;
; Number of registers using Asynchronous Clear ; 0     ;
; Number of registers using Asynchronous Load  ; 0     ;
; Number of registers using Clock Enable       ; 0     ;
; Number of registers using Preset             ; 0     ;
+----------------------------------------------+-------+


+------------------------------------------------------------------------+
; Parameter Settings for User Entity Instance: Memory:inst|testROM:inst3 ;
+----------------+-------+-----------------------------------------------+
; Parameter Name ; Value ; Type                                          ;
+----------------+-------+-----------------------------------------------+
; DATA_WIDTH     ; 38    ; Signed Integer                                ;
; ADDR_WIDTH     ; 12    ; Signed Integer                                ;
+----------------+-------+-----------------------------------------------+
Note: In order to hide this table in the UI and the text report file, please set the "Show Parameter Settings in Synthesis Report" option in "Analysis and Synthesis Settings -> More Settings" to "Off".


+----------------------------------------------------------------------+
; Parameter Settings for User Entity Instance: Memory:inst|M_RAM:inst4 ;
+----------------+-------+---------------------------------------------+
; Parameter Name ; Value ; Type                                        ;
+----------------+-------+---------------------------------------------+
; ADDR_WIDTH     ; 12    ; Signed Integer                              ;
; DATA_WIDTH     ; 32    ; Signed Integer                              ;
+----------------+-------+---------------------------------------------+
Note: In order to hide this table in the UI and the text report file, please set the "Show Parameter Settings in Synthesis Report" option in "Analysis and Synthesis Settings -> More Settings" to "Off".


+-----------------------------------------------------+
; Post-Synthesis Netlist Statistics for Top Partition ;
+-----------------------+-----------------------------+
; Type                  ; Count                       ;
+-----------------------+-----------------------------+
; arriav_lcell_comb     ; 2                           ;
;     normal            ; 2                           ;
;         0 data inputs ; 2                           ;
; boundary_port         ; 41                          ;
;                       ;                             ;
; Max LUT depth         ; 0.00                        ;
; Average LUT depth     ; 0.00                        ;
+-----------------------+-----------------------------+


+-------------------------------+
; Elapsed Time Per Partition    ;
+----------------+--------------+
; Partition Name ; Elapsed Time ;
+----------------+--------------+
; Top            ; 00:00:00     ;
+----------------+--------------+


+-------------------------------+
; Analysis & Synthesis Messages ;
+-------------------------------+
Info: *******************************************************************
Info: Running Quartus Prime Analysis & Synthesis
    Info: Version 20.1.0 Build 711 06/05/2020 SJ Lite Edition
    Info: Processing started: Sat Mar 23 14:12:00 2024
Info: Command: quartus_map --read_settings_files=on --write_settings_files=off ComplexCPU -c ComplexCPU
Warning (18236): Number of processors has not been specified which may cause overloading on shared machines.  Set the global assignment NUM_PARALLEL_PROCESSORS in your QSF to an appropriate value for best performance.
Info (20030): Parallel compilation is enabled and will use 4 of the 4 processors detected
Info (12021): Found 1 design units, including 1 entities, in source file sv files/testrom.sv
    Info (12023): Found entity 1: testROM File: C:/Users/minec/Desktop/github/PROJ300/Firmware/CPU Designs/Complex CPU/sv files/testROM.sv Line: 1
Info (12021): Found 1 design units, including 1 entities, in source file sv files/m_ram.sv
    Info (12023): Found entity 1: M_RAM File: C:/Users/minec/Desktop/github/PROJ300/Firmware/CPU Designs/Complex CPU/sv files/M_RAM.sv Line: 1
Info (12021): Found 1 design units, including 1 entities, in source file sv files/m_mux.sv
    Info (12023): Found entity 1: M_MUX File: C:/Users/minec/Desktop/github/PROJ300/Firmware/CPU Designs/Complex CPU/sv files/M_MUX.sv Line: 1
Info (12021): Found 1 design units, including 1 entities, in source file sv files/m_mmr_selector.sv
    Info (12023): Found entity 1: M_mmr_selector File: C:/Users/minec/Desktop/github/PROJ300/Firmware/CPU Designs/Complex CPU/sv files/M_mmr_selector.sv Line: 1
Info (12021): Found 1 design units, including 1 entities, in source file sv files/m_mmr_mux.sv
    Info (12023): Found entity 1: M_mmr_MUX File: C:/Users/minec/Desktop/github/PROJ300/Firmware/CPU Designs/Complex CPU/sv files/M_mmr_MUX.sv Line: 1
Info (12021): Found 1 design units, including 1 entities, in source file sv files/m_mmr_demux.sv
    Info (12023): Found entity 1: M_mmr_DEMUX File: C:/Users/minec/Desktop/github/PROJ300/Firmware/CPU Designs/Complex CPU/sv files/M_mmr_DEMUX.sv Line: 1
Info (12021): Found 1 design units, including 1 entities, in source file sv files/m_demux.sv
    Info (12023): Found entity 1: M_DEMUX File: C:/Users/minec/Desktop/github/PROJ300/Firmware/CPU Designs/Complex CPU/sv files/M_DEMUX.sv Line: 1
Info (12021): Found 1 design units, including 1 entities, in source file sv files/m_addr_checker.sv
    Info (12023): Found entity 1: M_addr_checker File: C:/Users/minec/Desktop/github/PROJ300/Firmware/CPU Designs/Complex CPU/sv files/M_addr_checker.sv Line: 1
Info (12021): Found 1 design units, including 1 entities, in source file sv files/conc32.sv
    Info (12023): Found entity 1: conc32 File: C:/Users/minec/Desktop/github/PROJ300/Firmware/CPU Designs/Complex CPU/sv files/conc32.sv Line: 1
Info (12021): Found 1 design units, including 1 entities, in source file sv files/gpr_mux.sv
    Info (12023): Found entity 1: GPR_MUX File: C:/Users/minec/Desktop/github/PROJ300/Firmware/CPU Designs/Complex CPU/sv files/GPR_MUX.sv Line: 1
Info (12021): Found 1 design units, including 1 entities, in source file sv files/gpr_demux.sv
    Info (12023): Found entity 1: GPR_DEMUX File: C:/Users/minec/Desktop/github/PROJ300/Firmware/CPU Designs/Complex CPU/sv files/GPR_DEMUX.sv Line: 1
Info (12021): Found 1 design units, including 1 entities, in source file sv files/cpu_regn.sv
    Info (12023): Found entity 1: CPU_regN File: C:/Users/minec/Desktop/github/PROJ300/Firmware/CPU Designs/Complex CPU/sv files/CPU_regN.sv Line: 1
Info (12021): Found 1 design units, including 1 entities, in source file toplevel.bdf
    Info (12023): Found entity 1: TopLevel
Info (12021): Found 1 design units, including 1 entities, in source file gpr_selector.bdf
    Info (12023): Found entity 1: GPR_selector
Info (12021): Found 1 design units, including 1 entities, in source file memory.bdf
    Info (12023): Found entity 1: Memory
Info (12127): Elaborating entity "TopLevel" for the top level hierarchy
Info (12128): Elaborating entity "Memory" for hierarchy "Memory:inst"
Warning (275009): Pin "clk_50" not connected
Warning (275009): Pin "rst" not connected
Info (12128): Elaborating entity "M_MUX" for hierarchy "Memory:inst|M_MUX:inst5"
Info (12128): Elaborating entity "testROM" for hierarchy "Memory:inst|testROM:inst3"
Warning (10030): Net "rom.data_a" at testROM.sv(28) has no driver or initial value, using a default initial value '0' File: C:/Users/minec/Desktop/github/PROJ300/Firmware/CPU Designs/Complex CPU/sv files/testROM.sv Line: 28
Warning (10030): Net "rom.waddr_a[0]" at testROM.sv(28) has no driver or initial value, using a default initial value '0' File: C:/Users/minec/Desktop/github/PROJ300/Firmware/CPU Designs/Complex CPU/sv files/testROM.sv Line: 28
Warning (10030): Net "rom.we_a" at testROM.sv(28) has no driver or initial value, using a default initial value '0' File: C:/Users/minec/Desktop/github/PROJ300/Firmware/CPU Designs/Complex CPU/sv files/testROM.sv Line: 28
Info (12128): Elaborating entity "M_DEMUX" for hierarchy "Memory:inst|M_DEMUX:inst"
Info (12128): Elaborating entity "M_addr_checker" for hierarchy "Memory:inst|M_addr_checker:inst1"
Warning (10036): Verilog HDL or VHDL warning at M_addr_checker.sv(15): object "state" assigned a value but never read File: C:/Users/minec/Desktop/github/PROJ300/Firmware/CPU Designs/Complex CPU/sv files/M_addr_checker.sv Line: 15
Info (12128): Elaborating entity "M_mmr_MUX" for hierarchy "Memory:inst|M_mmr_MUX:inst40"
Info (12128): Elaborating entity "M_mmr_selector" for hierarchy "Memory:inst|M_mmr_selector:inst10"
Warning (10230): Verilog HDL assignment warning at M_mmr_selector.sv(13): truncated value with size 12 to match size of target (7) File: C:/Users/minec/Desktop/github/PROJ300/Firmware/CPU Designs/Complex CPU/sv files/M_mmr_selector.sv Line: 13
Info (12128): Elaborating entity "M_RAM" for hierarchy "Memory:inst|M_RAM:inst4"
Info (12128): Elaborating entity "M_mmr_DEMUX" for hierarchy "Memory:inst|M_mmr_DEMUX:inst38"
Info (12128): Elaborating entity "conc32" for hierarchy "Memory:inst|conc32:inst2"
Info (276014): Found 1 instances of uninferred RAM logic
    Info (276004): RAM logic "Memory:inst|testROM:inst3|rom" is uninferred due to inappropriate RAM size File: C:/Users/minec/Desktop/github/PROJ300/Firmware/CPU Designs/Complex CPU/sv files/testROM.sv Line: 28
Warning (13024): Output pins are stuck at VCC or GND
    Warning (13410): Pin "data_out[37]" is stuck at GND
    Warning (13410): Pin "data_out[36]" is stuck at GND
    Warning (13410): Pin "data_out[35]" is stuck at GND
    Warning (13410): Pin "data_out[34]" is stuck at VCC
    Warning (13410): Pin "data_out[33]" is stuck at GND
    Warning (13410): Pin "data_out[32]" is stuck at GND
    Warning (13410): Pin "data_out[31]" is stuck at GND
    Warning (13410): Pin "data_out[30]" is stuck at GND
    Warning (13410): Pin "data_out[29]" is stuck at GND
    Warning (13410): Pin "data_out[28]" is stuck at GND
    Warning (13410): Pin "data_out[27]" is stuck at GND
    Warning (13410): Pin "data_out[26]" is stuck at GND
    Warning (13410): Pin "data_out[25]" is stuck at GND
    Warning (13410): Pin "data_out[24]" is stuck at GND
    Warning (13410): Pin "data_out[23]" is stuck at GND
    Warning (13410): Pin "data_out[22]" is stuck at GND
    Warning (13410): Pin "data_out[21]" is stuck at GND
    Warning (13410): Pin "data_out[20]" is stuck at GND
    Warning (13410): Pin "data_out[19]" is stuck at GND
    Warning (13410): Pin "data_out[18]" is stuck at GND
    Warning (13410): Pin "data_out[17]" is stuck at GND
    Warning (13410): Pin "data_out[16]" is stuck at GND
    Warning (13410): Pin "data_out[15]" is stuck at GND
    Warning (13410): Pin "data_out[14]" is stuck at GND
    Warning (13410): Pin "data_out[13]" is stuck at GND
    Warning (13410): Pin "data_out[12]" is stuck at GND
    Warning (13410): Pin "data_out[11]" is stuck at GND
    Warning (13410): Pin "data_out[10]" is stuck at GND
    Warning (13410): Pin "data_out[9]" is stuck at GND
    Warning (13410): Pin "data_out[8]" is stuck at GND
    Warning (13410): Pin "data_out[7]" is stuck at GND
    Warning (13410): Pin "data_out[6]" is stuck at GND
    Warning (13410): Pin "data_out[5]" is stuck at GND
    Warning (13410): Pin "data_out[4]" is stuck at GND
    Warning (13410): Pin "data_out[3]" is stuck at VCC
    Warning (13410): Pin "data_out[2]" is stuck at VCC
    Warning (13410): Pin "data_out[1]" is stuck at VCC
    Warning (13410): Pin "data_out[0]" is stuck at VCC
Info (16010): Generating hard_block partition "hard_block:auto_generated_inst"
    Info (16011): Adding 0 node(s), including 0 DDIO, 0 PLL, 0 transceiver and 0 LCELL
Warning (21074): Design contains 3 input pin(s) that do not drive logic
    Warning (15610): No output dependent on input pin "clk"
    Warning (15610): No output dependent on input pin "rst"
    Warning (15610): No output dependent on input pin "CU"
Info (21057): Implemented 41 device resources after synthesis - the final resource count might be different
    Info (21058): Implemented 3 input pins
    Info (21059): Implemented 38 output pins
Info: Quartus Prime Analysis & Synthesis was successful. 0 errors, 51 warnings
    Info: Peak virtual memory: 4799 megabytes
    Info: Processing ended: Sat Mar 23 14:12:09 2024
    Info: Elapsed time: 00:00:09
    Info: Total CPU time (on all processors): 00:00:10


