Analysis & Synthesis report for ps2_controller
Thu Feb 08 23:44:34 2024
Quartus Prime Version 20.1.1 Build 720 11/11/2020 SJ Lite Edition


---------------------
; Table of Contents ;
---------------------
  1. Legal Notice
  2. Analysis & Synthesis Summary
  3. Analysis & Synthesis Settings
  4. Parallel Compilation
  5. Analysis & Synthesis Source Files Read
  6. Analysis & Synthesis Resource Usage Summary
  7. Analysis & Synthesis Resource Utilization by Entity
  8. General Register Statistics
  9. Inverted Register Statistics
 10. Multiplexer Restructuring Statistics (Restructuring Performed)
 11. Post-Synthesis Netlist Statistics for Top Partition
 12. Elapsed Time Per Partition
 13. Analysis & Synthesis Messages



----------------
; Legal Notice ;
----------------
Copyright (C) 2020  Intel Corporation. All rights reserved.
Your use of Intel Corporation's design tools, logic functions 
and other software and tools, and any partner logic 
functions, and any output files from any of the foregoing 
(including device programming or simulation files), and any 
associated documentation or information are expressly subject 
to the terms and conditions of the Intel Program License 
Subscription Agreement, the Intel Quartus Prime License Agreement,
the Intel FPGA IP License Agreement, or other applicable license
agreement, including, without limitation, that your use is for
the sole purpose of programming logic devices manufactured by
Intel and sold by Intel or its authorized distributors.  Please
refer to the applicable agreement for further details, at
https://fpgasoftware.intel.com/eula.



+-------------------------------------------------------------------------------+
; Analysis & Synthesis Summary                                                  ;
+---------------------------------+---------------------------------------------+
; Analysis & Synthesis Status     ; Successful - Thu Feb 08 23:44:34 2024       ;
; Quartus Prime Version           ; 20.1.1 Build 720 11/11/2020 SJ Lite Edition ;
; Revision Name                   ; ps2_controller                              ;
; Top-level Entity Name           ; TopLevel                                    ;
; Family                          ; Cyclone V                                   ;
; Logic utilization (in ALMs)     ; N/A                                         ;
; Total registers                 ; 47                                          ;
; Total pins                      ; 30                                          ;
; Total virtual pins              ; 0                                           ;
; Total block memory bits         ; 0                                           ;
; Total DSP Blocks                ; 0                                           ;
; Total HSSI RX PCSs              ; 0                                           ;
; Total HSSI PMA RX Deserializers ; 0                                           ;
; Total HSSI TX PCSs              ; 0                                           ;
; Total HSSI PMA TX Serializers   ; 0                                           ;
; Total PLLs                      ; 0                                           ;
; Total DLLs                      ; 0                                           ;
+---------------------------------+---------------------------------------------+


+---------------------------------------------------------------------------------------------------------------------------+
; Analysis & Synthesis Settings                                                                                             ;
+---------------------------------------------------------------------------------+--------------------+--------------------+
; Option                                                                          ; Setting            ; Default Value      ;
+---------------------------------------------------------------------------------+--------------------+--------------------+
; Device                                                                          ; 5CEBA4F23C7        ;                    ;
; Top-level entity name                                                           ; TopLevel           ; ps2_controller     ;
; Family name                                                                     ; Cyclone V          ; Cyclone V          ;
; Use smart compilation                                                           ; Off                ; Off                ;
; Enable parallel Assembler and Timing Analyzer during compilation                ; On                 ; On                 ;
; Enable compact report table                                                     ; Off                ; Off                ;
; Restructure Multiplexers                                                        ; Auto               ; Auto               ;
; MLAB Add Timing Constraints For Mixed-Port Feed-Through Mode Setting Don't Care ; Off                ; Off                ;
; Create Debugging Nodes for IP Cores                                             ; Off                ; Off                ;
; Preserve fewer node names                                                       ; On                 ; On                 ;
; Intel FPGA IP Evaluation Mode                                                   ; Enable             ; Enable             ;
; Verilog Version                                                                 ; Verilog_2001       ; Verilog_2001       ;
; VHDL Version                                                                    ; VHDL_1993          ; VHDL_1993          ;
; State Machine Processing                                                        ; Auto               ; Auto               ;
; Safe State Machine                                                              ; Off                ; Off                ;
; Extract Verilog State Machines                                                  ; On                 ; On                 ;
; Extract VHDL State Machines                                                     ; On                 ; On                 ;
; Ignore Verilog initial constructs                                               ; Off                ; Off                ;
; Iteration limit for constant Verilog loops                                      ; 5000               ; 5000               ;
; Iteration limit for non-constant Verilog loops                                  ; 250                ; 250                ;
; Add Pass-Through Logic to Inferred RAMs                                         ; On                 ; On                 ;
; Infer RAMs from Raw Logic                                                       ; On                 ; On                 ;
; Parallel Synthesis                                                              ; On                 ; On                 ;
; DSP Block Balancing                                                             ; Auto               ; Auto               ;
; NOT Gate Push-Back                                                              ; On                 ; On                 ;
; Power-Up Don't Care                                                             ; On                 ; On                 ;
; Remove Redundant Logic Cells                                                    ; Off                ; Off                ;
; Remove Duplicate Registers                                                      ; On                 ; On                 ;
; Ignore CARRY Buffers                                                            ; Off                ; Off                ;
; Ignore CASCADE Buffers                                                          ; Off                ; Off                ;
; Ignore GLOBAL Buffers                                                           ; Off                ; Off                ;
; Ignore ROW GLOBAL Buffers                                                       ; Off                ; Off                ;
; Ignore LCELL Buffers                                                            ; Off                ; Off                ;
; Ignore SOFT Buffers                                                             ; On                 ; On                 ;
; Limit AHDL Integers to 32 Bits                                                  ; Off                ; Off                ;
; Optimization Technique                                                          ; Balanced           ; Balanced           ;
; Carry Chain Length                                                              ; 70                 ; 70                 ;
; Auto Carry Chains                                                               ; On                 ; On                 ;
; Auto Open-Drain Pins                                                            ; On                 ; On                 ;
; Perform WYSIWYG Primitive Resynthesis                                           ; Off                ; Off                ;
; Auto ROM Replacement                                                            ; On                 ; On                 ;
; Auto RAM Replacement                                                            ; On                 ; On                 ;
; Auto DSP Block Replacement                                                      ; On                 ; On                 ;
; Auto Shift Register Replacement                                                 ; Auto               ; Auto               ;
; Allow Shift Register Merging across Hierarchies                                 ; Auto               ; Auto               ;
; Auto Clock Enable Replacement                                                   ; On                 ; On                 ;
; Strict RAM Replacement                                                          ; Off                ; Off                ;
; Allow Synchronous Control Signals                                               ; On                 ; On                 ;
; Force Use of Synchronous Clear Signals                                          ; Off                ; Off                ;
; Auto Resource Sharing                                                           ; Off                ; Off                ;
; Allow Any RAM Size For Recognition                                              ; Off                ; Off                ;
; Allow Any ROM Size For Recognition                                              ; Off                ; Off                ;
; Allow Any Shift Register Size For Recognition                                   ; Off                ; Off                ;
; Use LogicLock Constraints during Resource Balancing                             ; On                 ; On                 ;
; Ignore translate_off and synthesis_off directives                               ; Off                ; Off                ;
; Timing-Driven Synthesis                                                         ; On                 ; On                 ;
; Report Parameter Settings                                                       ; On                 ; On                 ;
; Report Source Assignments                                                       ; On                 ; On                 ;
; Report Connectivity Checks                                                      ; On                 ; On                 ;
; Ignore Maximum Fan-Out Assignments                                              ; Off                ; Off                ;
; Synchronization Register Chain Length                                           ; 3                  ; 3                  ;
; Power Optimization During Synthesis                                             ; Normal compilation ; Normal compilation ;
; HDL message level                                                               ; Level2             ; Level2             ;
; Suppress Register Optimization Related Messages                                 ; Off                ; Off                ;
; Number of Removed Registers Reported in Synthesis Report                        ; 5000               ; 5000               ;
; Number of Swept Nodes Reported in Synthesis Report                              ; 5000               ; 5000               ;
; Number of Inverted Registers Reported in Synthesis Report                       ; 100                ; 100                ;
; Clock MUX Protection                                                            ; On                 ; On                 ;
; Auto Gated Clock Conversion                                                     ; Off                ; Off                ;
; Block Design Naming                                                             ; Auto               ; Auto               ;
; SDC constraint protection                                                       ; Off                ; Off                ;
; Synthesis Effort                                                                ; Auto               ; Auto               ;
; Shift Register Replacement - Allow Asynchronous Clear Signal                    ; On                 ; On                 ;
; Pre-Mapping Resynthesis Optimization                                            ; Off                ; Off                ;
; Analysis & Synthesis Message Level                                              ; Medium             ; Medium             ;
; Disable Register Merging Across Hierarchies                                     ; Auto               ; Auto               ;
; Resource Aware Inference For Block RAM                                          ; On                 ; On                 ;
; Automatic Parallel Synthesis                                                    ; On                 ; On                 ;
; Partial Reconfiguration Bitstream ID                                            ; Off                ; Off                ;
+---------------------------------------------------------------------------------+--------------------+--------------------+


+------------------------------------------+
; Parallel Compilation                     ;
+----------------------------+-------------+
; Processors                 ; Number      ;
+----------------------------+-------------+
; Number detected on machine ; 16          ;
; Maximum allowed            ; 16          ;
;                            ;             ;
; Average used               ; 1.00        ;
; Maximum used               ; 16          ;
;                            ;             ;
; Usage by Processor         ; % Time Used ;
;     Processor 1            ; 100.0%      ;
;     Processors 2-16        ;   0.0%      ;
+----------------------------+-------------+


+---------------------------------------------------------------------------------------------------------------------------------------------------------------------------------------------------------------+
; Analysis & Synthesis Source Files Read                                                                                                                                                                        ;
+----------------------------------+-----------------+------------------------------------+-----------------------------------------------------------------------------------------------------------+---------+
; File Name with User-Entered Path ; Used in Netlist ; File Type                          ; File Name with Absolute Path                                                                              ; Library ;
+----------------------------------+-----------------+------------------------------------+-----------------------------------------------------------------------------------------------------------+---------+
; sv files/break_code_detector.sv  ; yes             ; User SystemVerilog HDL File        ; C:/Users/minec/Desktop/Work/GitHub Repos/PROJ300/Firmware/PS2 Controller/sv files/break_code_detector.sv  ;         ;
; sv files/seven_seg_controller.sv ; yes             ; User SystemVerilog HDL File        ; C:/Users/minec/Desktop/Work/GitHub Repos/PROJ300/Firmware/PS2 Controller/sv files/seven_seg_controller.sv ;         ;
; sv files/bsy_reader.sv           ; yes             ; User SystemVerilog HDL File        ; C:/Users/minec/Desktop/Work/GitHub Repos/PROJ300/Firmware/PS2 Controller/sv files/bsy_reader.sv           ;         ;
; TopLevel.bdf                     ; yes             ; User Block Diagram/Schematic File  ; C:/Users/minec/Desktop/Work/GitHub Repos/PROJ300/Firmware/PS2 Controller/TopLevel.bdf                     ;         ;
; sv files/ps2_controller.sv       ; yes             ; User SystemVerilog HDL File        ; C:/Users/minec/Desktop/Work/GitHub Repos/PROJ300/Firmware/PS2 Controller/sv files/ps2_controller.sv       ;         ;
; PS2controller.bdf                ; yes             ; User Block Diagram/Schematic File  ; C:/Users/minec/Desktop/Work/GitHub Repos/PROJ300/Firmware/PS2 Controller/PS2controller.bdf                ;         ;
+----------------------------------+-----------------+------------------------------------+-----------------------------------------------------------------------------------------------------------+---------+


+-----------------------------------------------------------------------------------------------------+
; Analysis & Synthesis Resource Usage Summary                                                         ;
+---------------------------------------------+-------------------------------------------------------+
; Resource                                    ; Usage                                                 ;
+---------------------------------------------+-------------------------------------------------------+
; Estimate of Logic utilization (ALMs needed) ; 32                                                    ;
;                                             ;                                                       ;
; Combinational ALUT usage for logic          ; 54                                                    ;
;     -- 7 input functions                    ; 0                                                     ;
;     -- 6 input functions                    ; 5                                                     ;
;     -- 5 input functions                    ; 2                                                     ;
;     -- 4 input functions                    ; 20                                                    ;
;     -- <=3 input functions                  ; 27                                                    ;
;                                             ;                                                       ;
; Dedicated logic registers                   ; 47                                                    ;
;                                             ;                                                       ;
; I/O pins                                    ; 30                                                    ;
;                                             ;                                                       ;
; Total DSP Blocks                            ; 0                                                     ;
;                                             ;                                                       ;
; Maximum fan-out node                        ; PS2controller:inst8|break_code_detector:inst|Equal1~4 ;
; Maximum fan-out                             ; 26                                                    ;
; Total fan-out                               ; 385                                                   ;
; Average fan-out                             ; 2.39                                                  ;
+---------------------------------------------+-------------------------------------------------------+


+------------------------------------------------------------------------------------------------------------------------------------------------------------------------------------------------------------------------------------------+
; Analysis & Synthesis Resource Utilization by Entity                                                                                                                                                                                      ;
+----------------------------------+---------------------+---------------------------+-------------------+------------+------+--------------+--------------------------------------------------------+----------------------+--------------+
; Compilation Hierarchy Node       ; Combinational ALUTs ; Dedicated Logic Registers ; Block Memory Bits ; DSP Blocks ; Pins ; Virtual Pins ; Full Hierarchy Name                                    ; Entity Name          ; Library Name ;
+----------------------------------+---------------------+---------------------------+-------------------+------------+------+--------------+--------------------------------------------------------+----------------------+--------------+
; |TopLevel                        ; 54 (0)              ; 47 (0)                    ; 0                 ; 0          ; 30   ; 0            ; |TopLevel                                              ; TopLevel             ; work         ;
;    |PS2controller:inst8|         ; 40 (1)              ; 47 (0)                    ; 0                 ; 0          ; 0    ; 0            ; |TopLevel|PS2controller:inst8                          ; PS2controller        ; work         ;
;       |break_code_detector:inst| ; 32 (32)             ; 26 (26)                   ; 0                 ; 0          ; 0    ; 0            ; |TopLevel|PS2controller:inst8|break_code_detector:inst ; break_code_detector  ; work         ;
;       |bsy_reader:inst2|         ; 0 (0)               ; 8 (8)                     ; 0                 ; 0          ; 0    ; 0            ; |TopLevel|PS2controller:inst8|bsy_reader:inst2         ; bsy_reader           ; work         ;
;       |ps2_controller:inst1|     ; 7 (7)               ; 13 (13)                   ; 0                 ; 0          ; 0    ; 0            ; |TopLevel|PS2controller:inst8|ps2_controller:inst1     ; ps2_controller       ; work         ;
;    |seven_seg_controller:inst|   ; 14 (14)             ; 0 (0)                     ; 0                 ; 0          ; 0    ; 0            ; |TopLevel|seven_seg_controller:inst                    ; seven_seg_controller ; work         ;
+----------------------------------+---------------------+---------------------------+-------------------+------------+------+--------------+--------------------------------------------------------+----------------------+--------------+
Note: For table entries with two numbers listed, the numbers in parentheses indicate the number of resources of the given type used by the specific entity alone. The numbers listed outside of parentheses indicate the total resources of the given type used by the specific entity and all of its sub-entities in the hierarchy.


+------------------------------------------------------+
; General Register Statistics                          ;
+----------------------------------------------+-------+
; Statistic                                    ; Value ;
+----------------------------------------------+-------+
; Total registers                              ; 47    ;
; Number of registers using Synchronous Clear  ; 33    ;
; Number of registers using Synchronous Load   ; 0     ;
; Number of registers using Asynchronous Clear ; 21    ;
; Number of registers using Asynchronous Load  ; 0     ;
; Number of registers using Clock Enable       ; 8     ;
; Number of registers using Preset             ; 0     ;
+----------------------------------------------+-------+


+--------------------------------------------------------+
; Inverted Register Statistics                           ;
+----------------------------------------------+---------+
; Inverted Register                            ; Fan out ;
+----------------------------------------------+---------+
; PS2controller:inst8|ps2_controller:inst1|bsy ; 8       ;
; Total number of inverted registers = 1       ;         ;
+----------------------------------------------+---------+


+------------------------------------------------------------------------------------------------------------------------------------------------------------------------------+
; Multiplexer Restructuring Statistics (Restructuring Performed)                                                                                                               ;
+--------------------+-----------+---------------+----------------------+------------------------+------------+----------------------------------------------------------------+
; Multiplexer Inputs ; Bus Width ; Baseline Area ; Area if Restructured ; Saving if Restructured ; Registered ; Example Multiplexer Output                                     ;
+--------------------+-----------+---------------+----------------------+------------------------+------------+----------------------------------------------------------------+
; 3:1                ; 8 bits    ; 16 LEs        ; 0 LEs                ; 16 LEs                 ; Yes        ; |TopLevel|PS2controller:inst8|ps2_controller:inst1|data_out[3] ;
+--------------------+-----------+---------------+----------------------+------------------------+------------+----------------------------------------------------------------+


+-----------------------------------------------------+
; Post-Synthesis Netlist Statistics for Top Partition ;
+-----------------------+-----------------------------+
; Type                  ; Count                       ;
+-----------------------+-----------------------------+
; arriav_ff             ; 47                          ;
;     CLR               ; 13                          ;
;     ENA CLR SCLR      ; 8                           ;
;     SCLR              ; 25                          ;
;     plain             ; 1                           ;
; arriav_lcell_comb     ; 57                          ;
;     arith             ; 25                          ;
;         1 data inputs ; 24                          ;
;         2 data inputs ; 1                           ;
;     normal            ; 32                          ;
;         0 data inputs ; 1                           ;
;         1 data inputs ; 2                           ;
;         2 data inputs ; 2                           ;
;         4 data inputs ; 20                          ;
;         5 data inputs ; 2                           ;
;         6 data inputs ; 5                           ;
; boundary_port         ; 30                          ;
;                       ;                             ;
; Max LUT depth         ; 3.40                        ;
; Average LUT depth     ; 2.15                        ;
+-----------------------+-----------------------------+


+-------------------------------+
; Elapsed Time Per Partition    ;
+----------------+--------------+
; Partition Name ; Elapsed Time ;
+----------------+--------------+
; Top            ; 00:00:00     ;
+----------------+--------------+


+-------------------------------+
; Analysis & Synthesis Messages ;
+-------------------------------+
Info: *******************************************************************
Info: Running Quartus Prime Analysis & Synthesis
    Info: Version 20.1.1 Build 720 11/11/2020 SJ Lite Edition
    Info: Processing started: Thu Feb 08 23:44:28 2024
Info: Command: quartus_map --read_settings_files=on --write_settings_files=off ps2_controller -c ps2_controller
Warning (18236): Number of processors has not been specified which may cause overloading on shared machines.  Set the global assignment NUM_PARALLEL_PROCESSORS in your QSF to an appropriate value for best performance.
Info (20030): Parallel compilation is enabled and will use 16 of the 16 processors detected
Info (12021): Found 1 design units, including 1 entities, in source file sv files/fine_clk_divn.sv
    Info (12023): Found entity 1: fine_clk_divN File: C:/Users/minec/Desktop/Work/GitHub Repos/PROJ300/Firmware/PS2 Controller/sv files/fine_clk_divN.sv Line: 1
Info (12021): Found 1 design units, including 1 entities, in source file sv files/break_code_detector.sv
    Info (12023): Found entity 1: break_code_detector File: C:/Users/minec/Desktop/Work/GitHub Repos/PROJ300/Firmware/PS2 Controller/sv files/break_code_detector.sv Line: 1
Info (12021): Found 1 design units, including 1 entities, in source file sv files/seven_seg_controller.sv
    Info (12023): Found entity 1: seven_seg_controller File: C:/Users/minec/Desktop/Work/GitHub Repos/PROJ300/Firmware/PS2 Controller/sv files/seven_seg_controller.sv Line: 1
Info (12021): Found 1 design units, including 1 entities, in source file sv files/bsy_reader.sv
    Info (12023): Found entity 1: bsy_reader File: C:/Users/minec/Desktop/Work/GitHub Repos/PROJ300/Firmware/PS2 Controller/sv files/bsy_reader.sv Line: 1
Info (12021): Found 1 design units, including 1 entities, in source file toplevel.bdf
    Info (12023): Found entity 1: TopLevel
Info (12021): Found 1 design units, including 1 entities, in source file sv files/ps2_controller.sv
    Info (12023): Found entity 1: ps2_controller File: C:/Users/minec/Desktop/Work/GitHub Repos/PROJ300/Firmware/PS2 Controller/sv files/ps2_controller.sv Line: 1
Info (12021): Found 1 design units, including 1 entities, in source file ps2controller.bdf
    Info (12023): Found entity 1: PS2controller
Warning (10222): Verilog HDL Parameter Declaration warning at fine_clk_divN.sv(18): Parameter Declaration in module "fine_clk_divN" behaves as a Local Parameter Declaration because the module has a Module Parameter Port List File: C:/Users/minec/Desktop/Work/GitHub Repos/PROJ300/Firmware/PS2 Controller/sv files/fine_clk_divN.sv Line: 18
Info (12127): Elaborating entity "TopLevel" for the top level hierarchy
Warning (275043): Pin "led1" is missing source
Info (12128): Elaborating entity "seven_seg_controller" for hierarchy "seven_seg_controller:inst"
Info (12128): Elaborating entity "PS2controller" for hierarchy "PS2controller:inst8"
Info (12128): Elaborating entity "bsy_reader" for hierarchy "PS2controller:inst8|bsy_reader:inst2"
Info (12128): Elaborating entity "ps2_controller" for hierarchy "PS2controller:inst8|ps2_controller:inst1"
Warning (10230): Verilog HDL assignment warning at ps2_controller.sv(21): truncated value with size 32 to match size of target (4) File: C:/Users/minec/Desktop/Work/GitHub Repos/PROJ300/Firmware/PS2 Controller/sv files/ps2_controller.sv Line: 21
Info (12128): Elaborating entity "break_code_detector" for hierarchy "PS2controller:inst8|break_code_detector:inst"
Warning (10230): Verilog HDL assignment warning at break_code_detector.sv(27): truncated value with size 32 to match size of target (25) File: C:/Users/minec/Desktop/Work/GitHub Repos/PROJ300/Firmware/PS2 Controller/sv files/break_code_detector.sv Line: 27
Warning (13024): Output pins are stuck at VCC or GND
    Warning (13410): Pin "led1" is stuck at GND
Info (286030): Timing-Driven Synthesis is running
Info (16010): Generating hard_block partition "hard_block:auto_generated_inst"
    Info (16011): Adding 0 node(s), including 0 DDIO, 0 PLL, 0 transceiver and 0 LCELL
Info (21057): Implemented 100 device resources after synthesis - the final resource count might be different
    Info (21058): Implemented 4 input pins
    Info (21059): Implemented 26 output pins
    Info (21061): Implemented 70 logic cells
Info: Quartus Prime Analysis & Synthesis was successful. 0 errors, 7 warnings
    Info: Peak virtual memory: 4898 megabytes
    Info: Processing ended: Thu Feb 08 23:44:34 2024
    Info: Elapsed time: 00:00:06
    Info: Total CPU time (on all processors): 00:00:07


