Analysis & Elaboration report for LEDPANEL
Thu Mar 28 11:39:31 2024
Quartus Prime Version 20.1.0 Build 711 06/05/2020 SJ Lite Edition


---------------------
; Table of Contents ;
---------------------
  1. Legal Notice
  2. Analysis & Elaboration Summary
  3. Parallel Compilation
  4. Parameter Settings for User Entity Instance: SN74HC595:inst|trisateN:inst2
  5. Parameter Settings for User Entity Instance: SN74HC595:inst|regN:inst1
  6. Parameter Settings for User Entity Instance: SN74HC595:inst|SPSR:inst
  7. Parameter Settings for User Entity Instance: SN74HC595:inst2|trisateN:inst2
  8. Parameter Settings for User Entity Instance: SN74HC595:inst2|regN:inst1
  9. Parameter Settings for User Entity Instance: SN74HC595:inst2|SPSR:inst
 10. Parameter Settings for User Entity Instance: SN74HC595:inst3|trisateN:inst2
 11. Parameter Settings for User Entity Instance: SN74HC595:inst3|regN:inst1
 12. Parameter Settings for User Entity Instance: SN74HC595:inst3|SPSR:inst
 13. Parameter Settings for User Entity Instance: SN74HC595:inst4|trisateN:inst2
 14. Parameter Settings for User Entity Instance: SN74HC595:inst4|regN:inst1
 15. Parameter Settings for User Entity Instance: SN74HC595:inst4|SPSR:inst
 16. Analysis & Elaboration Settings
 17. Analysis & Elaboration Messages
 18. Analysis & Elaboration Suppressed Messages



----------------
; Legal Notice ;
----------------
Copyright (C) 2020  Intel Corporation. All rights reserved.
Your use of Intel Corporation's design tools, logic functions 
and other software and tools, and any partner logic 
functions, and any output files from any of the foregoing 
(including device programming or simulation files), and any 
associated documentation or information are expressly subject 
to the terms and conditions of the Intel Program License 
Subscription Agreement, the Intel Quartus Prime License Agreement,
the Intel FPGA IP License Agreement, or other applicable license
agreement, including, without limitation, that your use is for
the sole purpose of programming logic devices manufactured by
Intel and sold by Intel or its authorized distributors.  Please
refer to the applicable agreement for further details, at
https://fpgasoftware.intel.com/eula.



+-----------------------------------------------------------------------------+
; Analysis & Elaboration Summary                                              ;
+-------------------------------+---------------------------------------------+
; Analysis & Elaboration Status ; Successful - Thu Mar 28 11:39:31 2024       ;
; Quartus Prime Version         ; 20.1.0 Build 711 06/05/2020 SJ Lite Edition ;
; Revision Name                 ; LEDPANEL                                    ;
; Top-level Entity Name         ; TopLevel                                    ;
; Family                        ; Cyclone V                                   ;
; Logic utilization (in ALMs)   ; N/A until Partition Merge                   ;
; Total registers               ; N/A until Partition Merge                   ;
; Total pins                    ; N/A until Partition Merge                   ;
; Total virtual pins            ; N/A until Partition Merge                   ;
; Total block memory bits       ; N/A until Partition Merge                   ;
; Total PLLs                    ; N/A until Partition Merge                   ;
; Total DLLs                    ; N/A until Partition Merge                   ;
+-------------------------------+---------------------------------------------+


+------------------------------------------+
; Parallel Compilation                     ;
+----------------------------+-------------+
; Processors                 ; Number      ;
+----------------------------+-------------+
; Number detected on machine ; 8           ;
; Maximum allowed            ; 4           ;
;                            ;             ;
; Average used               ; 1.00        ;
; Maximum used               ; 1           ;
;                            ;             ;
; Usage by Processor         ; % Time Used ;
;     Processor 1            ; 100.0%      ;
+----------------------------+-------------+


+----------------------------------------------------------------------------+
; Parameter Settings for User Entity Instance: SN74HC595:inst|trisateN:inst2 ;
+----------------+-------+---------------------------------------------------+
; Parameter Name ; Value ; Type                                              ;
+----------------+-------+---------------------------------------------------+
; N              ; 8     ; Signed Integer                                    ;
+----------------+-------+---------------------------------------------------+
Note: In order to hide this table in the UI and the text report file, please set the "Show Parameter Settings in Synthesis Report" option in "Analysis and Synthesis Settings -> More Settings" to "Off".


+------------------------------------------------------------------------+
; Parameter Settings for User Entity Instance: SN74HC595:inst|regN:inst1 ;
+----------------+-------+-----------------------------------------------+
; Parameter Name ; Value ; Type                                          ;
+----------------+-------+-----------------------------------------------+
; N              ; 8     ; Signed Integer                                ;
+----------------+-------+-----------------------------------------------+
Note: In order to hide this table in the UI and the text report file, please set the "Show Parameter Settings in Synthesis Report" option in "Analysis and Synthesis Settings -> More Settings" to "Off".


+-----------------------------------------------------------------------+
; Parameter Settings for User Entity Instance: SN74HC595:inst|SPSR:inst ;
+----------------+-------+----------------------------------------------+
; Parameter Name ; Value ; Type                                         ;
+----------------+-------+----------------------------------------------+
; N              ; 8     ; Signed Integer                               ;
+----------------+-------+----------------------------------------------+
Note: In order to hide this table in the UI and the text report file, please set the "Show Parameter Settings in Synthesis Report" option in "Analysis and Synthesis Settings -> More Settings" to "Off".


+-----------------------------------------------------------------------------+
; Parameter Settings for User Entity Instance: SN74HC595:inst2|trisateN:inst2 ;
+----------------+-------+----------------------------------------------------+
; Parameter Name ; Value ; Type                                               ;
+----------------+-------+----------------------------------------------------+
; N              ; 8     ; Signed Integer                                     ;
+----------------+-------+----------------------------------------------------+
Note: In order to hide this table in the UI and the text report file, please set the "Show Parameter Settings in Synthesis Report" option in "Analysis and Synthesis Settings -> More Settings" to "Off".


+-------------------------------------------------------------------------+
; Parameter Settings for User Entity Instance: SN74HC595:inst2|regN:inst1 ;
+----------------+-------+------------------------------------------------+
; Parameter Name ; Value ; Type                                           ;
+----------------+-------+------------------------------------------------+
; N              ; 8     ; Signed Integer                                 ;
+----------------+-------+------------------------------------------------+
Note: In order to hide this table in the UI and the text report file, please set the "Show Parameter Settings in Synthesis Report" option in "Analysis and Synthesis Settings -> More Settings" to "Off".


+------------------------------------------------------------------------+
; Parameter Settings for User Entity Instance: SN74HC595:inst2|SPSR:inst ;
+----------------+-------+-----------------------------------------------+
; Parameter Name ; Value ; Type                                          ;
+----------------+-------+-----------------------------------------------+
; N              ; 8     ; Signed Integer                                ;
+----------------+-------+-----------------------------------------------+
Note: In order to hide this table in the UI and the text report file, please set the "Show Parameter Settings in Synthesis Report" option in "Analysis and Synthesis Settings -> More Settings" to "Off".


+-----------------------------------------------------------------------------+
; Parameter Settings for User Entity Instance: SN74HC595:inst3|trisateN:inst2 ;
+----------------+-------+----------------------------------------------------+
; Parameter Name ; Value ; Type                                               ;
+----------------+-------+----------------------------------------------------+
; N              ; 8     ; Signed Integer                                     ;
+----------------+-------+----------------------------------------------------+
Note: In order to hide this table in the UI and the text report file, please set the "Show Parameter Settings in Synthesis Report" option in "Analysis and Synthesis Settings -> More Settings" to "Off".


+-------------------------------------------------------------------------+
; Parameter Settings for User Entity Instance: SN74HC595:inst3|regN:inst1 ;
+----------------+-------+------------------------------------------------+
; Parameter Name ; Value ; Type                                           ;
+----------------+-------+------------------------------------------------+
; N              ; 8     ; Signed Integer                                 ;
+----------------+-------+------------------------------------------------+
Note: In order to hide this table in the UI and the text report file, please set the "Show Parameter Settings in Synthesis Report" option in "Analysis and Synthesis Settings -> More Settings" to "Off".


+------------------------------------------------------------------------+
; Parameter Settings for User Entity Instance: SN74HC595:inst3|SPSR:inst ;
+----------------+-------+-----------------------------------------------+
; Parameter Name ; Value ; Type                                          ;
+----------------+-------+-----------------------------------------------+
; N              ; 8     ; Signed Integer                                ;
+----------------+-------+-----------------------------------------------+
Note: In order to hide this table in the UI and the text report file, please set the "Show Parameter Settings in Synthesis Report" option in "Analysis and Synthesis Settings -> More Settings" to "Off".


+-----------------------------------------------------------------------------+
; Parameter Settings for User Entity Instance: SN74HC595:inst4|trisateN:inst2 ;
+----------------+-------+----------------------------------------------------+
; Parameter Name ; Value ; Type                                               ;
+----------------+-------+----------------------------------------------------+
; N              ; 8     ; Signed Integer                                     ;
+----------------+-------+----------------------------------------------------+
Note: In order to hide this table in the UI and the text report file, please set the "Show Parameter Settings in Synthesis Report" option in "Analysis and Synthesis Settings -> More Settings" to "Off".


+-------------------------------------------------------------------------+
; Parameter Settings for User Entity Instance: SN74HC595:inst4|regN:inst1 ;
+----------------+-------+------------------------------------------------+
; Parameter Name ; Value ; Type                                           ;
+----------------+-------+------------------------------------------------+
; N              ; 8     ; Signed Integer                                 ;
+----------------+-------+------------------------------------------------+
Note: In order to hide this table in the UI and the text report file, please set the "Show Parameter Settings in Synthesis Report" option in "Analysis and Synthesis Settings -> More Settings" to "Off".


+------------------------------------------------------------------------+
; Parameter Settings for User Entity Instance: SN74HC595:inst4|SPSR:inst ;
+----------------+-------+-----------------------------------------------+
; Parameter Name ; Value ; Type                                          ;
+----------------+-------+-----------------------------------------------+
; N              ; 8     ; Signed Integer                                ;
+----------------+-------+-----------------------------------------------+
Note: In order to hide this table in the UI and the text report file, please set the "Show Parameter Settings in Synthesis Report" option in "Analysis and Synthesis Settings -> More Settings" to "Off".


+---------------------------------------------------------------------------------------------------------------------------+
; Analysis & Elaboration Settings                                                                                           ;
+---------------------------------------------------------------------------------+--------------------+--------------------+
; Option                                                                          ; Setting            ; Default Value      ;
+---------------------------------------------------------------------------------+--------------------+--------------------+
; Device                                                                          ; 5CEBA4F23C7        ;                    ;
; Top-level entity name                                                           ; TopLevel           ; LEDPANEL           ;
; Family name                                                                     ; Cyclone V          ; Cyclone V          ;
; Use smart compilation                                                           ; Off                ; Off                ;
; Enable parallel Assembler and Timing Analyzer during compilation                ; On                 ; On                 ;
; Enable compact report table                                                     ; Off                ; Off                ;
; Restructure Multiplexers                                                        ; Auto               ; Auto               ;
; MLAB Add Timing Constraints For Mixed-Port Feed-Through Mode Setting Don't Care ; Off                ; Off                ;
; Create Debugging Nodes for IP Cores                                             ; Off                ; Off                ;
; Preserve fewer node names                                                       ; On                 ; On                 ;
; Intel FPGA IP Evaluation Mode                                                   ; Enable             ; Enable             ;
; Verilog Version                                                                 ; Verilog_2001       ; Verilog_2001       ;
; VHDL Version                                                                    ; VHDL_1993          ; VHDL_1993          ;
; State Machine Processing                                                        ; Auto               ; Auto               ;
; Safe State Machine                                                              ; Off                ; Off                ;
; Extract Verilog State Machines                                                  ; On                 ; On                 ;
; Extract VHDL State Machines                                                     ; On                 ; On                 ;
; Ignore Verilog initial constructs                                               ; Off                ; Off                ;
; Iteration limit for constant Verilog loops                                      ; 5000               ; 5000               ;
; Iteration limit for non-constant Verilog loops                                  ; 250                ; 250                ;
; Add Pass-Through Logic to Inferred RAMs                                         ; On                 ; On                 ;
; Infer RAMs from Raw Logic                                                       ; On                 ; On                 ;
; Parallel Synthesis                                                              ; On                 ; On                 ;
; DSP Block Balancing                                                             ; Auto               ; Auto               ;
; NOT Gate Push-Back                                                              ; On                 ; On                 ;
; Power-Up Don't Care                                                             ; On                 ; On                 ;
; Remove Redundant Logic Cells                                                    ; Off                ; Off                ;
; Remove Duplicate Registers                                                      ; On                 ; On                 ;
; Ignore CARRY Buffers                                                            ; Off                ; Off                ;
; Ignore CASCADE Buffers                                                          ; Off                ; Off                ;
; Ignore GLOBAL Buffers                                                           ; Off                ; Off                ;
; Ignore ROW GLOBAL Buffers                                                       ; Off                ; Off                ;
; Ignore LCELL Buffers                                                            ; Off                ; Off                ;
; Ignore SOFT Buffers                                                             ; On                 ; On                 ;
; Limit AHDL Integers to 32 Bits                                                  ; Off                ; Off                ;
; Optimization Technique                                                          ; Balanced           ; Balanced           ;
; Carry Chain Length                                                              ; 70                 ; 70                 ;
; Auto Carry Chains                                                               ; On                 ; On                 ;
; Auto Open-Drain Pins                                                            ; On                 ; On                 ;
; Perform WYSIWYG Primitive Resynthesis                                           ; Off                ; Off                ;
; Auto ROM Replacement                                                            ; On                 ; On                 ;
; Auto RAM Replacement                                                            ; On                 ; On                 ;
; Auto DSP Block Replacement                                                      ; On                 ; On                 ;
; Auto Shift Register Replacement                                                 ; Auto               ; Auto               ;
; Allow Shift Register Merging across Hierarchies                                 ; Auto               ; Auto               ;
; Auto Clock Enable Replacement                                                   ; On                 ; On                 ;
; Strict RAM Replacement                                                          ; Off                ; Off                ;
; Allow Synchronous Control Signals                                               ; On                 ; On                 ;
; Force Use of Synchronous Clear Signals                                          ; Off                ; Off                ;
; Auto Resource Sharing                                                           ; Off                ; Off                ;
; Allow Any RAM Size For Recognition                                              ; Off                ; Off                ;
; Allow Any ROM Size For Recognition                                              ; Off                ; Off                ;
; Allow Any Shift Register Size For Recognition                                   ; Off                ; Off                ;
; Use LogicLock Constraints during Resource Balancing                             ; On                 ; On                 ;
; Ignore translate_off and synthesis_off directives                               ; Off                ; Off                ;
; Timing-Driven Synthesis                                                         ; On                 ; On                 ;
; Report Parameter Settings                                                       ; On                 ; On                 ;
; Report Source Assignments                                                       ; On                 ; On                 ;
; Report Connectivity Checks                                                      ; On                 ; On                 ;
; Ignore Maximum Fan-Out Assignments                                              ; Off                ; Off                ;
; Synchronization Register Chain Length                                           ; 3                  ; 3                  ;
; Power Optimization During Synthesis                                             ; Normal compilation ; Normal compilation ;
; HDL message level                                                               ; Level2             ; Level2             ;
; Suppress Register Optimization Related Messages                                 ; Off                ; Off                ;
; Number of Removed Registers Reported in Synthesis Report                        ; 5000               ; 5000               ;
; Number of Swept Nodes Reported in Synthesis Report                              ; 5000               ; 5000               ;
; Number of Inverted Registers Reported in Synthesis Report                       ; 100                ; 100                ;
; Clock MUX Protection                                                            ; On                 ; On                 ;
; Auto Gated Clock Conversion                                                     ; Off                ; Off                ;
; Block Design Naming                                                             ; Auto               ; Auto               ;
; SDC constraint protection                                                       ; Off                ; Off                ;
; Synthesis Effort                                                                ; Auto               ; Auto               ;
; Shift Register Replacement - Allow Asynchronous Clear Signal                    ; On                 ; On                 ;
; Pre-Mapping Resynthesis Optimization                                            ; Off                ; Off                ;
; Analysis & Synthesis Message Level                                              ; Medium             ; Medium             ;
; Disable Register Merging Across Hierarchies                                     ; Auto               ; Auto               ;
; Resource Aware Inference For Block RAM                                          ; On                 ; On                 ;
; Automatic Parallel Synthesis                                                    ; On                 ; On                 ;
; Partial Reconfiguration Bitstream ID                                            ; Off                ; Off                ;
+---------------------------------------------------------------------------------+--------------------+--------------------+


+---------------------------------+
; Analysis & Elaboration Messages ;
+---------------------------------+
Info: *******************************************************************
Info: Running Quartus Prime Analysis & Elaboration
    Info: Version 20.1.0 Build 711 06/05/2020 SJ Lite Edition
    Info: Processing started: Thu Mar 28 11:39:23 2024
Info: Command: quartus_map --read_settings_files=on --write_settings_files=off LEDPANEL -c LEDPANEL --analysis_and_elaboration
Warning (18236): Number of processors has not been specified which may cause overloading on shared machines.  Set the global assignment NUM_PARALLEL_PROCESSORS in your QSF to an appropriate value for best performance.
Info (20030): Parallel compilation is enabled and will use 4 of the 4 processors detected
Info (12021): Found 1 design units, including 1 entities, in source file sv files/andsix.sv
    Info (12023): Found entity 1: andsix File: C:/Users/minec/Desktop/github/PROJ300/Firmware/LED Panel Modelling/sv files/andsix.sv Line: 1
Info (12021): Found 1 design units, including 1 entities, in source file sv files/sn74ls74.sv
    Info (12023): Found entity 1: SN74LS74 File: C:/Users/minec/Desktop/github/PROJ300/Firmware/LED Panel Modelling/sv files/SN74LS74.sv Line: 1
Info (12021): Found 1 design units, including 1 entities, in source file sv files/sn74hc573.sv
    Info (12023): Found entity 1: SN74HC573 File: C:/Users/minec/Desktop/github/PROJ300/Firmware/LED Panel Modelling/sv files/SN74HC573.sv Line: 1
Info (12021): Found 1 design units, including 1 entities, in source file sv files/andfour.sv
    Info (12023): Found entity 1: andfour File: C:/Users/minec/Desktop/github/PROJ300/Firmware/LED Panel Modelling/sv files/andfour.sv Line: 1
Info (12021): Found 1 design units, including 1 entities, in source file sv files/andfive.sv
    Info (12023): Found entity 1: andfive File: C:/Users/minec/Desktop/github/PROJ300/Firmware/LED Panel Modelling/sv files/andfive.sv Line: 1
Info (12021): Found 1 design units, including 1 entities, in source file sv files/cd4024.sv
    Info (12023): Found entity 1: CD4024 File: C:/Users/minec/Desktop/github/PROJ300/Firmware/LED Panel Modelling/sv files/CD4024.sv Line: 1
Info (12021): Found 1 design units, including 1 entities, in source file sv files/tristaten.sv
    Info (12023): Found entity 1: trisateN File: C:/Users/minec/Desktop/github/PROJ300/Firmware/LED Panel Modelling/sv files/tristateN.sv Line: 1
Info (12021): Found 1 design units, including 1 entities, in source file sv files/spsr.sv
    Info (12023): Found entity 1: SPSR File: C:/Users/minec/Desktop/github/PROJ300/Firmware/LED Panel Modelling/sv files/SPSR.sv Line: 1
Info (12021): Found 1 design units, including 1 entities, in source file sv files/regn.sv
    Info (12023): Found entity 1: regN File: C:/Users/minec/Desktop/github/PROJ300/Firmware/LED Panel Modelling/sv files/regN.sv Line: 1
Info (12021): Found 1 design units, including 1 entities, in source file toplevel.bdf
    Info (12023): Found entity 1: TopLevel
Info (12021): Found 1 design units, including 1 entities, in source file sn74hc595.bdf
    Info (12023): Found entity 1: SN74HC595
Info (12021): Found 1 design units, including 1 entities, in source file sn74ls04.bdf
    Info (12023): Found entity 1: SN74LS04
Info (12021): Found 1 design units, including 1 entities, in source file sn74hc08.bdf
    Info (12023): Found entity 1: SN74HC08
Info (12021): Found 1 design units, including 1 entities, in source file cd4075.bdf
    Info (12023): Found entity 1: CD4075
Info (12021): Found 1 design units, including 1 entities, in source file cd4001.bdf
    Info (12023): Found entity 1: CD4001
Info (12127): Elaborating entity "TopLevel" for the top level hierarchy
Info (12128): Elaborating entity "SN74HC573" for hierarchy "SN74HC573:inst21"
Warning (10230): Verilog HDL assignment warning at SN74HC573.sv(18): truncated value with size 32 to match size of target (8) File: C:/Users/minec/Desktop/github/PROJ300/Firmware/LED Panel Modelling/sv files/SN74HC573.sv Line: 18
Info (10041): Inferred latch for "internal_reg[0]" at SN74HC573.sv(26) File: C:/Users/minec/Desktop/github/PROJ300/Firmware/LED Panel Modelling/sv files/SN74HC573.sv Line: 26
Info (10041): Inferred latch for "internal_reg[1]" at SN74HC573.sv(26) File: C:/Users/minec/Desktop/github/PROJ300/Firmware/LED Panel Modelling/sv files/SN74HC573.sv Line: 26
Info (10041): Inferred latch for "internal_reg[2]" at SN74HC573.sv(26) File: C:/Users/minec/Desktop/github/PROJ300/Firmware/LED Panel Modelling/sv files/SN74HC573.sv Line: 26
Info (10041): Inferred latch for "internal_reg[3]" at SN74HC573.sv(26) File: C:/Users/minec/Desktop/github/PROJ300/Firmware/LED Panel Modelling/sv files/SN74HC573.sv Line: 26
Info (10041): Inferred latch for "internal_reg[4]" at SN74HC573.sv(26) File: C:/Users/minec/Desktop/github/PROJ300/Firmware/LED Panel Modelling/sv files/SN74HC573.sv Line: 26
Info (10041): Inferred latch for "internal_reg[5]" at SN74HC573.sv(26) File: C:/Users/minec/Desktop/github/PROJ300/Firmware/LED Panel Modelling/sv files/SN74HC573.sv Line: 26
Info (10041): Inferred latch for "internal_reg[6]" at SN74HC573.sv(26) File: C:/Users/minec/Desktop/github/PROJ300/Firmware/LED Panel Modelling/sv files/SN74HC573.sv Line: 26
Info (10041): Inferred latch for "internal_reg[7]" at SN74HC573.sv(26) File: C:/Users/minec/Desktop/github/PROJ300/Firmware/LED Panel Modelling/sv files/SN74HC573.sv Line: 26
Info (12128): Elaborating entity "SN74HC08" for hierarchy "SN74HC08:inst12"
Info (12128): Elaborating entity "SN74LS04" for hierarchy "SN74LS04:inst9"
Info (12128): Elaborating entity "CD4024" for hierarchy "CD4024:inst15"
Warning (10230): Verilog HDL assignment warning at CD4024.sv(20): truncated value with size 32 to match size of target (7) File: C:/Users/minec/Desktop/github/PROJ300/Firmware/LED Panel Modelling/sv files/CD4024.sv Line: 20
Info (12128): Elaborating entity "CD4075" for hierarchy "CD4075:inst13"
Info (12128): Elaborating entity "SN74LS74" for hierarchy "SN74LS74:inst29"
Info (12128): Elaborating entity "SN74HC595" for hierarchy "SN74HC595:inst"
Info (12128): Elaborating entity "trisateN" for hierarchy "SN74HC595:inst|trisateN:inst2"
Warning (10230): Verilog HDL assignment warning at tristateN.sv(10): truncated value with size 32 to match size of target (8) File: C:/Users/minec/Desktop/github/PROJ300/Firmware/LED Panel Modelling/sv files/tristateN.sv Line: 10
Info (12128): Elaborating entity "regN" for hierarchy "SN74HC595:inst|regN:inst1"
Warning (10230): Verilog HDL assignment warning at regN.sv(45): truncated value with size 32 to match size of target (8) File: C:/Users/minec/Desktop/github/PROJ300/Firmware/LED Panel Modelling/sv files/regN.sv Line: 45
Warning (10270): Verilog HDL Case Statement warning at regN.sv(35): incomplete case statement has no default case item File: C:/Users/minec/Desktop/github/PROJ300/Firmware/LED Panel Modelling/sv files/regN.sv Line: 35
Info (10264): Verilog HDL Case Statement information at regN.sv(35): all case item expressions in this case statement are onehot File: C:/Users/minec/Desktop/github/PROJ300/Firmware/LED Panel Modelling/sv files/regN.sv Line: 35
Warning (10240): Verilog HDL Always Construct warning at regN.sv(20): inferring latch(es) for variable "internal_reg", which holds its previous value in one or more paths through the always construct File: C:/Users/minec/Desktop/github/PROJ300/Firmware/LED Panel Modelling/sv files/regN.sv Line: 20
Info (10041): Inferred latch for "internal_reg[0]" at regN.sv(20) File: C:/Users/minec/Desktop/github/PROJ300/Firmware/LED Panel Modelling/sv files/regN.sv Line: 20
Info (10041): Inferred latch for "internal_reg[1]" at regN.sv(20) File: C:/Users/minec/Desktop/github/PROJ300/Firmware/LED Panel Modelling/sv files/regN.sv Line: 20
Info (10041): Inferred latch for "internal_reg[2]" at regN.sv(20) File: C:/Users/minec/Desktop/github/PROJ300/Firmware/LED Panel Modelling/sv files/regN.sv Line: 20
Info (10041): Inferred latch for "internal_reg[3]" at regN.sv(20) File: C:/Users/minec/Desktop/github/PROJ300/Firmware/LED Panel Modelling/sv files/regN.sv Line: 20
Info (10041): Inferred latch for "internal_reg[4]" at regN.sv(20) File: C:/Users/minec/Desktop/github/PROJ300/Firmware/LED Panel Modelling/sv files/regN.sv Line: 20
Info (10041): Inferred latch for "internal_reg[5]" at regN.sv(20) File: C:/Users/minec/Desktop/github/PROJ300/Firmware/LED Panel Modelling/sv files/regN.sv Line: 20
Info (10041): Inferred latch for "internal_reg[6]" at regN.sv(20) File: C:/Users/minec/Desktop/github/PROJ300/Firmware/LED Panel Modelling/sv files/regN.sv Line: 20
Info (10041): Inferred latch for "internal_reg[7]" at regN.sv(20) File: C:/Users/minec/Desktop/github/PROJ300/Firmware/LED Panel Modelling/sv files/regN.sv Line: 20
Info (12128): Elaborating entity "SPSR" for hierarchy "SN74HC595:inst|SPSR:inst"
Info (12128): Elaborating entity "CD4001" for hierarchy "CD4001:inst17"
Info (144001): Generated suppressed messages file C:/Users/minec/Desktop/github/PROJ300/Firmware/LED Panel Modelling/output_files/LEDPANEL.map.smsg
Info: Quartus Prime Analysis & Elaboration was successful. 0 errors, 7 warnings
    Info: Peak virtual memory: 4770 megabytes
    Info: Processing ended: Thu Mar 28 11:39:31 2024
    Info: Elapsed time: 00:00:08
    Info: Total CPU time (on all processors): 00:00:10


+--------------------------------------------+
; Analysis & Elaboration Suppressed Messages ;
+--------------------------------------------+
The suppressed messages can be found in C:/Users/minec/Desktop/github/PROJ300/Firmware/LED Panel Modelling/output_files/LEDPANEL.map.smsg.


