Analysis & Synthesis report for VGA_controller
Thu Feb 01 05:39:45 2024
Quartus Prime Version 20.1.1 Build 720 11/11/2020 SJ Lite Edition


---------------------
; Table of Contents ;
---------------------
  1. Legal Notice
  2. Analysis & Synthesis Summary
  3. Analysis & Synthesis Settings
  4. Parallel Compilation
  5. Analysis & Synthesis Source Files Read
  6. Analysis & Synthesis Resource Usage Summary
  7. Analysis & Synthesis Resource Utilization by Entity
  8. Registers Removed During Synthesis
  9. General Register Statistics
 10. Multiplexer Restructuring Statistics (Restructuring Performed)
 11. Parameter Settings for User Entity Instance: sprite_ROM_square2:inst8
 12. Parameter Settings for User Entity Instance: sprite_ROM_square:inst11
 13. Post-Synthesis Netlist Statistics for Top Partition
 14. Elapsed Time Per Partition
 15. Analysis & Synthesis Messages



----------------
; Legal Notice ;
----------------
Copyright (C) 2020  Intel Corporation. All rights reserved.
Your use of Intel Corporation's design tools, logic functions 
and other software and tools, and any partner logic 
functions, and any output files from any of the foregoing 
(including device programming or simulation files), and any 
associated documentation or information are expressly subject 
to the terms and conditions of the Intel Program License 
Subscription Agreement, the Intel Quartus Prime License Agreement,
the Intel FPGA IP License Agreement, or other applicable license
agreement, including, without limitation, that your use is for
the sole purpose of programming logic devices manufactured by
Intel and sold by Intel or its authorized distributors.  Please
refer to the applicable agreement for further details, at
https://fpgasoftware.intel.com/eula.



+-------------------------------------------------------------------------------+
; Analysis & Synthesis Summary                                                  ;
+---------------------------------+---------------------------------------------+
; Analysis & Synthesis Status     ; Successful - Thu Feb 01 05:39:45 2024       ;
; Quartus Prime Version           ; 20.1.1 Build 720 11/11/2020 SJ Lite Edition ;
; Revision Name                   ; VGA_controller                              ;
; Top-level Entity Name           ; VGA_controller                              ;
; Family                          ; Cyclone V                                   ;
; Logic utilization (in ALMs)     ; N/A                                         ;
; Total registers                 ; 33                                          ;
; Total pins                      ; 17                                          ;
; Total virtual pins              ; 0                                           ;
; Total block memory bits         ; 0                                           ;
; Total DSP Blocks                ; 0                                           ;
; Total HSSI RX PCSs              ; 0                                           ;
; Total HSSI PMA RX Deserializers ; 0                                           ;
; Total HSSI TX PCSs              ; 0                                           ;
; Total HSSI PMA TX Serializers   ; 0                                           ;
; Total PLLs                      ; 0                                           ;
; Total DLLs                      ; 0                                           ;
+---------------------------------+---------------------------------------------+


+---------------------------------------------------------------------------------------------------------------------------+
; Analysis & Synthesis Settings                                                                                             ;
+---------------------------------------------------------------------------------+--------------------+--------------------+
; Option                                                                          ; Setting            ; Default Value      ;
+---------------------------------------------------------------------------------+--------------------+--------------------+
; Device                                                                          ; 5CEBA4F23C7        ;                    ;
; Top-level entity name                                                           ; VGA_controller     ; VGA_controller     ;
; Family name                                                                     ; Cyclone V          ; Cyclone V          ;
; Use smart compilation                                                           ; Off                ; Off                ;
; Enable parallel Assembler and Timing Analyzer during compilation                ; On                 ; On                 ;
; Enable compact report table                                                     ; Off                ; Off                ;
; Restructure Multiplexers                                                        ; Auto               ; Auto               ;
; MLAB Add Timing Constraints For Mixed-Port Feed-Through Mode Setting Don't Care ; Off                ; Off                ;
; Create Debugging Nodes for IP Cores                                             ; Off                ; Off                ;
; Preserve fewer node names                                                       ; On                 ; On                 ;
; Intel FPGA IP Evaluation Mode                                                   ; Enable             ; Enable             ;
; Verilog Version                                                                 ; Verilog_2001       ; Verilog_2001       ;
; VHDL Version                                                                    ; VHDL_1993          ; VHDL_1993          ;
; State Machine Processing                                                        ; Auto               ; Auto               ;
; Safe State Machine                                                              ; Off                ; Off                ;
; Extract Verilog State Machines                                                  ; On                 ; On                 ;
; Extract VHDL State Machines                                                     ; On                 ; On                 ;
; Ignore Verilog initial constructs                                               ; Off                ; Off                ;
; Iteration limit for constant Verilog loops                                      ; 5000               ; 5000               ;
; Iteration limit for non-constant Verilog loops                                  ; 250                ; 250                ;
; Add Pass-Through Logic to Inferred RAMs                                         ; On                 ; On                 ;
; Infer RAMs from Raw Logic                                                       ; On                 ; On                 ;
; Parallel Synthesis                                                              ; On                 ; On                 ;
; DSP Block Balancing                                                             ; Auto               ; Auto               ;
; NOT Gate Push-Back                                                              ; On                 ; On                 ;
; Power-Up Don't Care                                                             ; On                 ; On                 ;
; Remove Redundant Logic Cells                                                    ; Off                ; Off                ;
; Remove Duplicate Registers                                                      ; On                 ; On                 ;
; Ignore CARRY Buffers                                                            ; Off                ; Off                ;
; Ignore CASCADE Buffers                                                          ; Off                ; Off                ;
; Ignore GLOBAL Buffers                                                           ; Off                ; Off                ;
; Ignore ROW GLOBAL Buffers                                                       ; Off                ; Off                ;
; Ignore LCELL Buffers                                                            ; Off                ; Off                ;
; Ignore SOFT Buffers                                                             ; On                 ; On                 ;
; Limit AHDL Integers to 32 Bits                                                  ; Off                ; Off                ;
; Optimization Technique                                                          ; Balanced           ; Balanced           ;
; Carry Chain Length                                                              ; 70                 ; 70                 ;
; Auto Carry Chains                                                               ; On                 ; On                 ;
; Auto Open-Drain Pins                                                            ; On                 ; On                 ;
; Perform WYSIWYG Primitive Resynthesis                                           ; Off                ; Off                ;
; Auto ROM Replacement                                                            ; On                 ; On                 ;
; Auto RAM Replacement                                                            ; On                 ; On                 ;
; Auto DSP Block Replacement                                                      ; On                 ; On                 ;
; Auto Shift Register Replacement                                                 ; Auto               ; Auto               ;
; Allow Shift Register Merging across Hierarchies                                 ; Auto               ; Auto               ;
; Auto Clock Enable Replacement                                                   ; On                 ; On                 ;
; Strict RAM Replacement                                                          ; Off                ; Off                ;
; Allow Synchronous Control Signals                                               ; On                 ; On                 ;
; Force Use of Synchronous Clear Signals                                          ; Off                ; Off                ;
; Auto Resource Sharing                                                           ; Off                ; Off                ;
; Allow Any RAM Size For Recognition                                              ; Off                ; Off                ;
; Allow Any ROM Size For Recognition                                              ; Off                ; Off                ;
; Allow Any Shift Register Size For Recognition                                   ; Off                ; Off                ;
; Use LogicLock Constraints during Resource Balancing                             ; On                 ; On                 ;
; Ignore translate_off and synthesis_off directives                               ; Off                ; Off                ;
; Timing-Driven Synthesis                                                         ; On                 ; On                 ;
; Report Parameter Settings                                                       ; On                 ; On                 ;
; Report Source Assignments                                                       ; On                 ; On                 ;
; Report Connectivity Checks                                                      ; On                 ; On                 ;
; Ignore Maximum Fan-Out Assignments                                              ; Off                ; Off                ;
; Synchronization Register Chain Length                                           ; 3                  ; 3                  ;
; Power Optimization During Synthesis                                             ; Normal compilation ; Normal compilation ;
; HDL message level                                                               ; Level2             ; Level2             ;
; Suppress Register Optimization Related Messages                                 ; Off                ; Off                ;
; Number of Removed Registers Reported in Synthesis Report                        ; 5000               ; 5000               ;
; Number of Swept Nodes Reported in Synthesis Report                              ; 5000               ; 5000               ;
; Number of Inverted Registers Reported in Synthesis Report                       ; 100                ; 100                ;
; Clock MUX Protection                                                            ; On                 ; On                 ;
; Auto Gated Clock Conversion                                                     ; Off                ; Off                ;
; Block Design Naming                                                             ; Auto               ; Auto               ;
; SDC constraint protection                                                       ; Off                ; Off                ;
; Synthesis Effort                                                                ; Auto               ; Auto               ;
; Shift Register Replacement - Allow Asynchronous Clear Signal                    ; On                 ; On                 ;
; Pre-Mapping Resynthesis Optimization                                            ; Off                ; Off                ;
; Analysis & Synthesis Message Level                                              ; Medium             ; Medium             ;
; Disable Register Merging Across Hierarchies                                     ; Auto               ; Auto               ;
; Resource Aware Inference For Block RAM                                          ; On                 ; On                 ;
; Automatic Parallel Synthesis                                                    ; On                 ; On                 ;
; Partial Reconfiguration Bitstream ID                                            ; Off                ; Off                ;
+---------------------------------------------------------------------------------+--------------------+--------------------+


+------------------------------------------+
; Parallel Compilation                     ;
+----------------------------+-------------+
; Processors                 ; Number      ;
+----------------------------+-------------+
; Number detected on machine ; 16          ;
; Maximum allowed            ; 16          ;
;                            ;             ;
; Average used               ; 1.00        ;
; Maximum used               ; 16          ;
;                            ;             ;
; Usage by Processor         ; % Time Used ;
;     Processor 1            ; 100.0%      ;
;     Processors 2-16        ;   0.0%      ;
+----------------------------+-------------+


+-------------------------------------------------------------------------------------------------------------------------------------------------------------------------------------------------------------+
; Analysis & Synthesis Source Files Read                                                                                                                                                                      ;
+----------------------------------+-----------------+------------------------------------+---------------------------------------------------------------------------------------------------------+---------+
; File Name with User-Entered Path ; Used in Netlist ; File Type                          ; File Name with Absolute Path                                                                            ; Library ;
+----------------------------------+-----------------+------------------------------------+---------------------------------------------------------------------------------------------------------+---------+
; sv files/sprite_ROM_square2.sv   ; yes             ; User SystemVerilog HDL File        ; C:/Users/minec/Desktop/Work/GitHub Repos/PROJ300/Firmware/VGA Controller/sv files/sprite_ROM_square2.sv ;         ;
; sv files/sprite_MUX.sv           ; yes             ; User SystemVerilog HDL File        ; C:/Users/minec/Desktop/Work/GitHub Repos/PROJ300/Firmware/VGA Controller/sv files/sprite_MUX.sv         ;         ;
; sv files/selector.sv             ; yes             ; User SystemVerilog HDL File        ; C:/Users/minec/Desktop/Work/GitHub Repos/PROJ300/Firmware/VGA Controller/sv files/selector.sv           ;         ;
; sv files/sprite_ROM_square.sv    ; yes             ; User SystemVerilog HDL File        ; C:/Users/minec/Desktop/Work/GitHub Repos/PROJ300/Firmware/VGA Controller/sv files/sprite_ROM_square.sv  ;         ;
; sv files/xnor_2.sv               ; yes             ; User SystemVerilog HDL File        ; C:/Users/minec/Desktop/Work/GitHub Repos/PROJ300/Firmware/VGA Controller/sv files/xnor_2.sv             ;         ;
; sv files/rgb_controller.sv       ; yes             ; User SystemVerilog HDL File        ; C:/Users/minec/Desktop/Work/GitHub Repos/PROJ300/Firmware/VGA Controller/sv files/rgb_controller.sv     ;         ;
; sv files/vsync_cnt.sv            ; yes             ; User SystemVerilog HDL File        ; C:/Users/minec/Desktop/Work/GitHub Repos/PROJ300/Firmware/VGA Controller/sv files/vsync_cnt.sv          ;         ;
; sv files/t_ff.sv                 ; yes             ; User SystemVerilog HDL File        ; C:/Users/minec/Desktop/Work/GitHub Repos/PROJ300/Firmware/VGA Controller/sv files/t_ff.sv               ;         ;
; sv files/hsync_cnt.sv            ; yes             ; User SystemVerilog HDL File        ; C:/Users/minec/Desktop/Work/GitHub Repos/PROJ300/Firmware/VGA Controller/sv files/hsync_cnt.sv          ;         ;
; VGA_controller.bdf               ; yes             ; User Block Diagram/Schematic File  ; C:/Users/minec/Desktop/Work/GitHub Repos/PROJ300/Firmware/VGA Controller/VGA_controller.bdf             ;         ;
; rgbMUX.bdf                       ; yes             ; User Block Diagram/Schematic File  ; C:/Users/minec/Desktop/Work/GitHub Repos/PROJ300/Firmware/VGA Controller/rgbMUX.bdf                     ;         ;
+----------------------------------+-----------------+------------------------------------+---------------------------------------------------------------------------------------------------------+---------+


+-----------------------------------------------------------+
; Analysis & Synthesis Resource Usage Summary               ;
+---------------------------------------------+-------------+
; Resource                                    ; Usage       ;
+---------------------------------------------+-------------+
; Estimate of Logic utilization (ALMs needed) ; 40          ;
;                                             ;             ;
; Combinational ALUT usage for logic          ; 63          ;
;     -- 7 input functions                    ; 0           ;
;     -- 6 input functions                    ; 15          ;
;     -- 5 input functions                    ; 10          ;
;     -- 4 input functions                    ; 7           ;
;     -- <=3 input functions                  ; 31          ;
;                                             ;             ;
; Dedicated logic registers                   ; 33          ;
;                                             ;             ;
; I/O pins                                    ; 17          ;
;                                             ;             ;
; Total DSP Blocks                            ; 0           ;
;                                             ;             ;
; Maximum fan-out node                        ; t_ff:inst|q ;
; Maximum fan-out                             ; 33          ;
; Total fan-out                               ; 360         ;
; Average fan-out                             ; 2.77        ;
+---------------------------------------------+-------------+


+-----------------------------------------------------------------------------------------------------------------------------------------------------------------------------------------------------------------------+
; Analysis & Synthesis Resource Utilization by Entity                                                                                                                                                                   ;
+-------------------------------+---------------------+---------------------------+-------------------+------------+------+--------------+------------------------------------------+--------------------+--------------+
; Compilation Hierarchy Node    ; Combinational ALUTs ; Dedicated Logic Registers ; Block Memory Bits ; DSP Blocks ; Pins ; Virtual Pins ; Full Hierarchy Name                      ; Entity Name        ; Library Name ;
+-------------------------------+---------------------+---------------------------+-------------------+------------+------+--------------+------------------------------------------+--------------------+--------------+
; |VGA_controller               ; 63 (0)              ; 33 (0)                    ; 0                 ; 0          ; 17   ; 0            ; |VGA_controller                          ; VGA_controller     ; work         ;
;    |hsync_cnt:inst1|          ; 23 (23)             ; 12 (12)                   ; 0                 ; 0          ; 0    ; 0            ; |VGA_controller|hsync_cnt:inst1          ; hsync_cnt          ; work         ;
;    |rgb_controller:inst4|     ; 7 (7)               ; 8 (8)                     ; 0                 ; 0          ; 0    ; 0            ; |VGA_controller|rgb_controller:inst4     ; rgb_controller     ; work         ;
;    |sprite_ROM_square2:inst8| ; 5 (5)               ; 0 (0)                     ; 0                 ; 0          ; 0    ; 0            ; |VGA_controller|sprite_ROM_square2:inst8 ; sprite_ROM_square2 ; work         ;
;    |t_ff:inst|                ; 1 (1)               ; 1 (1)                     ; 0                 ; 0          ; 0    ; 0            ; |VGA_controller|t_ff:inst                ; t_ff               ; work         ;
;    |vsync_cnt:inst2|          ; 27 (27)             ; 12 (12)                   ; 0                 ; 0          ; 0    ; 0            ; |VGA_controller|vsync_cnt:inst2          ; vsync_cnt          ; work         ;
+-------------------------------+---------------------+---------------------------+-------------------+------------+------+--------------+------------------------------------------+--------------------+--------------+
Note: For table entries with two numbers listed, the numbers in parentheses indicate the number of resources of the given type used by the specific entity alone. The numbers listed outside of parentheses indicate the total resources of the given type used by the specific entity and all of its sub-entities in the hierarchy.


+--------------------------------------------------------------------------------+
; Registers Removed During Synthesis                                             ;
+---------------------------------------+----------------------------------------+
; Register name                         ; Reason for Removal                     ;
+---------------------------------------+----------------------------------------+
; rgb_controller:inst4|colour_reg[0..3] ; Stuck at GND due to stuck port data_in ;
; Total Number of Removed Registers = 4 ;                                        ;
+---------------------------------------+----------------------------------------+


+------------------------------------------------------+
; General Register Statistics                          ;
+----------------------------------------------+-------+
; Statistic                                    ; Value ;
+----------------------------------------------+-------+
; Total registers                              ; 33    ;
; Number of registers using Synchronous Clear  ; 20    ;
; Number of registers using Synchronous Load   ; 0     ;
; Number of registers using Asynchronous Clear ; 0     ;
; Number of registers using Asynchronous Load  ; 0     ;
; Number of registers using Clock Enable       ; 14    ;
; Number of registers using Preset             ; 0     ;
+----------------------------------------------+-------+


+---------------------------------------------------------------------------------------------------------------------------------------------------------------+
; Multiplexer Restructuring Statistics (Restructuring Performed)                                                                                                ;
+--------------------+-----------+---------------+----------------------+------------------------+------------+-------------------------------------------------+
; Multiplexer Inputs ; Bus Width ; Baseline Area ; Area if Restructured ; Saving if Restructured ; Registered ; Example Multiplexer Output                      ;
+--------------------+-----------+---------------+----------------------+------------------------+------------+-------------------------------------------------+
; 3:1                ; 10 bits   ; 20 LEs        ; 0 LEs                ; 20 LEs                 ; Yes        ; |VGA_controller|hsync_cnt:inst1|count_reg[9]    ;
; 4:1                ; 10 bits   ; 20 LEs        ; 0 LEs                ; 20 LEs                 ; Yes        ; |VGA_controller|vsync_cnt:inst2|count_reg[9]    ;
; 7:1                ; 2 bits    ; 8 LEs         ; 8 LEs                ; 0 LEs                  ; Yes        ; |VGA_controller|hsync_cnt:inst1|hsync           ;
; 7:1                ; 2 bits    ; 8 LEs         ; 8 LEs                ; 0 LEs                  ; Yes        ; |VGA_controller|vsync_cnt:inst2|vsync           ;
; 3:1                ; 2 bits    ; 4 LEs         ; 4 LEs                ; 0 LEs                  ; No         ; |VGA_controller|rgb_controller:inst4|colour_reg ;
+--------------------+-----------+---------------+----------------------+------------------------+------------+-------------------------------------------------+


+-----------------------------------------------------------------------+
; Parameter Settings for User Entity Instance: sprite_ROM_square2:inst8 ;
+----------------+-------+----------------------------------------------+
; Parameter Name ; Value ; Type                                         ;
+----------------+-------+----------------------------------------------+
; M              ; 2     ; Signed Integer                               ;
+----------------+-------+----------------------------------------------+
Note: In order to hide this table in the UI and the text report file, please set the "Show Parameter Settings in Synthesis Report" option in "Analysis and Synthesis Settings -> More Settings" to "Off".


+-----------------------------------------------------------------------+
; Parameter Settings for User Entity Instance: sprite_ROM_square:inst11 ;
+----------------+-------+----------------------------------------------+
; Parameter Name ; Value ; Type                                         ;
+----------------+-------+----------------------------------------------+
; M              ; 2     ; Signed Integer                               ;
+----------------+-------+----------------------------------------------+
Note: In order to hide this table in the UI and the text report file, please set the "Show Parameter Settings in Synthesis Report" option in "Analysis and Synthesis Settings -> More Settings" to "Off".


+-----------------------------------------------------+
; Post-Synthesis Netlist Statistics for Top Partition ;
+-----------------------+-----------------------------+
; Type                  ; Count                       ;
+-----------------------+-----------------------------+
; arriav_ff             ; 33                          ;
;     ENA               ; 4                           ;
;     ENA SCLR          ; 10                          ;
;     SCLR              ; 10                          ;
;     plain             ; 9                           ;
; arriav_lcell_comb     ; 64                          ;
;     arith             ; 20                          ;
;         1 data inputs ; 20                          ;
;     normal            ; 44                          ;
;         0 data inputs ; 1                           ;
;         2 data inputs ; 7                           ;
;         3 data inputs ; 4                           ;
;         4 data inputs ; 7                           ;
;         5 data inputs ; 10                          ;
;         6 data inputs ; 15                          ;
; boundary_port         ; 17                          ;
;                       ;                             ;
; Max LUT depth         ; 3.00                        ;
; Average LUT depth     ; 2.12                        ;
+-----------------------+-----------------------------+


+-------------------------------+
; Elapsed Time Per Partition    ;
+----------------+--------------+
; Partition Name ; Elapsed Time ;
+----------------+--------------+
; Top            ; 00:00:00     ;
+----------------+--------------+


+-------------------------------+
; Analysis & Synthesis Messages ;
+-------------------------------+
Info: *******************************************************************
Info: Running Quartus Prime Analysis & Synthesis
    Info: Version 20.1.1 Build 720 11/11/2020 SJ Lite Edition
    Info: Processing started: Thu Feb 01 05:39:39 2024
Info: Command: quartus_map --read_settings_files=on --write_settings_files=off VGA_controller -c VGA_controller
Warning (18236): Number of processors has not been specified which may cause overloading on shared machines.  Set the global assignment NUM_PARALLEL_PROCESSORS in your QSF to an appropriate value for best performance.
Info (20030): Parallel compilation is enabled and will use 16 of the 16 processors detected
Info (12021): Found 1 design units, including 1 entities, in source file sv files/sprite_rom_square3.sv
    Info (12023): Found entity 1: sprite_ROM_square3 File: C:/Users/minec/Desktop/Work/GitHub Repos/PROJ300/Firmware/VGA Controller/sv files/sprite_ROM_square3.sv Line: 1
Info (12021): Found 1 design units, including 1 entities, in source file sv files/sprite_rom_square2.sv
    Info (12023): Found entity 1: sprite_ROM_square2 File: C:/Users/minec/Desktop/Work/GitHub Repos/PROJ300/Firmware/VGA Controller/sv files/sprite_ROM_square2.sv Line: 1
Info (12021): Found 1 design units, including 1 entities, in source file sv files/sprite_mux.sv
    Info (12023): Found entity 1: sprite_MUX File: C:/Users/minec/Desktop/Work/GitHub Repos/PROJ300/Firmware/VGA Controller/sv files/sprite_MUX.sv Line: 1
Info (12021): Found 1 design units, including 1 entities, in source file sv files/selector.sv
    Info (12023): Found entity 1: selector File: C:/Users/minec/Desktop/Work/GitHub Repos/PROJ300/Firmware/VGA Controller/sv files/selector.sv Line: 1
Info (12021): Found 1 design units, including 1 entities, in source file sv files/sprite_rom_square.sv
    Info (12023): Found entity 1: sprite_ROM_square File: C:/Users/minec/Desktop/Work/GitHub Repos/PROJ300/Firmware/VGA Controller/sv files/sprite_ROM_square.sv Line: 1
Info (12021): Found 1 design units, including 1 entities, in source file sv files/xnor_2.sv
    Info (12023): Found entity 1: xnor_2 File: C:/Users/minec/Desktop/Work/GitHub Repos/PROJ300/Firmware/VGA Controller/sv files/xnor_2.sv Line: 1
Info (12021): Found 1 design units, including 1 entities, in source file sv files/rgb_controller.sv
    Info (12023): Found entity 1: rgb_controller File: C:/Users/minec/Desktop/Work/GitHub Repos/PROJ300/Firmware/VGA Controller/sv files/rgb_controller.sv Line: 1
Info (12021): Found 1 design units, including 1 entities, in source file sv files/vsync_cnt.sv
    Info (12023): Found entity 1: vsync_cnt File: C:/Users/minec/Desktop/Work/GitHub Repos/PROJ300/Firmware/VGA Controller/sv files/vsync_cnt.sv Line: 1
Info (12021): Found 1 design units, including 1 entities, in source file sv files/t_ff.sv
    Info (12023): Found entity 1: t_ff File: C:/Users/minec/Desktop/Work/GitHub Repos/PROJ300/Firmware/VGA Controller/sv files/t_ff.sv Line: 1
Info (12021): Found 1 design units, including 1 entities, in source file sv files/hsync_cnt.sv
    Info (12023): Found entity 1: hsync_cnt File: C:/Users/minec/Desktop/Work/GitHub Repos/PROJ300/Firmware/VGA Controller/sv files/hsync_cnt.sv Line: 1
Info (12021): Found 1 design units, including 1 entities, in source file vga_controller.bdf
    Info (12023): Found entity 1: VGA_controller
Info (12021): Found 1 design units, including 1 entities, in source file rgbmux.bdf
    Info (12023): Found entity 1: rgbMUX
Info (12127): Elaborating entity "VGA_controller" for the top level hierarchy
Warning (275080): Converted elements in bus name "b" using legacy naming rules. Make any assignments on the new names, not on the original names.
    Warning (275081): Converted element name(s) from "b[3]" to "b3"
    Warning (275081): Converted element name(s) from "b[2]" to "b2"
    Warning (275081): Converted element name(s) from "b[1]" to "b1"
    Warning (275081): Converted element name(s) from "b[0]" to "b0"
    Warning (275081): Converted element name(s) from "b[3..0]" to "b3..0"
Warning (275080): Converted elements in bus name "g" using legacy naming rules. Make any assignments on the new names, not on the original names.
    Warning (275081): Converted element name(s) from "g[3]" to "g3"
    Warning (275081): Converted element name(s) from "g[2]" to "g2"
    Warning (275081): Converted element name(s) from "g[1]" to "g1"
    Warning (275081): Converted element name(s) from "g[0]" to "g0"
    Warning (275081): Converted element name(s) from "g[3..0]" to "g3..0"
Warning (275080): Converted elements in bus name "r" using legacy naming rules. Make any assignments on the new names, not on the original names.
    Warning (275081): Converted element name(s) from "r[3]" to "r3"
    Warning (275081): Converted element name(s) from "r[2]" to "r2"
    Warning (275081): Converted element name(s) from "r[1]" to "r1"
    Warning (275081): Converted element name(s) from "r[0]" to "r0"
    Warning (275081): Converted element name(s) from "r[3..0]" to "r3..0"
Info (12128): Elaborating entity "hsync_cnt" for hierarchy "hsync_cnt:inst1"
Warning (10230): Verilog HDL assignment warning at hsync_cnt.sv(25): truncated value with size 32 to match size of target (10) File: C:/Users/minec/Desktop/Work/GitHub Repos/PROJ300/Firmware/VGA Controller/sv files/hsync_cnt.sv Line: 25
Info (12128): Elaborating entity "t_ff" for hierarchy "t_ff:inst"
Info (12128): Elaborating entity "vsync_cnt" for hierarchy "vsync_cnt:inst2"
Warning (10230): Verilog HDL assignment warning at vsync_cnt.sv(27): truncated value with size 32 to match size of target (10) File: C:/Users/minec/Desktop/Work/GitHub Repos/PROJ300/Firmware/VGA Controller/sv files/vsync_cnt.sv Line: 27
Info (12128): Elaborating entity "rgb_controller" for hierarchy "rgb_controller:inst4"
Warning (10036): Verilog HDL or VHDL warning at rgb_controller.sv(3): object "row_reg" assigned a value but never read File: C:/Users/minec/Desktop/Work/GitHub Repos/PROJ300/Firmware/VGA Controller/sv files/rgb_controller.sv Line: 3
Warning (10036): Verilog HDL or VHDL warning at rgb_controller.sv(4): object "column_reg" assigned a value but never read File: C:/Users/minec/Desktop/Work/GitHub Repos/PROJ300/Firmware/VGA Controller/sv files/rgb_controller.sv Line: 4
Info (12128): Elaborating entity "xnor_2" for hierarchy "xnor_2:inst5"
Info (12128): Elaborating entity "rgbMUX" for hierarchy "rgbMUX:inst9"
Info (12128): Elaborating entity "sprite_MUX" for hierarchy "rgbMUX:inst9|sprite_MUX:inst1"
Info (12128): Elaborating entity "selector" for hierarchy "rgbMUX:inst9|selector:inst"
Warning (10935): Verilog HDL Casex/Casez warning at selector.sv(18): casex/casez item expression overlaps with a previous casex/casez item expression File: C:/Users/minec/Desktop/Work/GitHub Repos/PROJ300/Firmware/VGA Controller/sv files/selector.sv Line: 18
Warning (10935): Verilog HDL Casex/Casez warning at selector.sv(24): casex/casez item expression overlaps with a previous casex/casez item expression File: C:/Users/minec/Desktop/Work/GitHub Repos/PROJ300/Firmware/VGA Controller/sv files/selector.sv Line: 24
Info (12128): Elaborating entity "sprite_ROM_square2" for hierarchy "sprite_ROM_square2:inst8"
Info (12128): Elaborating entity "sprite_ROM_square" for hierarchy "sprite_ROM_square:inst11"
Warning (13024): Output pins are stuck at VCC or GND
    Warning (13410): Pin "b3" is stuck at GND
    Warning (13410): Pin "b2" is stuck at GND
    Warning (13410): Pin "b1" is stuck at GND
    Warning (13410): Pin "b0" is stuck at GND
Info (286030): Timing-Driven Synthesis is running
Info (16010): Generating hard_block partition "hard_block:auto_generated_inst"
    Info (16011): Adding 0 node(s), including 0 DDIO, 0 PLL, 0 transceiver and 0 LCELL
Info (21057): Implemented 88 device resources after synthesis - the final resource count might be different
    Info (21058): Implemented 2 input pins
    Info (21059): Implemented 15 output pins
    Info (21061): Implemented 71 logic cells
Info: Quartus Prime Analysis & Synthesis was successful. 0 errors, 30 warnings
    Info: Peak virtual memory: 4899 megabytes
    Info: Processing ended: Thu Feb 01 05:39:45 2024
    Info: Elapsed time: 00:00:06
    Info: Total CPU time (on all processors): 00:00:07


