Analysis & Synthesis report for audio_controller
Fri Feb 09 01:37:48 2024
Quartus Prime Version 20.1.1 Build 720 11/11/2020 SJ Lite Edition


---------------------
; Table of Contents ;
---------------------
  1. Legal Notice
  2. Analysis & Synthesis Summary
  3. Analysis & Synthesis Settings
  4. Parallel Compilation
  5. Analysis & Synthesis Source Files Read
  6. Analysis & Synthesis Resource Usage Summary
  7. Analysis & Synthesis Resource Utilization by Entity
  8. General Register Statistics
  9. Inverted Register Statistics
 10. Multiplexer Restructuring Statistics (Restructuring Performed)
 11. Parameter Settings for User Entity Instance: muxN:inst4
 12. Parameter Settings for User Entity Instance: music_frequencies:inst|fine_clk_divN:inst
 13. Parameter Settings for User Entity Instance: music_frequencies:inst|fine_clk_divN:inst1
 14. Parameter Settings for User Entity Instance: music_frequencies:inst|fine_clk_divN:inst2
 15. Parameter Settings for User Entity Instance: music_frequencies:inst|fine_clk_divN:inst3
 16. Parameter Settings for User Entity Instance: music_frequencies:inst|fine_clk_divN:inst15
 17. Parameter Settings for User Entity Instance: music_frequencies:inst|fine_clk_divN:inst4
 18. Parameter Settings for User Entity Instance: music_frequencies:inst|fine_clk_divN:inst5
 19. Parameter Settings for User Entity Instance: music_frequencies:inst|fine_clk_divN:inst7
 20. Parameter Settings for User Entity Instance: music_frequencies:inst|fine_clk_divN:inst16
 21. Parameter Settings for User Entity Instance: music_frequencies:inst|fine_clk_divN:inst8
 22. Parameter Settings for User Entity Instance: music_frequencies:inst|fine_clk_divN:inst9
 23. Parameter Settings for User Entity Instance: music_frequencies:inst|fine_clk_divN:inst10
 24. Post-Synthesis Netlist Statistics for Top Partition
 25. Elapsed Time Per Partition
 26. Analysis & Synthesis Messages



----------------
; Legal Notice ;
----------------
Copyright (C) 2020  Intel Corporation. All rights reserved.
Your use of Intel Corporation's design tools, logic functions 
and other software and tools, and any partner logic 
functions, and any output files from any of the foregoing 
(including device programming or simulation files), and any 
associated documentation or information are expressly subject 
to the terms and conditions of the Intel Program License 
Subscription Agreement, the Intel Quartus Prime License Agreement,
the Intel FPGA IP License Agreement, or other applicable license
agreement, including, without limitation, that your use is for
the sole purpose of programming logic devices manufactured by
Intel and sold by Intel or its authorized distributors.  Please
refer to the applicable agreement for further details, at
https://fpgasoftware.intel.com/eula.



+-------------------------------------------------------------------------------+
; Analysis & Synthesis Summary                                                  ;
+---------------------------------+---------------------------------------------+
; Analysis & Synthesis Status     ; Successful - Fri Feb 09 01:37:48 2024       ;
; Quartus Prime Version           ; 20.1.1 Build 720 11/11/2020 SJ Lite Edition ;
; Revision Name                   ; audio_controller                            ;
; Top-level Entity Name           ; AudioController                             ;
; Family                          ; Cyclone V                                   ;
; Logic utilization (in ALMs)     ; N/A                                         ;
; Total registers                 ; 364                                         ;
; Total pins                      ; 20                                          ;
; Total virtual pins              ; 0                                           ;
; Total block memory bits         ; 0                                           ;
; Total DSP Blocks                ; 0                                           ;
; Total HSSI RX PCSs              ; 0                                           ;
; Total HSSI PMA RX Deserializers ; 0                                           ;
; Total HSSI TX PCSs              ; 0                                           ;
; Total HSSI PMA TX Serializers   ; 0                                           ;
; Total PLLs                      ; 0                                           ;
; Total DLLs                      ; 0                                           ;
+---------------------------------+---------------------------------------------+


+---------------------------------------------------------------------------------------------------------------------------+
; Analysis & Synthesis Settings                                                                                             ;
+---------------------------------------------------------------------------------+--------------------+--------------------+
; Option                                                                          ; Setting            ; Default Value      ;
+---------------------------------------------------------------------------------+--------------------+--------------------+
; Device                                                                          ; 5CEBA4F23C7        ;                    ;
; Top-level entity name                                                           ; AudioController    ; audio_controller   ;
; Family name                                                                     ; Cyclone V          ; Cyclone V          ;
; Use smart compilation                                                           ; Off                ; Off                ;
; Enable parallel Assembler and Timing Analyzer during compilation                ; On                 ; On                 ;
; Enable compact report table                                                     ; Off                ; Off                ;
; Restructure Multiplexers                                                        ; Auto               ; Auto               ;
; MLAB Add Timing Constraints For Mixed-Port Feed-Through Mode Setting Don't Care ; Off                ; Off                ;
; Create Debugging Nodes for IP Cores                                             ; Off                ; Off                ;
; Preserve fewer node names                                                       ; On                 ; On                 ;
; Intel FPGA IP Evaluation Mode                                                   ; Enable             ; Enable             ;
; Verilog Version                                                                 ; Verilog_2001       ; Verilog_2001       ;
; VHDL Version                                                                    ; VHDL_1993          ; VHDL_1993          ;
; State Machine Processing                                                        ; Auto               ; Auto               ;
; Safe State Machine                                                              ; Off                ; Off                ;
; Extract Verilog State Machines                                                  ; On                 ; On                 ;
; Extract VHDL State Machines                                                     ; On                 ; On                 ;
; Ignore Verilog initial constructs                                               ; Off                ; Off                ;
; Iteration limit for constant Verilog loops                                      ; 5000               ; 5000               ;
; Iteration limit for non-constant Verilog loops                                  ; 250                ; 250                ;
; Add Pass-Through Logic to Inferred RAMs                                         ; On                 ; On                 ;
; Infer RAMs from Raw Logic                                                       ; On                 ; On                 ;
; Parallel Synthesis                                                              ; On                 ; On                 ;
; DSP Block Balancing                                                             ; Auto               ; Auto               ;
; NOT Gate Push-Back                                                              ; On                 ; On                 ;
; Power-Up Don't Care                                                             ; On                 ; On                 ;
; Remove Redundant Logic Cells                                                    ; Off                ; Off                ;
; Remove Duplicate Registers                                                      ; On                 ; On                 ;
; Ignore CARRY Buffers                                                            ; Off                ; Off                ;
; Ignore CASCADE Buffers                                                          ; Off                ; Off                ;
; Ignore GLOBAL Buffers                                                           ; Off                ; Off                ;
; Ignore ROW GLOBAL Buffers                                                       ; Off                ; Off                ;
; Ignore LCELL Buffers                                                            ; Off                ; Off                ;
; Ignore SOFT Buffers                                                             ; On                 ; On                 ;
; Limit AHDL Integers to 32 Bits                                                  ; Off                ; Off                ;
; Optimization Technique                                                          ; Balanced           ; Balanced           ;
; Carry Chain Length                                                              ; 70                 ; 70                 ;
; Auto Carry Chains                                                               ; On                 ; On                 ;
; Auto Open-Drain Pins                                                            ; On                 ; On                 ;
; Perform WYSIWYG Primitive Resynthesis                                           ; Off                ; Off                ;
; Auto ROM Replacement                                                            ; On                 ; On                 ;
; Auto RAM Replacement                                                            ; On                 ; On                 ;
; Auto DSP Block Replacement                                                      ; On                 ; On                 ;
; Auto Shift Register Replacement                                                 ; Auto               ; Auto               ;
; Allow Shift Register Merging across Hierarchies                                 ; Auto               ; Auto               ;
; Auto Clock Enable Replacement                                                   ; On                 ; On                 ;
; Strict RAM Replacement                                                          ; Off                ; Off                ;
; Allow Synchronous Control Signals                                               ; On                 ; On                 ;
; Force Use of Synchronous Clear Signals                                          ; Off                ; Off                ;
; Auto Resource Sharing                                                           ; Off                ; Off                ;
; Allow Any RAM Size For Recognition                                              ; Off                ; Off                ;
; Allow Any ROM Size For Recognition                                              ; Off                ; Off                ;
; Allow Any Shift Register Size For Recognition                                   ; Off                ; Off                ;
; Use LogicLock Constraints during Resource Balancing                             ; On                 ; On                 ;
; Ignore translate_off and synthesis_off directives                               ; Off                ; Off                ;
; Timing-Driven Synthesis                                                         ; On                 ; On                 ;
; Report Parameter Settings                                                       ; On                 ; On                 ;
; Report Source Assignments                                                       ; On                 ; On                 ;
; Report Connectivity Checks                                                      ; On                 ; On                 ;
; Ignore Maximum Fan-Out Assignments                                              ; Off                ; Off                ;
; Synchronization Register Chain Length                                           ; 3                  ; 3                  ;
; Power Optimization During Synthesis                                             ; Normal compilation ; Normal compilation ;
; HDL message level                                                               ; Level2             ; Level2             ;
; Suppress Register Optimization Related Messages                                 ; Off                ; Off                ;
; Number of Removed Registers Reported in Synthesis Report                        ; 5000               ; 5000               ;
; Number of Swept Nodes Reported in Synthesis Report                              ; 5000               ; 5000               ;
; Number of Inverted Registers Reported in Synthesis Report                       ; 100                ; 100                ;
; Clock MUX Protection                                                            ; On                 ; On                 ;
; Auto Gated Clock Conversion                                                     ; Off                ; Off                ;
; Block Design Naming                                                             ; Auto               ; Auto               ;
; SDC constraint protection                                                       ; Off                ; Off                ;
; Synthesis Effort                                                                ; Auto               ; Auto               ;
; Shift Register Replacement - Allow Asynchronous Clear Signal                    ; On                 ; On                 ;
; Pre-Mapping Resynthesis Optimization                                            ; Off                ; Off                ;
; Analysis & Synthesis Message Level                                              ; Medium             ; Medium             ;
; Disable Register Merging Across Hierarchies                                     ; Auto               ; Auto               ;
; Resource Aware Inference For Block RAM                                          ; On                 ; On                 ;
; Automatic Parallel Synthesis                                                    ; On                 ; On                 ;
; Partial Reconfiguration Bitstream ID                                            ; Off                ; Off                ;
+---------------------------------------------------------------------------------+--------------------+--------------------+


+------------------------------------------+
; Parallel Compilation                     ;
+----------------------------+-------------+
; Processors                 ; Number      ;
+----------------------------+-------------+
; Number detected on machine ; 16          ;
; Maximum allowed            ; 16          ;
;                            ;             ;
; Average used               ; 1.00        ;
; Maximum used               ; 16          ;
;                            ;             ;
; Usage by Processor         ; % Time Used ;
;     Processor 1            ; 100.0%      ;
;     Processors 2-16        ;   0.0%      ;
+----------------------------+-------------+


+-------------------------------------------------------------------------------------------------------------------------------------------------------------------------------------------------------------------------------------+
; Analysis & Synthesis Source Files Read                                                                                                                                                                                              ;
+--------------------------------------------+-----------------+------------------------------------+-----------------------------------------------------------------------------------------------------------------------+---------+
; File Name with User-Entered Path           ; Used in Netlist ; File Type                          ; File Name with Absolute Path                                                                                          ; Library ;
+--------------------------------------------+-----------------+------------------------------------+-----------------------------------------------------------------------------------------------------------------------+---------+
; sv files/shift_detector.sv                 ; yes             ; User SystemVerilog HDL File        ; C:/Users/minec/Desktop/Work/GitHub Repos/PROJ300/Firmware/Audio Controller/sv files/shift_detector.sv                 ;         ;
; ps2 files/sv files/seven_seg_controller.sv ; yes             ; User SystemVerilog HDL File        ; C:/Users/minec/Desktop/Work/GitHub Repos/PROJ300/Firmware/Audio Controller/ps2 files/sv files/seven_seg_controller.sv ;         ;
; ps2 files/sv files/ps2_controller.sv       ; yes             ; User SystemVerilog HDL File        ; C:/Users/minec/Desktop/Work/GitHub Repos/PROJ300/Firmware/Audio Controller/ps2 files/sv files/ps2_controller.sv       ;         ;
; ps2 files/sv files/bsy_reader.sv           ; yes             ; User SystemVerilog HDL File        ; C:/Users/minec/Desktop/Work/GitHub Repos/PROJ300/Firmware/Audio Controller/ps2 files/sv files/bsy_reader.sv           ;         ;
; ps2 files/sv files/break_code_detector.sv  ; yes             ; User SystemVerilog HDL File        ; C:/Users/minec/Desktop/Work/GitHub Repos/PROJ300/Firmware/Audio Controller/ps2 files/sv files/break_code_detector.sv  ;         ;
; ps2 files/PS2controller.bdf                ; yes             ; User Block Diagram/Schematic File  ; C:/Users/minec/Desktop/Work/GitHub Repos/PROJ300/Firmware/Audio Controller/ps2 files/PS2controller.bdf                ;         ;
; sv files/key_detector.sv                   ; yes             ; User SystemVerilog HDL File        ; C:/Users/minec/Desktop/Work/GitHub Repos/PROJ300/Firmware/Audio Controller/sv files/key_detector.sv                   ;         ;
; sv files/muxN.sv                           ; yes             ; User SystemVerilog HDL File        ; C:/Users/minec/Desktop/Work/GitHub Repos/PROJ300/Firmware/Audio Controller/sv files/muxN.sv                           ;         ;
; sv files/fine_clk_divN.sv                  ; yes             ; User SystemVerilog HDL File        ; C:/Users/minec/Desktop/Work/GitHub Repos/PROJ300/Firmware/Audio Controller/sv files/fine_clk_divN.sv                  ;         ;
; AudioController.bdf                        ; yes             ; User Block Diagram/Schematic File  ; C:/Users/minec/Desktop/Work/GitHub Repos/PROJ300/Firmware/Audio Controller/AudioController.bdf                        ;         ;
; music_frequencies.bdf                      ; yes             ; User Block Diagram/Schematic File  ; C:/Users/minec/Desktop/Work/GitHub Repos/PROJ300/Firmware/Audio Controller/music_frequencies.bdf                      ;         ;
+--------------------------------------------+-----------------+------------------------------------+-----------------------------------------------------------------------------------------------------------------------+---------+


+---------------------------------------------------------+
; Analysis & Synthesis Resource Usage Summary             ;
+---------------------------------------------+-----------+
; Resource                                    ; Usage     ;
+---------------------------------------------+-----------+
; Estimate of Logic utilization (ALMs needed) ; 267       ;
;                                             ;           ;
; Combinational ALUT usage for logic          ; 449       ;
;     -- 7 input functions                    ; 1         ;
;     -- 6 input functions                    ; 82        ;
;     -- 5 input functions                    ; 7         ;
;     -- 4 input functions                    ; 27        ;
;     -- <=3 input functions                  ; 332       ;
;                                             ;           ;
; Dedicated logic registers                   ; 364       ;
;                                             ;           ;
; I/O pins                                    ; 20        ;
;                                             ;           ;
; Total DSP Blocks                            ; 0         ;
;                                             ;           ;
; Maximum fan-out node                        ; clk~input ;
; Maximum fan-out                             ; 342       ;
; Total fan-out                               ; 2439      ;
; Average fan-out                             ; 2.86      ;
+---------------------------------------------+-----------+


+-------------------------------------------------------------------------------------------------------------------------------------------------------------------------------------------------------------------------------------------------+
; Analysis & Synthesis Resource Utilization by Entity                                                                                                                                                                                             ;
+----------------------------------+---------------------+---------------------------+-------------------+------------+------+--------------+---------------------------------------------------------------+----------------------+--------------+
; Compilation Hierarchy Node       ; Combinational ALUTs ; Dedicated Logic Registers ; Block Memory Bits ; DSP Blocks ; Pins ; Virtual Pins ; Full Hierarchy Name                                           ; Entity Name          ; Library Name ;
+----------------------------------+---------------------+---------------------------+-------------------+------------+------+--------------+---------------------------------------------------------------+----------------------+--------------+
; |AudioController                 ; 449 (0)             ; 364 (0)                   ; 0                 ; 0          ; 20   ; 0            ; |AudioController                                              ; AudioController      ; work         ;
;    |PS2controller:inst2|         ; 40 (1)              ; 47 (0)                    ; 0                 ; 0          ; 0    ; 0            ; |AudioController|PS2controller:inst2                          ; PS2controller        ; work         ;
;       |break_code_detector:inst| ; 32 (32)             ; 26 (26)                   ; 0                 ; 0          ; 0    ; 0            ; |AudioController|PS2controller:inst2|break_code_detector:inst ; break_code_detector  ; work         ;
;       |bsy_reader:inst2|         ; 0 (0)               ; 8 (8)                     ; 0                 ; 0          ; 0    ; 0            ; |AudioController|PS2controller:inst2|bsy_reader:inst2         ; bsy_reader           ; work         ;
;       |ps2_controller:inst1|     ; 7 (7)               ; 13 (13)                   ; 0                 ; 0          ; 0    ; 0            ; |AudioController|PS2controller:inst2|ps2_controller:inst1     ; ps2_controller       ; work         ;
;    |key_detector:inst1|          ; 15 (15)             ; 4 (4)                     ; 0                 ; 0          ; 0    ; 0            ; |AudioController|key_detector:inst1                           ; key_detector         ; work         ;
;    |music_frequencies:inst|      ; 372 (0)             ; 312 (0)                   ; 0                 ; 0          ; 0    ; 0            ; |AudioController|music_frequencies:inst                       ; music_frequencies    ; work         ;
;       |fine_clk_divN:inst10|     ; 31 (31)             ; 26 (26)                   ; 0                 ; 0          ; 0    ; 0            ; |AudioController|music_frequencies:inst|fine_clk_divN:inst10  ; fine_clk_divN        ; work         ;
;       |fine_clk_divN:inst15|     ; 31 (31)             ; 26 (26)                   ; 0                 ; 0          ; 0    ; 0            ; |AudioController|music_frequencies:inst|fine_clk_divN:inst15  ; fine_clk_divN        ; work         ;
;       |fine_clk_divN:inst16|     ; 31 (31)             ; 26 (26)                   ; 0                 ; 0          ; 0    ; 0            ; |AudioController|music_frequencies:inst|fine_clk_divN:inst16  ; fine_clk_divN        ; work         ;
;       |fine_clk_divN:inst1|      ; 31 (31)             ; 26 (26)                   ; 0                 ; 0          ; 0    ; 0            ; |AudioController|music_frequencies:inst|fine_clk_divN:inst1   ; fine_clk_divN        ; work         ;
;       |fine_clk_divN:inst2|      ; 31 (31)             ; 26 (26)                   ; 0                 ; 0          ; 0    ; 0            ; |AudioController|music_frequencies:inst|fine_clk_divN:inst2   ; fine_clk_divN        ; work         ;
;       |fine_clk_divN:inst3|      ; 31 (31)             ; 26 (26)                   ; 0                 ; 0          ; 0    ; 0            ; |AudioController|music_frequencies:inst|fine_clk_divN:inst3   ; fine_clk_divN        ; work         ;
;       |fine_clk_divN:inst4|      ; 31 (31)             ; 26 (26)                   ; 0                 ; 0          ; 0    ; 0            ; |AudioController|music_frequencies:inst|fine_clk_divN:inst4   ; fine_clk_divN        ; work         ;
;       |fine_clk_divN:inst5|      ; 31 (31)             ; 26 (26)                   ; 0                 ; 0          ; 0    ; 0            ; |AudioController|music_frequencies:inst|fine_clk_divN:inst5   ; fine_clk_divN        ; work         ;
;       |fine_clk_divN:inst7|      ; 31 (31)             ; 26 (26)                   ; 0                 ; 0          ; 0    ; 0            ; |AudioController|music_frequencies:inst|fine_clk_divN:inst7   ; fine_clk_divN        ; work         ;
;       |fine_clk_divN:inst8|      ; 31 (31)             ; 26 (26)                   ; 0                 ; 0          ; 0    ; 0            ; |AudioController|music_frequencies:inst|fine_clk_divN:inst8   ; fine_clk_divN        ; work         ;
;       |fine_clk_divN:inst9|      ; 31 (31)             ; 26 (26)                   ; 0                 ; 0          ; 0    ; 0            ; |AudioController|music_frequencies:inst|fine_clk_divN:inst9   ; fine_clk_divN        ; work         ;
;       |fine_clk_divN:inst|       ; 31 (31)             ; 26 (26)                   ; 0                 ; 0          ; 0    ; 0            ; |AudioController|music_frequencies:inst|fine_clk_divN:inst    ; fine_clk_divN        ; work         ;
;    |muxN:inst4|                  ; 5 (5)               ; 0 (0)                     ; 0                 ; 0          ; 0    ; 0            ; |AudioController|muxN:inst4                                   ; muxN                 ; work         ;
;    |seven_seg_controller:inst3|  ; 14 (14)             ; 0 (0)                     ; 0                 ; 0          ; 0    ; 0            ; |AudioController|seven_seg_controller:inst3                   ; seven_seg_controller ; work         ;
;    |shift_detector:inst7|        ; 3 (3)               ; 1 (1)                     ; 0                 ; 0          ; 0    ; 0            ; |AudioController|shift_detector:inst7                         ; shift_detector       ; work         ;
+----------------------------------+---------------------+---------------------------+-------------------+------------+------+--------------+---------------------------------------------------------------+----------------------+--------------+
Note: For table entries with two numbers listed, the numbers in parentheses indicate the number of resources of the given type used by the specific entity alone. The numbers listed outside of parentheses indicate the total resources of the given type used by the specific entity and all of its sub-entities in the hierarchy.


+------------------------------------------------------+
; General Register Statistics                          ;
+----------------------------------------------+-------+
; Statistic                                    ; Value ;
+----------------------------------------------+-------+
; Total registers                              ; 364   ;
; Number of registers using Synchronous Clear  ; 345   ;
; Number of registers using Synchronous Load   ; 0     ;
; Number of registers using Asynchronous Clear ; 25    ;
; Number of registers using Asynchronous Load  ; 0     ;
; Number of registers using Clock Enable       ; 8     ;
; Number of registers using Preset             ; 0     ;
+----------------------------------------------+-------+


+--------------------------------------------------------+
; Inverted Register Statistics                           ;
+----------------------------------------------+---------+
; Inverted Register                            ; Fan out ;
+----------------------------------------------+---------+
; PS2controller:inst2|ps2_controller:inst1|bsy ; 8       ;
; Total number of inverted registers = 1       ;         ;
+----------------------------------------------+---------+


+--------------------------------------------------------------------------------------------------------------------------------------------------------------------------------------------+
; Multiplexer Restructuring Statistics (Restructuring Performed)                                                                                                                             ;
+--------------------+-----------+---------------+----------------------+------------------------+------------+------------------------------------------------------------------------------+
; Multiplexer Inputs ; Bus Width ; Baseline Area ; Area if Restructured ; Saving if Restructured ; Registered ; Example Multiplexer Output                                                   ;
+--------------------+-----------+---------------+----------------------+------------------------+------------+------------------------------------------------------------------------------+
; 3:1                ; 25 bits   ; 50 LEs        ; 0 LEs                ; 50 LEs                 ; Yes        ; |AudioController|music_frequencies:inst|fine_clk_divN:inst10|counter_reg[15] ;
; 3:1                ; 25 bits   ; 50 LEs        ; 0 LEs                ; 50 LEs                 ; Yes        ; |AudioController|music_frequencies:inst|fine_clk_divN:inst9|counter_reg[0]   ;
; 3:1                ; 25 bits   ; 50 LEs        ; 0 LEs                ; 50 LEs                 ; Yes        ; |AudioController|music_frequencies:inst|fine_clk_divN:inst8|counter_reg[17]  ;
; 3:1                ; 25 bits   ; 50 LEs        ; 0 LEs                ; 50 LEs                 ; Yes        ; |AudioController|music_frequencies:inst|fine_clk_divN:inst16|counter_reg[20] ;
; 3:1                ; 25 bits   ; 50 LEs        ; 0 LEs                ; 50 LEs                 ; Yes        ; |AudioController|music_frequencies:inst|fine_clk_divN:inst7|counter_reg[20]  ;
; 3:1                ; 25 bits   ; 50 LEs        ; 0 LEs                ; 50 LEs                 ; Yes        ; |AudioController|music_frequencies:inst|fine_clk_divN:inst5|counter_reg[22]  ;
; 3:1                ; 25 bits   ; 50 LEs        ; 0 LEs                ; 50 LEs                 ; Yes        ; |AudioController|music_frequencies:inst|fine_clk_divN:inst4|counter_reg[23]  ;
; 3:1                ; 25 bits   ; 50 LEs        ; 0 LEs                ; 50 LEs                 ; Yes        ; |AudioController|music_frequencies:inst|fine_clk_divN:inst15|counter_reg[23] ;
; 3:1                ; 25 bits   ; 50 LEs        ; 0 LEs                ; 50 LEs                 ; Yes        ; |AudioController|music_frequencies:inst|fine_clk_divN:inst3|counter_reg[4]   ;
; 3:1                ; 25 bits   ; 50 LEs        ; 0 LEs                ; 50 LEs                 ; Yes        ; |AudioController|music_frequencies:inst|fine_clk_divN:inst2|counter_reg[6]   ;
; 3:1                ; 25 bits   ; 50 LEs        ; 0 LEs                ; 50 LEs                 ; Yes        ; |AudioController|music_frequencies:inst|fine_clk_divN:inst1|counter_reg[15]  ;
; 3:1                ; 25 bits   ; 50 LEs        ; 0 LEs                ; 50 LEs                 ; Yes        ; |AudioController|music_frequencies:inst|fine_clk_divN:inst|counter_reg[7]    ;
; 3:1                ; 8 bits    ; 16 LEs        ; 0 LEs                ; 16 LEs                 ; Yes        ; |AudioController|PS2controller:inst2|ps2_controller:inst1|data_out[2]        ;
+--------------------+-----------+---------------+----------------------+------------------------+------------+------------------------------------------------------------------------------+


+---------------------------------------------------------+
; Parameter Settings for User Entity Instance: muxN:inst4 ;
+----------------+-------+--------------------------------+
; Parameter Name ; Value ; Type                           ;
+----------------+-------+--------------------------------+
; N              ; 13    ; Signed Integer                 ;
; M              ; 4     ; Signed Integer                 ;
+----------------+-------+--------------------------------+
Note: In order to hide this table in the UI and the text report file, please set the "Show Parameter Settings in Synthesis Report" option in "Analysis and Synthesis Settings -> More Settings" to "Off".


+----------------------------------------------------------------------------------------+
; Parameter Settings for User Entity Instance: music_frequencies:inst|fine_clk_divN:inst ;
+----------------+--------+--------------------------------------------------------------+
; Parameter Name ; Value  ; Type                                                         ;
+----------------+--------+--------------------------------------------------------------+
; f              ; 493.88 ; Signed Float                                                 ;
+----------------+--------+--------------------------------------------------------------+
Note: In order to hide this table in the UI and the text report file, please set the "Show Parameter Settings in Synthesis Report" option in "Analysis and Synthesis Settings -> More Settings" to "Off".


+-----------------------------------------------------------------------------------------+
; Parameter Settings for User Entity Instance: music_frequencies:inst|fine_clk_divN:inst1 ;
+----------------+--------+---------------------------------------------------------------+
; Parameter Name ; Value  ; Type                                                          ;
+----------------+--------+---------------------------------------------------------------+
; f              ; 466.16 ; Signed Float                                                  ;
+----------------+--------+---------------------------------------------------------------+
Note: In order to hide this table in the UI and the text report file, please set the "Show Parameter Settings in Synthesis Report" option in "Analysis and Synthesis Settings -> More Settings" to "Off".


+-----------------------------------------------------------------------------------------+
; Parameter Settings for User Entity Instance: music_frequencies:inst|fine_clk_divN:inst2 ;
+----------------+--------+---------------------------------------------------------------+
; Parameter Name ; Value  ; Type                                                          ;
+----------------+--------+---------------------------------------------------------------+
; f              ; 440.00 ; Signed Float                                                  ;
+----------------+--------+---------------------------------------------------------------+
Note: In order to hide this table in the UI and the text report file, please set the "Show Parameter Settings in Synthesis Report" option in "Analysis and Synthesis Settings -> More Settings" to "Off".


+-----------------------------------------------------------------------------------------+
; Parameter Settings for User Entity Instance: music_frequencies:inst|fine_clk_divN:inst3 ;
+----------------+--------+---------------------------------------------------------------+
; Parameter Name ; Value  ; Type                                                          ;
+----------------+--------+---------------------------------------------------------------+
; f              ; 415.30 ; Signed Float                                                  ;
+----------------+--------+---------------------------------------------------------------+
Note: In order to hide this table in the UI and the text report file, please set the "Show Parameter Settings in Synthesis Report" option in "Analysis and Synthesis Settings -> More Settings" to "Off".


+------------------------------------------------------------------------------------------+
; Parameter Settings for User Entity Instance: music_frequencies:inst|fine_clk_divN:inst15 ;
+----------------+--------+----------------------------------------------------------------+
; Parameter Name ; Value  ; Type                                                           ;
+----------------+--------+----------------------------------------------------------------+
; f              ; 392.00 ; Signed Float                                                   ;
+----------------+--------+----------------------------------------------------------------+
Note: In order to hide this table in the UI and the text report file, please set the "Show Parameter Settings in Synthesis Report" option in "Analysis and Synthesis Settings -> More Settings" to "Off".


+-----------------------------------------------------------------------------------------+
; Parameter Settings for User Entity Instance: music_frequencies:inst|fine_clk_divN:inst4 ;
+----------------+--------+---------------------------------------------------------------+
; Parameter Name ; Value  ; Type                                                          ;
+----------------+--------+---------------------------------------------------------------+
; f              ; 369.99 ; Signed Float                                                  ;
+----------------+--------+---------------------------------------------------------------+
Note: In order to hide this table in the UI and the text report file, please set the "Show Parameter Settings in Synthesis Report" option in "Analysis and Synthesis Settings -> More Settings" to "Off".


+-----------------------------------------------------------------------------------------+
; Parameter Settings for User Entity Instance: music_frequencies:inst|fine_clk_divN:inst5 ;
+----------------+--------+---------------------------------------------------------------+
; Parameter Name ; Value  ; Type                                                          ;
+----------------+--------+---------------------------------------------------------------+
; f              ; 349.23 ; Signed Float                                                  ;
+----------------+--------+---------------------------------------------------------------+
Note: In order to hide this table in the UI and the text report file, please set the "Show Parameter Settings in Synthesis Report" option in "Analysis and Synthesis Settings -> More Settings" to "Off".


+-----------------------------------------------------------------------------------------+
; Parameter Settings for User Entity Instance: music_frequencies:inst|fine_clk_divN:inst7 ;
+----------------+--------+---------------------------------------------------------------+
; Parameter Name ; Value  ; Type                                                          ;
+----------------+--------+---------------------------------------------------------------+
; f              ; 329.63 ; Signed Float                                                  ;
+----------------+--------+---------------------------------------------------------------+
Note: In order to hide this table in the UI and the text report file, please set the "Show Parameter Settings in Synthesis Report" option in "Analysis and Synthesis Settings -> More Settings" to "Off".


+------------------------------------------------------------------------------------------+
; Parameter Settings for User Entity Instance: music_frequencies:inst|fine_clk_divN:inst16 ;
+----------------+--------+----------------------------------------------------------------+
; Parameter Name ; Value  ; Type                                                           ;
+----------------+--------+----------------------------------------------------------------+
; f              ; 311.13 ; Signed Float                                                   ;
+----------------+--------+----------------------------------------------------------------+
Note: In order to hide this table in the UI and the text report file, please set the "Show Parameter Settings in Synthesis Report" option in "Analysis and Synthesis Settings -> More Settings" to "Off".


+-----------------------------------------------------------------------------------------+
; Parameter Settings for User Entity Instance: music_frequencies:inst|fine_clk_divN:inst8 ;
+----------------+--------+---------------------------------------------------------------+
; Parameter Name ; Value  ; Type                                                          ;
+----------------+--------+---------------------------------------------------------------+
; f              ; 293.66 ; Signed Float                                                  ;
+----------------+--------+---------------------------------------------------------------+
Note: In order to hide this table in the UI and the text report file, please set the "Show Parameter Settings in Synthesis Report" option in "Analysis and Synthesis Settings -> More Settings" to "Off".


+-----------------------------------------------------------------------------------------+
; Parameter Settings for User Entity Instance: music_frequencies:inst|fine_clk_divN:inst9 ;
+----------------+--------+---------------------------------------------------------------+
; Parameter Name ; Value  ; Type                                                          ;
+----------------+--------+---------------------------------------------------------------+
; f              ; 277.18 ; Signed Float                                                  ;
+----------------+--------+---------------------------------------------------------------+
Note: In order to hide this table in the UI and the text report file, please set the "Show Parameter Settings in Synthesis Report" option in "Analysis and Synthesis Settings -> More Settings" to "Off".


+------------------------------------------------------------------------------------------+
; Parameter Settings for User Entity Instance: music_frequencies:inst|fine_clk_divN:inst10 ;
+----------------+--------+----------------------------------------------------------------+
; Parameter Name ; Value  ; Type                                                           ;
+----------------+--------+----------------------------------------------------------------+
; f              ; 261.63 ; Signed Float                                                   ;
+----------------+--------+----------------------------------------------------------------+
Note: In order to hide this table in the UI and the text report file, please set the "Show Parameter Settings in Synthesis Report" option in "Analysis and Synthesis Settings -> More Settings" to "Off".


+-----------------------------------------------------+
; Post-Synthesis Netlist Statistics for Top Partition ;
+-----------------------+-----------------------------+
; Type                  ; Count                       ;
+-----------------------+-----------------------------+
; arriav_ff             ; 364                         ;
;     CLR               ; 17                          ;
;     ENA CLR SCLR      ; 8                           ;
;     SCLR              ; 337                         ;
;     plain             ; 2                           ;
; arriav_lcell_comb     ; 451                         ;
;     arith             ; 325                         ;
;         1 data inputs ; 324                         ;
;         2 data inputs ; 1                           ;
;     extend            ; 1                           ;
;         7 data inputs ; 1                           ;
;     normal            ; 125                         ;
;         1 data inputs ; 2                           ;
;         2 data inputs ; 4                           ;
;         3 data inputs ; 3                           ;
;         4 data inputs ; 27                          ;
;         5 data inputs ; 7                           ;
;         6 data inputs ; 82                          ;
; boundary_port         ; 20                          ;
;                       ;                             ;
; Max LUT depth         ; 3.40                        ;
; Average LUT depth     ; 2.55                        ;
+-----------------------+-----------------------------+


+-------------------------------+
; Elapsed Time Per Partition    ;
+----------------+--------------+
; Partition Name ; Elapsed Time ;
+----------------+--------------+
; Top            ; 00:00:00     ;
+----------------+--------------+


+-------------------------------+
; Analysis & Synthesis Messages ;
+-------------------------------+
Info: *******************************************************************
Info: Running Quartus Prime Analysis & Synthesis
    Info: Version 20.1.1 Build 720 11/11/2020 SJ Lite Edition
    Info: Processing started: Fri Feb 09 01:37:42 2024
Info: Command: quartus_map --read_settings_files=on --write_settings_files=off audio_controller -c audio_controller
Warning (18236): Number of processors has not been specified which may cause overloading on shared machines.  Set the global assignment NUM_PARALLEL_PROCESSORS in your QSF to an appropriate value for best performance.
Info (20030): Parallel compilation is enabled and will use 16 of the 16 processors detected
Info (12021): Found 1 design units, including 1 entities, in source file sv files/shift_detector.sv
    Info (12023): Found entity 1: shift_detector File: C:/Users/minec/Desktop/Work/GitHub Repos/PROJ300/Firmware/Audio Controller/sv files/shift_detector.sv Line: 1
Info (12021): Found 1 design units, including 1 entities, in source file ps2 files/sv files/seven_seg_controller_tb.sv
    Info (12023): Found entity 1: seven_seg_controller_tb File: C:/Users/minec/Desktop/Work/GitHub Repos/PROJ300/Firmware/Audio Controller/ps2 files/sv files/seven_seg_controller_tb.sv Line: 1
Info (12021): Found 1 design units, including 1 entities, in source file ps2 files/sv files/seven_seg_controller.sv
    Info (12023): Found entity 1: seven_seg_controller File: C:/Users/minec/Desktop/Work/GitHub Repos/PROJ300/Firmware/Audio Controller/ps2 files/sv files/seven_seg_controller.sv Line: 1
Info (12021): Found 1 design units, including 1 entities, in source file ps2 files/sv files/ps2controller_tb.sv
    Info (12023): Found entity 1: PS2controller_tb File: C:/Users/minec/Desktop/Work/GitHub Repos/PROJ300/Firmware/Audio Controller/ps2 files/sv files/PS2controller_tb.sv Line: 1
Info (12021): Found 1 design units, including 1 entities, in source file ps2 files/sv files/ps2_controller_tb.sv
    Info (12023): Found entity 1: ps2_controller_tb File: C:/Users/minec/Desktop/Work/GitHub Repos/PROJ300/Firmware/Audio Controller/ps2 files/sv files/ps2_controller_tb.sv Line: 1
Info (12021): Found 1 design units, including 1 entities, in source file ps2 files/sv files/ps2_controller.sv
    Info (12023): Found entity 1: ps2_controller File: C:/Users/minec/Desktop/Work/GitHub Repos/PROJ300/Firmware/Audio Controller/ps2 files/sv files/ps2_controller.sv Line: 1
Info (12021): Found 1 design units, including 1 entities, in source file ps2 files/sv files/bsy_reader_tb.sv
    Info (12023): Found entity 1: bsy_reader_tb File: C:/Users/minec/Desktop/Work/GitHub Repos/PROJ300/Firmware/Audio Controller/ps2 files/sv files/bsy_reader_tb.sv Line: 1
Info (12021): Found 1 design units, including 1 entities, in source file ps2 files/sv files/bsy_reader.sv
    Info (12023): Found entity 1: bsy_reader File: C:/Users/minec/Desktop/Work/GitHub Repos/PROJ300/Firmware/Audio Controller/ps2 files/sv files/bsy_reader.sv Line: 1
Info (12021): Found 1 design units, including 1 entities, in source file ps2 files/sv files/break_code_detector.sv
    Info (12023): Found entity 1: break_code_detector File: C:/Users/minec/Desktop/Work/GitHub Repos/PROJ300/Firmware/Audio Controller/ps2 files/sv files/break_code_detector.sv Line: 1
Info (12021): Found 1 design units, including 1 entities, in source file ps2 files/ps2controller.bdf
    Info (12023): Found entity 1: PS2controller
Info (12021): Found 1 design units, including 1 entities, in source file sv files/key_detector.sv
    Info (12023): Found entity 1: key_detector File: C:/Users/minec/Desktop/Work/GitHub Repos/PROJ300/Firmware/Audio Controller/sv files/key_detector.sv Line: 1
Warning (12019): Can't analyze file -- file sv files/encoder.sv is missing
Info (12021): Found 1 design units, including 1 entities, in source file sv files/muxn.sv
    Info (12023): Found entity 1: muxN File: C:/Users/minec/Desktop/Work/GitHub Repos/PROJ300/Firmware/Audio Controller/sv files/muxN.sv Line: 1
Info (12021): Found 1 design units, including 1 entities, in source file sv files/d_ffn.sv
    Info (12023): Found entity 1: d_ffN File: C:/Users/minec/Desktop/Work/GitHub Repos/PROJ300/Firmware/Audio Controller/sv files/d_ffN.sv Line: 1
Info (12021): Found 1 design units, including 1 entities, in source file sv files/fine_clk_divn.sv
    Info (12023): Found entity 1: fine_clk_divN File: C:/Users/minec/Desktop/Work/GitHub Repos/PROJ300/Firmware/Audio Controller/sv files/fine_clk_divN.sv Line: 1
Info (12021): Found 1 design units, including 1 entities, in source file audiocontroller.bdf
    Info (12023): Found entity 1: AudioController
Info (12021): Found 1 design units, including 1 entities, in source file music_frequencies.bdf
    Info (12023): Found entity 1: music_frequencies
Warning (10222): Verilog HDL Parameter Declaration warning at fine_clk_divN.sv(18): Parameter Declaration in module "fine_clk_divN" behaves as a Local Parameter Declaration because the module has a Module Parameter Port List File: C:/Users/minec/Desktop/Work/GitHub Repos/PROJ300/Firmware/Audio Controller/sv files/fine_clk_divN.sv Line: 18
Info (12127): Elaborating entity "AudioController" for the top level hierarchy
Info (12128): Elaborating entity "muxN" for hierarchy "muxN:inst4"
Info (12128): Elaborating entity "music_frequencies" for hierarchy "music_frequencies:inst"
Info (12128): Elaborating entity "fine_clk_divN" for hierarchy "music_frequencies:inst|fine_clk_divN:inst"
Warning (10230): Verilog HDL assignment warning at fine_clk_divN.sv(38): truncated value with size 32 to match size of target (25) File: C:/Users/minec/Desktop/Work/GitHub Repos/PROJ300/Firmware/Audio Controller/sv files/fine_clk_divN.sv Line: 38
Info (12128): Elaborating entity "fine_clk_divN" for hierarchy "music_frequencies:inst|fine_clk_divN:inst1"
Warning (10230): Verilog HDL assignment warning at fine_clk_divN.sv(38): truncated value with size 32 to match size of target (25) File: C:/Users/minec/Desktop/Work/GitHub Repos/PROJ300/Firmware/Audio Controller/sv files/fine_clk_divN.sv Line: 38
Info (12128): Elaborating entity "fine_clk_divN" for hierarchy "music_frequencies:inst|fine_clk_divN:inst2"
Warning (10230): Verilog HDL assignment warning at fine_clk_divN.sv(38): truncated value with size 32 to match size of target (25) File: C:/Users/minec/Desktop/Work/GitHub Repos/PROJ300/Firmware/Audio Controller/sv files/fine_clk_divN.sv Line: 38
Info (12128): Elaborating entity "fine_clk_divN" for hierarchy "music_frequencies:inst|fine_clk_divN:inst3"
Warning (10230): Verilog HDL assignment warning at fine_clk_divN.sv(38): truncated value with size 32 to match size of target (25) File: C:/Users/minec/Desktop/Work/GitHub Repos/PROJ300/Firmware/Audio Controller/sv files/fine_clk_divN.sv Line: 38
Info (12128): Elaborating entity "fine_clk_divN" for hierarchy "music_frequencies:inst|fine_clk_divN:inst15"
Warning (10230): Verilog HDL assignment warning at fine_clk_divN.sv(38): truncated value with size 32 to match size of target (25) File: C:/Users/minec/Desktop/Work/GitHub Repos/PROJ300/Firmware/Audio Controller/sv files/fine_clk_divN.sv Line: 38
Info (12128): Elaborating entity "fine_clk_divN" for hierarchy "music_frequencies:inst|fine_clk_divN:inst4"
Warning (10230): Verilog HDL assignment warning at fine_clk_divN.sv(38): truncated value with size 32 to match size of target (25) File: C:/Users/minec/Desktop/Work/GitHub Repos/PROJ300/Firmware/Audio Controller/sv files/fine_clk_divN.sv Line: 38
Info (12128): Elaborating entity "fine_clk_divN" for hierarchy "music_frequencies:inst|fine_clk_divN:inst5"
Warning (10230): Verilog HDL assignment warning at fine_clk_divN.sv(38): truncated value with size 32 to match size of target (25) File: C:/Users/minec/Desktop/Work/GitHub Repos/PROJ300/Firmware/Audio Controller/sv files/fine_clk_divN.sv Line: 38
Info (12128): Elaborating entity "fine_clk_divN" for hierarchy "music_frequencies:inst|fine_clk_divN:inst7"
Warning (10230): Verilog HDL assignment warning at fine_clk_divN.sv(38): truncated value with size 32 to match size of target (25) File: C:/Users/minec/Desktop/Work/GitHub Repos/PROJ300/Firmware/Audio Controller/sv files/fine_clk_divN.sv Line: 38
Info (12128): Elaborating entity "fine_clk_divN" for hierarchy "music_frequencies:inst|fine_clk_divN:inst16"
Warning (10230): Verilog HDL assignment warning at fine_clk_divN.sv(38): truncated value with size 32 to match size of target (25) File: C:/Users/minec/Desktop/Work/GitHub Repos/PROJ300/Firmware/Audio Controller/sv files/fine_clk_divN.sv Line: 38
Info (12128): Elaborating entity "fine_clk_divN" for hierarchy "music_frequencies:inst|fine_clk_divN:inst8"
Warning (10230): Verilog HDL assignment warning at fine_clk_divN.sv(38): truncated value with size 32 to match size of target (25) File: C:/Users/minec/Desktop/Work/GitHub Repos/PROJ300/Firmware/Audio Controller/sv files/fine_clk_divN.sv Line: 38
Info (12128): Elaborating entity "fine_clk_divN" for hierarchy "music_frequencies:inst|fine_clk_divN:inst9"
Warning (10230): Verilog HDL assignment warning at fine_clk_divN.sv(38): truncated value with size 32 to match size of target (25) File: C:/Users/minec/Desktop/Work/GitHub Repos/PROJ300/Firmware/Audio Controller/sv files/fine_clk_divN.sv Line: 38
Info (12128): Elaborating entity "fine_clk_divN" for hierarchy "music_frequencies:inst|fine_clk_divN:inst10"
Warning (10230): Verilog HDL assignment warning at fine_clk_divN.sv(38): truncated value with size 32 to match size of target (25) File: C:/Users/minec/Desktop/Work/GitHub Repos/PROJ300/Firmware/Audio Controller/sv files/fine_clk_divN.sv Line: 38
Info (12128): Elaborating entity "key_detector" for hierarchy "key_detector:inst1"
Info (12128): Elaborating entity "shift_detector" for hierarchy "shift_detector:inst7"
Info (12128): Elaborating entity "PS2controller" for hierarchy "PS2controller:inst2"
Info (12128): Elaborating entity "bsy_reader" for hierarchy "PS2controller:inst2|bsy_reader:inst2"
Info (12128): Elaborating entity "ps2_controller" for hierarchy "PS2controller:inst2|ps2_controller:inst1"
Warning (10230): Verilog HDL assignment warning at ps2_controller.sv(21): truncated value with size 32 to match size of target (4) File: C:/Users/minec/Desktop/Work/GitHub Repos/PROJ300/Firmware/Audio Controller/ps2 files/sv files/ps2_controller.sv Line: 21
Info (12128): Elaborating entity "break_code_detector" for hierarchy "PS2controller:inst2|break_code_detector:inst"
Warning (10230): Verilog HDL assignment warning at break_code_detector.sv(27): truncated value with size 32 to match size of target (25) File: C:/Users/minec/Desktop/Work/GitHub Repos/PROJ300/Firmware/Audio Controller/ps2 files/sv files/break_code_detector.sv Line: 27
Info (12128): Elaborating entity "seven_seg_controller" for hierarchy "seven_seg_controller:inst3"
Info (286030): Timing-Driven Synthesis is running
Info (16010): Generating hard_block partition "hard_block:auto_generated_inst"
    Info (16011): Adding 0 node(s), including 0 DDIO, 0 PLL, 0 transceiver and 0 LCELL
Info (21057): Implemented 485 device resources after synthesis - the final resource count might be different
    Info (21058): Implemented 4 input pins
    Info (21059): Implemented 16 output pins
    Info (21061): Implemented 465 logic cells
Info: Quartus Prime Analysis & Synthesis was successful. 0 errors, 17 warnings
    Info: Peak virtual memory: 4902 megabytes
    Info: Processing ended: Fri Feb 09 01:37:48 2024
    Info: Elapsed time: 00:00:06
    Info: Total CPU time (on all processors): 00:00:07


