Analysis & Synthesis report for SimpleCPU
Thu Feb 22 21:39:14 2024
Quartus Prime Version 20.1.1 Build 720 11/11/2020 SJ Lite Edition


---------------------
; Table of Contents ;
---------------------
  1. Legal Notice
  2. Analysis & Synthesis Summary
  3. Analysis & Synthesis Settings
  4. Parallel Compilation
  5. Analysis & Synthesis Source Files Read
  6. Analysis & Synthesis Resource Usage Summary
  7. Analysis & Synthesis Resource Utilization by Entity
  8. User-Specified and Inferred Latches
  9. General Register Statistics
 10. Multiplexer Restructuring Statistics (Restructuring Performed)
 11. Parameter Settings for User Entity Instance: fine_clk_divN:inst16
 12. Parameter Settings for User Entity Instance: CPU_regN:inst3
 13. Parameter Settings for User Entity Instance: CU_logic:inst13
 14. Parameter Settings for User Entity Instance: CU_decoder:inst11
 15. Parameter Settings for User Entity Instance: CU_counter:inst12
 16. Parameter Settings for User Entity Instance: CPU_regN:inst4
 17. Parameter Settings for User Entity Instance: systemBus_muxN:inst8
 18. Parameter Settings for User Entity Instance: CPU_regN:inst1
 19. Parameter Settings for User Entity Instance: CPU_regN:inst2
 20. Parameter Settings for User Entity Instance: testROM:inst9
 21. Parameter Settings for User Entity Instance: CPU_regN:inst
 22. Parameter Settings for User Entity Instance: ALU:inst10
 23. Post-Synthesis Netlist Statistics for Top Partition
 24. Elapsed Time Per Partition
 25. Analysis & Synthesis Messages



----------------
; Legal Notice ;
----------------
Copyright (C) 2020  Intel Corporation. All rights reserved.
Your use of Intel Corporation's design tools, logic functions 
and other software and tools, and any partner logic 
functions, and any output files from any of the foregoing 
(including device programming or simulation files), and any 
associated documentation or information are expressly subject 
to the terms and conditions of the Intel Program License 
Subscription Agreement, the Intel Quartus Prime License Agreement,
the Intel FPGA IP License Agreement, or other applicable license
agreement, including, without limitation, that your use is for
the sole purpose of programming logic devices manufactured by
Intel and sold by Intel or its authorized distributors.  Please
refer to the applicable agreement for further details, at
https://fpgasoftware.intel.com/eula.



+-------------------------------------------------------------------------------+
; Analysis & Synthesis Summary                                                  ;
+---------------------------------+---------------------------------------------+
; Analysis & Synthesis Status     ; Successful - Thu Feb 22 21:39:14 2024       ;
; Quartus Prime Version           ; 20.1.1 Build 720 11/11/2020 SJ Lite Edition ;
; Revision Name                   ; SimpleCPU                                   ;
; Top-level Entity Name           ; SimpleCPU                                   ;
; Family                          ; Cyclone V                                   ;
; Logic utilization (in ALMs)     ; N/A                                         ;
; Total registers                 ; 30                                          ;
; Total pins                      ; 18                                          ;
; Total virtual pins              ; 0                                           ;
; Total block memory bits         ; 0                                           ;
; Total DSP Blocks                ; 0                                           ;
; Total HSSI RX PCSs              ; 0                                           ;
; Total HSSI PMA RX Deserializers ; 0                                           ;
; Total HSSI TX PCSs              ; 0                                           ;
; Total HSSI PMA TX Serializers   ; 0                                           ;
; Total PLLs                      ; 0                                           ;
; Total DLLs                      ; 0                                           ;
+---------------------------------+---------------------------------------------+


+---------------------------------------------------------------------------------------------------------------------------+
; Analysis & Synthesis Settings                                                                                             ;
+---------------------------------------------------------------------------------+--------------------+--------------------+
; Option                                                                          ; Setting            ; Default Value      ;
+---------------------------------------------------------------------------------+--------------------+--------------------+
; Device                                                                          ; 5CEBA4F23C7        ;                    ;
; Top-level entity name                                                           ; SimpleCPU          ; SimpleCPU          ;
; Family name                                                                     ; Cyclone V          ; Cyclone V          ;
; Use smart compilation                                                           ; Off                ; Off                ;
; Enable parallel Assembler and Timing Analyzer during compilation                ; On                 ; On                 ;
; Enable compact report table                                                     ; Off                ; Off                ;
; Restructure Multiplexers                                                        ; Auto               ; Auto               ;
; MLAB Add Timing Constraints For Mixed-Port Feed-Through Mode Setting Don't Care ; Off                ; Off                ;
; Create Debugging Nodes for IP Cores                                             ; Off                ; Off                ;
; Preserve fewer node names                                                       ; On                 ; On                 ;
; Intel FPGA IP Evaluation Mode                                                   ; Enable             ; Enable             ;
; Verilog Version                                                                 ; Verilog_2001       ; Verilog_2001       ;
; VHDL Version                                                                    ; VHDL_1993          ; VHDL_1993          ;
; State Machine Processing                                                        ; Auto               ; Auto               ;
; Safe State Machine                                                              ; Off                ; Off                ;
; Extract Verilog State Machines                                                  ; On                 ; On                 ;
; Extract VHDL State Machines                                                     ; On                 ; On                 ;
; Ignore Verilog initial constructs                                               ; Off                ; Off                ;
; Iteration limit for constant Verilog loops                                      ; 5000               ; 5000               ;
; Iteration limit for non-constant Verilog loops                                  ; 250                ; 250                ;
; Add Pass-Through Logic to Inferred RAMs                                         ; On                 ; On                 ;
; Infer RAMs from Raw Logic                                                       ; On                 ; On                 ;
; Parallel Synthesis                                                              ; On                 ; On                 ;
; DSP Block Balancing                                                             ; Auto               ; Auto               ;
; NOT Gate Push-Back                                                              ; On                 ; On                 ;
; Power-Up Don't Care                                                             ; On                 ; On                 ;
; Remove Redundant Logic Cells                                                    ; Off                ; Off                ;
; Remove Duplicate Registers                                                      ; On                 ; On                 ;
; Ignore CARRY Buffers                                                            ; Off                ; Off                ;
; Ignore CASCADE Buffers                                                          ; Off                ; Off                ;
; Ignore GLOBAL Buffers                                                           ; Off                ; Off                ;
; Ignore ROW GLOBAL Buffers                                                       ; Off                ; Off                ;
; Ignore LCELL Buffers                                                            ; Off                ; Off                ;
; Ignore SOFT Buffers                                                             ; On                 ; On                 ;
; Limit AHDL Integers to 32 Bits                                                  ; Off                ; Off                ;
; Optimization Technique                                                          ; Balanced           ; Balanced           ;
; Carry Chain Length                                                              ; 70                 ; 70                 ;
; Auto Carry Chains                                                               ; On                 ; On                 ;
; Auto Open-Drain Pins                                                            ; On                 ; On                 ;
; Perform WYSIWYG Primitive Resynthesis                                           ; Off                ; Off                ;
; Auto ROM Replacement                                                            ; On                 ; On                 ;
; Auto RAM Replacement                                                            ; On                 ; On                 ;
; Auto DSP Block Replacement                                                      ; On                 ; On                 ;
; Auto Shift Register Replacement                                                 ; Auto               ; Auto               ;
; Allow Shift Register Merging across Hierarchies                                 ; Auto               ; Auto               ;
; Auto Clock Enable Replacement                                                   ; On                 ; On                 ;
; Strict RAM Replacement                                                          ; Off                ; Off                ;
; Allow Synchronous Control Signals                                               ; On                 ; On                 ;
; Force Use of Synchronous Clear Signals                                          ; Off                ; Off                ;
; Auto Resource Sharing                                                           ; Off                ; Off                ;
; Allow Any RAM Size For Recognition                                              ; Off                ; Off                ;
; Allow Any ROM Size For Recognition                                              ; Off                ; Off                ;
; Allow Any Shift Register Size For Recognition                                   ; Off                ; Off                ;
; Use LogicLock Constraints during Resource Balancing                             ; On                 ; On                 ;
; Ignore translate_off and synthesis_off directives                               ; Off                ; Off                ;
; Timing-Driven Synthesis                                                         ; On                 ; On                 ;
; Report Parameter Settings                                                       ; On                 ; On                 ;
; Report Source Assignments                                                       ; On                 ; On                 ;
; Report Connectivity Checks                                                      ; On                 ; On                 ;
; Ignore Maximum Fan-Out Assignments                                              ; Off                ; Off                ;
; Synchronization Register Chain Length                                           ; 3                  ; 3                  ;
; Power Optimization During Synthesis                                             ; Normal compilation ; Normal compilation ;
; HDL message level                                                               ; Level2             ; Level2             ;
; Suppress Register Optimization Related Messages                                 ; Off                ; Off                ;
; Number of Removed Registers Reported in Synthesis Report                        ; 5000               ; 5000               ;
; Number of Swept Nodes Reported in Synthesis Report                              ; 5000               ; 5000               ;
; Number of Inverted Registers Reported in Synthesis Report                       ; 100                ; 100                ;
; Clock MUX Protection                                                            ; On                 ; On                 ;
; Auto Gated Clock Conversion                                                     ; Off                ; Off                ;
; Block Design Naming                                                             ; Auto               ; Auto               ;
; SDC constraint protection                                                       ; Off                ; Off                ;
; Synthesis Effort                                                                ; Auto               ; Auto               ;
; Shift Register Replacement - Allow Asynchronous Clear Signal                    ; On                 ; On                 ;
; Pre-Mapping Resynthesis Optimization                                            ; Off                ; Off                ;
; Analysis & Synthesis Message Level                                              ; Medium             ; Medium             ;
; Disable Register Merging Across Hierarchies                                     ; Auto               ; Auto               ;
; Resource Aware Inference For Block RAM                                          ; On                 ; On                 ;
; Automatic Parallel Synthesis                                                    ; On                 ; On                 ;
; Partial Reconfiguration Bitstream ID                                            ; Off                ; Off                ;
+---------------------------------------------------------------------------------+--------------------+--------------------+


+------------------------------------------+
; Parallel Compilation                     ;
+----------------------------+-------------+
; Processors                 ; Number      ;
+----------------------------+-------------+
; Number detected on machine ; 16          ;
; Maximum allowed            ; 16          ;
;                            ;             ;
; Average used               ; 1.00        ;
; Maximum used               ; 16          ;
;                            ;             ;
; Usage by Processor         ; % Time Used ;
;     Processor 1            ; 100.0%      ;
;     Processors 2-16        ;   0.0%      ;
+----------------------------+-------------+


+-----------------------------------------------------------------------------------------------------------------------------------------------------------------------------------------------------------------------+
; Analysis & Synthesis Source Files Read                                                                                                                                                                                ;
+----------------------------------+-----------------+------------------------------------+-------------------------------------------------------------------------------------------------------------------+---------+
; File Name with User-Entered Path ; Used in Netlist ; File Type                          ; File Name with Absolute Path                                                                                      ; Library ;
+----------------------------------+-----------------+------------------------------------+-------------------------------------------------------------------------------------------------------------------+---------+
; sv files/seven_seg_controller.sv ; yes             ; User SystemVerilog HDL File        ; C:/Users/minec/Desktop/Work/GitHub Repos/PROJ300/Firmware/CPU Designs/Simple CPU/sv files/seven_seg_controller.sv ;         ;
; sv files/fine_clk_divN.sv        ; yes             ; User SystemVerilog HDL File        ; C:/Users/minec/Desktop/Work/GitHub Repos/PROJ300/Firmware/CPU Designs/Simple CPU/sv files/fine_clk_divN.sv        ;         ;
; sv files/testROM.sv              ; yes             ; User SystemVerilog HDL File        ; C:/Users/minec/Desktop/Work/GitHub Repos/PROJ300/Firmware/CPU Designs/Simple CPU/sv files/testROM.sv              ;         ;
; sv files/systemBus_muxN.sv       ; yes             ; User SystemVerilog HDL File        ; C:/Users/minec/Desktop/Work/GitHub Repos/PROJ300/Firmware/CPU Designs/Simple CPU/sv files/systemBus_muxN.sv       ;         ;
; sv files/CU_logic.sv             ; yes             ; User SystemVerilog HDL File        ; C:/Users/minec/Desktop/Work/GitHub Repos/PROJ300/Firmware/CPU Designs/Simple CPU/sv files/CU_logic.sv             ;         ;
; sv files/CU_decoder.sv           ; yes             ; User SystemVerilog HDL File        ; C:/Users/minec/Desktop/Work/GitHub Repos/PROJ300/Firmware/CPU Designs/Simple CPU/sv files/CU_decoder.sv           ;         ;
; sv files/CU_counter.sv           ; yes             ; User SystemVerilog HDL File        ; C:/Users/minec/Desktop/Work/GitHub Repos/PROJ300/Firmware/CPU Designs/Simple CPU/sv files/CU_counter.sv           ;         ;
; sv files/CPU_regN.sv             ; yes             ; User SystemVerilog HDL File        ; C:/Users/minec/Desktop/Work/GitHub Repos/PROJ300/Firmware/CPU Designs/Simple CPU/sv files/CPU_regN.sv             ;         ;
; sv files/ALU.sv                  ; yes             ; User SystemVerilog HDL File        ; C:/Users/minec/Desktop/Work/GitHub Repos/PROJ300/Firmware/CPU Designs/Simple CPU/sv files/ALU.sv                  ;         ;
; SimpleCPU.bdf                    ; yes             ; User Block Diagram/Schematic File  ; C:/Users/minec/Desktop/Work/GitHub Repos/PROJ300/Firmware/CPU Designs/Simple CPU/SimpleCPU.bdf                    ;         ;
+----------------------------------+-----------------+------------------------------------+-------------------------------------------------------------------------------------------------------------------+---------+


+---------------------------------------------------------+
; Analysis & Synthesis Resource Usage Summary             ;
+---------------------------------------------+-----------+
; Resource                                    ; Usage     ;
+---------------------------------------------+-----------+
; Estimate of Logic utilization (ALMs needed) ; 83        ;
;                                             ;           ;
; Combinational ALUT usage for logic          ; 141       ;
;     -- 7 input functions                    ; 0         ;
;     -- 6 input functions                    ; 24        ;
;     -- 5 input functions                    ; 2         ;
;     -- 4 input functions                    ; 62        ;
;     -- <=3 input functions                  ; 53        ;
;                                             ;           ;
; Dedicated logic registers                   ; 30        ;
;                                             ;           ;
; I/O pins                                    ; 18        ;
;                                             ;           ;
; Total DSP Blocks                            ; 0         ;
;                                             ;           ;
; Maximum fan-out node                        ; RST~input ;
; Maximum fan-out                             ; 37        ;
; Total fan-out                               ; 635       ;
; Average fan-out                             ; 3.07      ;
+---------------------------------------------+-----------+


+--------------------------------------------------------------------------------------------------------------------------------------------------------------------------------------------------------------------------+
; Analysis & Synthesis Resource Utilization by Entity                                                                                                                                                                      ;
+----------------------------------+---------------------+---------------------------+-------------------+------------+------+--------------+----------------------------------------+----------------------+--------------+
; Compilation Hierarchy Node       ; Combinational ALUTs ; Dedicated Logic Registers ; Block Memory Bits ; DSP Blocks ; Pins ; Virtual Pins ; Full Hierarchy Name                    ; Entity Name          ; Library Name ;
+----------------------------------+---------------------+---------------------------+-------------------+------------+------+--------------+----------------------------------------+----------------------+--------------+
; |SimpleCPU                       ; 141 (0)             ; 30 (0)                    ; 0                 ; 0          ; 18   ; 0            ; |SimpleCPU                             ; SimpleCPU            ; work         ;
;    |ALU:inst10|                  ; 8 (8)               ; 0 (0)                     ; 0                 ; 0          ; 0    ; 0            ; |SimpleCPU|ALU:inst10                  ; ALU                  ; work         ;
;    |CPU_regN:inst1|              ; 17 (17)             ; 0 (0)                     ; 0                 ; 0          ; 0    ; 0            ; |SimpleCPU|CPU_regN:inst1              ; CPU_regN             ; work         ;
;    |CPU_regN:inst2|              ; 8 (8)               ; 0 (0)                     ; 0                 ; 0          ; 0    ; 0            ; |SimpleCPU|CPU_regN:inst2              ; CPU_regN             ; work         ;
;    |CPU_regN:inst3|              ; 25 (25)             ; 0 (0)                     ; 0                 ; 0          ; 0    ; 0            ; |SimpleCPU|CPU_regN:inst3              ; CPU_regN             ; work         ;
;    |CPU_regN:inst4|              ; 2 (2)               ; 0 (0)                     ; 0                 ; 0          ; 0    ; 0            ; |SimpleCPU|CPU_regN:inst4              ; CPU_regN             ; work         ;
;    |CPU_regN:inst|               ; 6 (6)               ; 0 (0)                     ; 0                 ; 0          ; 0    ; 0            ; |SimpleCPU|CPU_regN:inst               ; CPU_regN             ; work         ;
;    |CU_counter:inst12|           ; 6 (6)               ; 4 (4)                     ; 0                 ; 0          ; 0    ; 0            ; |SimpleCPU|CU_counter:inst12           ; CU_counter           ; work         ;
;    |CU_logic:inst13|             ; 9 (9)               ; 0 (0)                     ; 0                 ; 0          ; 0    ; 0            ; |SimpleCPU|CU_logic:inst13             ; CU_logic             ; work         ;
;    |fine_clk_divN:inst16|        ; 31 (31)             ; 26 (26)                   ; 0                 ; 0          ; 0    ; 0            ; |SimpleCPU|fine_clk_divN:inst16        ; fine_clk_divN        ; work         ;
;    |seven_seg_controller:inst17| ; 14 (14)             ; 0 (0)                     ; 0                 ; 0          ; 0    ; 0            ; |SimpleCPU|seven_seg_controller:inst17 ; seven_seg_controller ; work         ;
;    |systemBus_muxN:inst8|        ; 15 (15)             ; 0 (0)                     ; 0                 ; 0          ; 0    ; 0            ; |SimpleCPU|systemBus_muxN:inst8        ; systemBus_muxN       ; work         ;
+----------------------------------+---------------------+---------------------------+-------------------+------------+------+--------------+----------------------------------------+----------------------+--------------+
Note: For table entries with two numbers listed, the numbers in parentheses indicate the number of resources of the given type used by the specific entity alone. The numbers listed outside of parentheses indicate the total resources of the given type used by the specific entity and all of its sub-entities in the hierarchy.


+---------------------------------------------------------------------------------------------------------+
; User-Specified and Inferred Latches                                                                     ;
+-----------------------------------------------------+--------------------------+------------------------+
; Latch Name                                          ; Latch Enable Signal      ; Free of Timing Hazards ;
+-----------------------------------------------------+--------------------------+------------------------+
; CPU_regN:inst3|internal_reg[0]                      ; CPU_regN:inst3|WideNor0  ; yes                    ;
; CPU_regN:inst3|internal_reg[1]                      ; CPU_regN:inst3|WideNor0  ; yes                    ;
; CPU_regN:inst3|internal_reg[2]                      ; CPU_regN:inst3|WideNor0  ; yes                    ;
; CPU_regN:inst3|internal_reg[3]                      ; CPU_regN:inst3|WideNor0  ; yes                    ;
; CPU_regN:inst3|internal_reg[4]                      ; CPU_regN:inst3|WideNor0  ; yes                    ;
; CPU_regN:inst3|internal_reg[5]                      ; CPU_regN:inst3|WideNor0  ; yes                    ;
; CPU_regN:inst3|internal_reg[6]                      ; CPU_regN:inst3|WideNor0  ; yes                    ;
; CPU_regN:inst3|internal_reg[7]                      ; CPU_regN:inst3|WideNor0  ; yes                    ;
; CPU_regN:inst|internal_reg[0]                       ; CU_logic:inst13|ARLOAD   ; yes                    ;
; CPU_regN:inst|internal_reg[1]                       ; CU_logic:inst13|ARLOAD   ; yes                    ;
; CPU_regN:inst|internal_reg[2]                       ; CU_logic:inst13|ARLOAD   ; yes                    ;
; CPU_regN:inst|internal_reg[3]                       ; CU_logic:inst13|ARLOAD   ; yes                    ;
; CPU_regN:inst|internal_reg[4]                       ; CU_logic:inst13|ARLOAD   ; yes                    ;
; CPU_regN:inst|internal_reg[5]                       ; CU_logic:inst13|ARLOAD   ; yes                    ;
; CPU_regN:inst1|internal_reg[0]                      ; CPU_regN:inst1|WideNor0  ; yes                    ;
; CPU_regN:inst2|internal_reg[0]                      ; CU_logic:inst13|WideOr0  ; yes                    ;
; CPU_regN:inst4|internal_reg[0]                      ; CU_logic:inst13|Decoder0 ; yes                    ;
; CPU_regN:inst4|internal_reg[1]                      ; CU_logic:inst13|Decoder0 ; yes                    ;
; CPU_regN:inst1|internal_reg[1]                      ; CPU_regN:inst1|WideNor0  ; yes                    ;
; CPU_regN:inst2|internal_reg[1]                      ; CU_logic:inst13|WideOr0  ; yes                    ;
; CPU_regN:inst1|internal_reg[2]                      ; CPU_regN:inst1|WideNor0  ; yes                    ;
; CPU_regN:inst2|internal_reg[2]                      ; CU_logic:inst13|WideOr0  ; yes                    ;
; CPU_regN:inst1|internal_reg[3]                      ; CPU_regN:inst1|WideNor0  ; yes                    ;
; CPU_regN:inst2|internal_reg[3]                      ; CU_logic:inst13|WideOr0  ; yes                    ;
; CPU_regN:inst1|internal_reg[4]                      ; CPU_regN:inst1|WideNor0  ; yes                    ;
; CPU_regN:inst2|internal_reg[4]                      ; CU_logic:inst13|WideOr0  ; yes                    ;
; CPU_regN:inst1|internal_reg[5]                      ; CPU_regN:inst1|WideNor0  ; yes                    ;
; CPU_regN:inst2|internal_reg[5]                      ; CU_logic:inst13|WideOr0  ; yes                    ;
; CPU_regN:inst2|internal_reg[6]                      ; CU_logic:inst13|WideOr0  ; yes                    ;
; CPU_regN:inst2|internal_reg[7]                      ; CU_logic:inst13|WideOr0  ; yes                    ;
; Number of user-specified and inferred latches = 30  ;                          ;                        ;
+-----------------------------------------------------+--------------------------+------------------------+
Note: All latches listed above may not be present at the end of synthesis due to various synthesis optimizations.


+------------------------------------------------------+
; General Register Statistics                          ;
+----------------------------------------------+-------+
; Statistic                                    ; Value ;
+----------------------------------------------+-------+
; Total registers                              ; 30    ;
; Number of registers using Synchronous Clear  ; 27    ;
; Number of registers using Synchronous Load   ; 0     ;
; Number of registers using Asynchronous Clear ; 0     ;
; Number of registers using Asynchronous Load  ; 0     ;
; Number of registers using Clock Enable       ; 0     ;
; Number of registers using Preset             ; 0     ;
+----------------------------------------------+-------+


+---------------------------------------------------------------------------------------------------------------------------------------------------------------+
; Multiplexer Restructuring Statistics (Restructuring Performed)                                                                                                ;
+--------------------+-----------+---------------+----------------------+------------------------+------------+-------------------------------------------------+
; Multiplexer Inputs ; Bus Width ; Baseline Area ; Area if Restructured ; Saving if Restructured ; Registered ; Example Multiplexer Output                      ;
+--------------------+-----------+---------------+----------------------+------------------------+------------+-------------------------------------------------+
; 3:1                ; 25 bits   ; 50 LEs        ; 0 LEs                ; 50 LEs                 ; Yes        ; |SimpleCPU|fine_clk_divN:inst16|counter_reg[15] ;
; 5:1                ; 3 bits    ; 9 LEs         ; 6 LEs                ; 3 LEs                  ; Yes        ; |SimpleCPU|CU_counter:inst12|counter_reg[3]     ;
; 4:1                ; 6 bits    ; 12 LEs        ; 12 LEs               ; 0 LEs                  ; No         ; |SimpleCPU|systemBus_muxN:inst8|Mux2            ;
; 3:1                ; 2 bits    ; 4 LEs         ; 4 LEs                ; 0 LEs                  ; No         ; |SimpleCPU|CPU_regN:inst3|Selector1             ;
; 3:1                ; 6 bits    ; 12 LEs        ; 12 LEs               ; 0 LEs                  ; No         ; |SimpleCPU|CPU_regN:inst3|Selector0             ;
+--------------------+-----------+---------------+----------------------+------------------------+------------+-------------------------------------------------+


+-------------------------------------------------------------------+
; Parameter Settings for User Entity Instance: fine_clk_divN:inst16 ;
+----------------+-------+------------------------------------------+
; Parameter Name ; Value ; Type                                     ;
+----------------+-------+------------------------------------------+
; f              ; 3     ; Signed Float                             ;
+----------------+-------+------------------------------------------+
Note: In order to hide this table in the UI and the text report file, please set the "Show Parameter Settings in Synthesis Report" option in "Analysis and Synthesis Settings -> More Settings" to "Off".


+-------------------------------------------------------------+
; Parameter Settings for User Entity Instance: CPU_regN:inst3 ;
+----------------+-------+------------------------------------+
; Parameter Name ; Value ; Type                               ;
+----------------+-------+------------------------------------+
; N              ; 8     ; Signed Integer                     ;
+----------------+-------+------------------------------------+
Note: In order to hide this table in the UI and the text report file, please set the "Show Parameter Settings in Synthesis Report" option in "Analysis and Synthesis Settings -> More Settings" to "Off".


+--------------------------------------------------------------+
; Parameter Settings for User Entity Instance: CU_logic:inst13 ;
+----------------+-------+-------------------------------------+
; Parameter Name ; Value ; Type                                ;
+----------------+-------+-------------------------------------+
; states         ; 9     ; Signed Integer                      ;
+----------------+-------+-------------------------------------+
Note: In order to hide this table in the UI and the text report file, please set the "Show Parameter Settings in Synthesis Report" option in "Analysis and Synthesis Settings -> More Settings" to "Off".


+----------------------------------------------------------------+
; Parameter Settings for User Entity Instance: CU_decoder:inst11 ;
+----------------+-------+---------------------------------------+
; Parameter Name ; Value ; Type                                  ;
+----------------+-------+---------------------------------------+
; N              ; 4     ; Signed Integer                        ;
; states         ; 9     ; Signed Integer                        ;
+----------------+-------+---------------------------------------+
Note: In order to hide this table in the UI and the text report file, please set the "Show Parameter Settings in Synthesis Report" option in "Analysis and Synthesis Settings -> More Settings" to "Off".


+----------------------------------------------------------------+
; Parameter Settings for User Entity Instance: CU_counter:inst12 ;
+----------------+-------+---------------------------------------+
; Parameter Name ; Value ; Type                                  ;
+----------------+-------+---------------------------------------+
; opcode_bits    ; 2     ; Signed Integer                        ;
; N              ; 4     ; Signed Integer                        ;
+----------------+-------+---------------------------------------+
Note: In order to hide this table in the UI and the text report file, please set the "Show Parameter Settings in Synthesis Report" option in "Analysis and Synthesis Settings -> More Settings" to "Off".


+-------------------------------------------------------------+
; Parameter Settings for User Entity Instance: CPU_regN:inst4 ;
+----------------+-------+------------------------------------+
; Parameter Name ; Value ; Type                               ;
+----------------+-------+------------------------------------+
; N              ; 2     ; Signed Integer                     ;
+----------------+-------+------------------------------------+
Note: In order to hide this table in the UI and the text report file, please set the "Show Parameter Settings in Synthesis Report" option in "Analysis and Synthesis Settings -> More Settings" to "Off".


+-------------------------------------------------------------------+
; Parameter Settings for User Entity Instance: systemBus_muxN:inst8 ;
+----------------+-------+------------------------------------------+
; Parameter Name ; Value ; Type                                     ;
+----------------+-------+------------------------------------------+
; N              ; 8     ; Signed Integer                           ;
+----------------+-------+------------------------------------------+
Note: In order to hide this table in the UI and the text report file, please set the "Show Parameter Settings in Synthesis Report" option in "Analysis and Synthesis Settings -> More Settings" to "Off".


+-------------------------------------------------------------+
; Parameter Settings for User Entity Instance: CPU_regN:inst1 ;
+----------------+-------+------------------------------------+
; Parameter Name ; Value ; Type                               ;
+----------------+-------+------------------------------------+
; N              ; 6     ; Signed Integer                     ;
+----------------+-------+------------------------------------+
Note: In order to hide this table in the UI and the text report file, please set the "Show Parameter Settings in Synthesis Report" option in "Analysis and Synthesis Settings -> More Settings" to "Off".


+-------------------------------------------------------------+
; Parameter Settings for User Entity Instance: CPU_regN:inst2 ;
+----------------+-------+------------------------------------+
; Parameter Name ; Value ; Type                               ;
+----------------+-------+------------------------------------+
; N              ; 8     ; Signed Integer                     ;
+----------------+-------+------------------------------------+
Note: In order to hide this table in the UI and the text report file, please set the "Show Parameter Settings in Synthesis Report" option in "Analysis and Synthesis Settings -> More Settings" to "Off".


+------------------------------------------------------------+
; Parameter Settings for User Entity Instance: testROM:inst9 ;
+----------------+-------+-----------------------------------+
; Parameter Name ; Value ; Type                              ;
+----------------+-------+-----------------------------------+
; DATA_WIDTH     ; 8     ; Signed Integer                    ;
; ADDR_WIDTH     ; 6     ; Signed Integer                    ;
+----------------+-------+-----------------------------------+
Note: In order to hide this table in the UI and the text report file, please set the "Show Parameter Settings in Synthesis Report" option in "Analysis and Synthesis Settings -> More Settings" to "Off".


+------------------------------------------------------------+
; Parameter Settings for User Entity Instance: CPU_regN:inst ;
+----------------+-------+-----------------------------------+
; Parameter Name ; Value ; Type                              ;
+----------------+-------+-----------------------------------+
; N              ; 6     ; Signed Integer                    ;
+----------------+-------+-----------------------------------+
Note: In order to hide this table in the UI and the text report file, please set the "Show Parameter Settings in Synthesis Report" option in "Analysis and Synthesis Settings -> More Settings" to "Off".


+---------------------------------------------------------+
; Parameter Settings for User Entity Instance: ALU:inst10 ;
+----------------+-------+--------------------------------+
; Parameter Name ; Value ; Type                           ;
+----------------+-------+--------------------------------+
; N              ; 8     ; Signed Integer                 ;
+----------------+-------+--------------------------------+
Note: In order to hide this table in the UI and the text report file, please set the "Show Parameter Settings in Synthesis Report" option in "Analysis and Synthesis Settings -> More Settings" to "Off".


+-----------------------------------------------------+
; Post-Synthesis Netlist Statistics for Top Partition ;
+-----------------------+-----------------------------+
; Type                  ; Count                       ;
+-----------------------+-----------------------------+
; arriav_ff             ; 30                          ;
;     SCLR              ; 27                          ;
;     plain             ; 3                           ;
; arriav_lcell_comb     ; 143                         ;
;     arith             ; 41                          ;
;         1 data inputs ; 35                          ;
;         2 data inputs ; 6                           ;
;     normal            ; 102                         ;
;         1 data inputs ; 2                           ;
;         2 data inputs ; 9                           ;
;         3 data inputs ; 3                           ;
;         4 data inputs ; 62                          ;
;         5 data inputs ; 2                           ;
;         6 data inputs ; 24                          ;
; boundary_port         ; 18                          ;
;                       ;                             ;
; Max LUT depth         ; 3.70                        ;
; Average LUT depth     ; 2.73                        ;
+-----------------------+-----------------------------+


+-------------------------------+
; Elapsed Time Per Partition    ;
+----------------+--------------+
; Partition Name ; Elapsed Time ;
+----------------+--------------+
; Top            ; 00:00:00     ;
+----------------+--------------+


+-------------------------------+
; Analysis & Synthesis Messages ;
+-------------------------------+
Info: *******************************************************************
Info: Running Quartus Prime Analysis & Synthesis
    Info: Version 20.1.1 Build 720 11/11/2020 SJ Lite Edition
    Info: Processing started: Thu Feb 22 21:39:09 2024
Info: Command: quartus_map --read_settings_files=on --write_settings_files=off SimpleCPU -c SimpleCPU
Warning (18236): Number of processors has not been specified which may cause overloading on shared machines.  Set the global assignment NUM_PARALLEL_PROCESSORS in your QSF to an appropriate value for best performance.
Info (20030): Parallel compilation is enabled and will use 16 of the 16 processors detected
Info (12021): Found 1 design units, including 1 entities, in source file sv files/seven_seg_controller.sv
    Info (12023): Found entity 1: seven_seg_controller File: C:/Users/minec/Desktop/Work/GitHub Repos/PROJ300/Firmware/CPU Designs/Simple CPU/sv files/seven_seg_controller.sv Line: 1
Info (12021): Found 1 design units, including 1 entities, in source file sv files/fine_clk_divn.sv
    Info (12023): Found entity 1: fine_clk_divN File: C:/Users/minec/Desktop/Work/GitHub Repos/PROJ300/Firmware/CPU Designs/Simple CPU/sv files/fine_clk_divN.sv Line: 1
Info (12021): Found 1 design units, including 1 entities, in source file sv files/testrom.sv
    Info (12023): Found entity 1: testROM File: C:/Users/minec/Desktop/Work/GitHub Repos/PROJ300/Firmware/CPU Designs/Simple CPU/sv files/testROM.sv Line: 1
Info (12021): Found 1 design units, including 1 entities, in source file sv files/systembus_muxn.sv
    Info (12023): Found entity 1: systemBus_muxN File: C:/Users/minec/Desktop/Work/GitHub Repos/PROJ300/Firmware/CPU Designs/Simple CPU/sv files/systemBus_muxN.sv Line: 1
Info (12021): Found 1 design units, including 1 entities, in source file sv files/cu_logic.sv
    Info (12023): Found entity 1: CU_logic File: C:/Users/minec/Desktop/Work/GitHub Repos/PROJ300/Firmware/CPU Designs/Simple CPU/sv files/CU_logic.sv Line: 1
Info (12021): Found 1 design units, including 1 entities, in source file sv files/cu_decoder.sv
    Info (12023): Found entity 1: CU_decoder File: C:/Users/minec/Desktop/Work/GitHub Repos/PROJ300/Firmware/CPU Designs/Simple CPU/sv files/CU_decoder.sv Line: 1
Info (12021): Found 1 design units, including 1 entities, in source file sv files/cu_counter.sv
    Info (12023): Found entity 1: CU_counter File: C:/Users/minec/Desktop/Work/GitHub Repos/PROJ300/Firmware/CPU Designs/Simple CPU/sv files/CU_counter.sv Line: 1
Info (12021): Found 1 design units, including 1 entities, in source file sv files/cpu_regn.sv
    Info (12023): Found entity 1: CPU_regN File: C:/Users/minec/Desktop/Work/GitHub Repos/PROJ300/Firmware/CPU Designs/Simple CPU/sv files/CPU_regN.sv Line: 1
Info (12021): Found 1 design units, including 1 entities, in source file sv files/alu.sv
    Info (12023): Found entity 1: ALU File: C:/Users/minec/Desktop/Work/GitHub Repos/PROJ300/Firmware/CPU Designs/Simple CPU/sv files/ALU.sv Line: 1
Info (12021): Found 1 design units, including 1 entities, in source file simplecpu.bdf
    Info (12023): Found entity 1: SimpleCPU
Warning (10222): Verilog HDL Parameter Declaration warning at fine_clk_divN.sv(18): Parameter Declaration in module "fine_clk_divN" behaves as a Local Parameter Declaration because the module has a Module Parameter Port List File: C:/Users/minec/Desktop/Work/GitHub Repos/PROJ300/Firmware/CPU Designs/Simple CPU/sv files/fine_clk_divN.sv Line: 18
Info (12127): Elaborating entity "SimpleCPU" for the top level hierarchy
Info (12128): Elaborating entity "fine_clk_divN" for hierarchy "fine_clk_divN:inst16"
Warning (10230): Verilog HDL assignment warning at fine_clk_divN.sv(38): truncated value with size 32 to match size of target (25) File: C:/Users/minec/Desktop/Work/GitHub Repos/PROJ300/Firmware/CPU Designs/Simple CPU/sv files/fine_clk_divN.sv Line: 38
Info (12128): Elaborating entity "seven_seg_controller" for hierarchy "seven_seg_controller:inst17"
Info (12128): Elaborating entity "CPU_regN" for hierarchy "CPU_regN:inst3"
Warning (10230): Verilog HDL assignment warning at CPU_regN.sv(45): truncated value with size 32 to match size of target (8) File: C:/Users/minec/Desktop/Work/GitHub Repos/PROJ300/Firmware/CPU Designs/Simple CPU/sv files/CPU_regN.sv Line: 45
Warning (10270): Verilog HDL Case Statement warning at CPU_regN.sv(35): incomplete case statement has no default case item File: C:/Users/minec/Desktop/Work/GitHub Repos/PROJ300/Firmware/CPU Designs/Simple CPU/sv files/CPU_regN.sv Line: 35
Info (10264): Verilog HDL Case Statement information at CPU_regN.sv(35): all case item expressions in this case statement are onehot File: C:/Users/minec/Desktop/Work/GitHub Repos/PROJ300/Firmware/CPU Designs/Simple CPU/sv files/CPU_regN.sv Line: 35
Warning (10240): Verilog HDL Always Construct warning at CPU_regN.sv(20): inferring latch(es) for variable "internal_reg", which holds its previous value in one or more paths through the always construct File: C:/Users/minec/Desktop/Work/GitHub Repos/PROJ300/Firmware/CPU Designs/Simple CPU/sv files/CPU_regN.sv Line: 20
Info (10041): Inferred latch for "internal_reg[0]" at CPU_regN.sv(20) File: C:/Users/minec/Desktop/Work/GitHub Repos/PROJ300/Firmware/CPU Designs/Simple CPU/sv files/CPU_regN.sv Line: 20
Info (10041): Inferred latch for "internal_reg[1]" at CPU_regN.sv(20) File: C:/Users/minec/Desktop/Work/GitHub Repos/PROJ300/Firmware/CPU Designs/Simple CPU/sv files/CPU_regN.sv Line: 20
Info (10041): Inferred latch for "internal_reg[2]" at CPU_regN.sv(20) File: C:/Users/minec/Desktop/Work/GitHub Repos/PROJ300/Firmware/CPU Designs/Simple CPU/sv files/CPU_regN.sv Line: 20
Info (10041): Inferred latch for "internal_reg[3]" at CPU_regN.sv(20) File: C:/Users/minec/Desktop/Work/GitHub Repos/PROJ300/Firmware/CPU Designs/Simple CPU/sv files/CPU_regN.sv Line: 20
Info (10041): Inferred latch for "internal_reg[4]" at CPU_regN.sv(20) File: C:/Users/minec/Desktop/Work/GitHub Repos/PROJ300/Firmware/CPU Designs/Simple CPU/sv files/CPU_regN.sv Line: 20
Info (10041): Inferred latch for "internal_reg[5]" at CPU_regN.sv(20) File: C:/Users/minec/Desktop/Work/GitHub Repos/PROJ300/Firmware/CPU Designs/Simple CPU/sv files/CPU_regN.sv Line: 20
Info (10041): Inferred latch for "internal_reg[6]" at CPU_regN.sv(20) File: C:/Users/minec/Desktop/Work/GitHub Repos/PROJ300/Firmware/CPU Designs/Simple CPU/sv files/CPU_regN.sv Line: 20
Info (10041): Inferred latch for "internal_reg[7]" at CPU_regN.sv(20) File: C:/Users/minec/Desktop/Work/GitHub Repos/PROJ300/Firmware/CPU Designs/Simple CPU/sv files/CPU_regN.sv Line: 20
Info (12128): Elaborating entity "CU_logic" for hierarchy "CU_logic:inst13"
Info (10264): Verilog HDL Case Statement information at CU_logic.sv(35): all case item expressions in this case statement are onehot File: C:/Users/minec/Desktop/Work/GitHub Repos/PROJ300/Firmware/CPU Designs/Simple CPU/sv files/CU_logic.sv Line: 35
Info (12128): Elaborating entity "CU_decoder" for hierarchy "CU_decoder:inst11"
Warning (10036): Verilog HDL or VHDL warning at CU_decoder.sv(9): object "i" assigned a value but never read File: C:/Users/minec/Desktop/Work/GitHub Repos/PROJ300/Firmware/CPU Designs/Simple CPU/sv files/CU_decoder.sv Line: 9
Warning (10230): Verilog HDL assignment warning at CU_decoder.sv(28): truncated value with size 32 to match size of target (9) File: C:/Users/minec/Desktop/Work/GitHub Repos/PROJ300/Firmware/CPU Designs/Simple CPU/sv files/CU_decoder.sv Line: 28
Warning (10230): Verilog HDL assignment warning at CU_decoder.sv(34): truncated value with size 32 to match size of target (9) File: C:/Users/minec/Desktop/Work/GitHub Repos/PROJ300/Firmware/CPU Designs/Simple CPU/sv files/CU_decoder.sv Line: 34
Warning (10230): Verilog HDL assignment warning at CU_decoder.sv(40): truncated value with size 32 to match size of target (9) File: C:/Users/minec/Desktop/Work/GitHub Repos/PROJ300/Firmware/CPU Designs/Simple CPU/sv files/CU_decoder.sv Line: 40
Warning (10230): Verilog HDL assignment warning at CU_decoder.sv(46): truncated value with size 32 to match size of target (9) File: C:/Users/minec/Desktop/Work/GitHub Repos/PROJ300/Firmware/CPU Designs/Simple CPU/sv files/CU_decoder.sv Line: 46
Warning (10230): Verilog HDL assignment warning at CU_decoder.sv(52): truncated value with size 32 to match size of target (9) File: C:/Users/minec/Desktop/Work/GitHub Repos/PROJ300/Firmware/CPU Designs/Simple CPU/sv files/CU_decoder.sv Line: 52
Warning (10230): Verilog HDL assignment warning at CU_decoder.sv(58): truncated value with size 32 to match size of target (9) File: C:/Users/minec/Desktop/Work/GitHub Repos/PROJ300/Firmware/CPU Designs/Simple CPU/sv files/CU_decoder.sv Line: 58
Warning (10230): Verilog HDL assignment warning at CU_decoder.sv(64): truncated value with size 32 to match size of target (9) File: C:/Users/minec/Desktop/Work/GitHub Repos/PROJ300/Firmware/CPU Designs/Simple CPU/sv files/CU_decoder.sv Line: 64
Warning (10230): Verilog HDL assignment warning at CU_decoder.sv(70): truncated value with size 32 to match size of target (9) File: C:/Users/minec/Desktop/Work/GitHub Repos/PROJ300/Firmware/CPU Designs/Simple CPU/sv files/CU_decoder.sv Line: 70
Warning (10230): Verilog HDL assignment warning at CU_decoder.sv(76): truncated value with size 32 to match size of target (9) File: C:/Users/minec/Desktop/Work/GitHub Repos/PROJ300/Firmware/CPU Designs/Simple CPU/sv files/CU_decoder.sv Line: 76
Info (12128): Elaborating entity "CU_counter" for hierarchy "CU_counter:inst12"
Warning (10036): Verilog HDL or VHDL warning at CU_counter.sv(13): object "opcode_reg" assigned a value but never read File: C:/Users/minec/Desktop/Work/GitHub Repos/PROJ300/Firmware/CPU Designs/Simple CPU/sv files/CU_counter.sv Line: 13
Warning (10230): Verilog HDL assignment warning at CU_counter.sv(104): truncated value with size 32 to match size of target (4) File: C:/Users/minec/Desktop/Work/GitHub Repos/PROJ300/Firmware/CPU Designs/Simple CPU/sv files/CU_counter.sv Line: 104
Info (10264): Verilog HDL Case Statement information at CU_counter.sv(68): all case item expressions in this case statement are onehot File: C:/Users/minec/Desktop/Work/GitHub Repos/PROJ300/Firmware/CPU Designs/Simple CPU/sv files/CU_counter.sv Line: 68
Info (12128): Elaborating entity "CPU_regN" for hierarchy "CPU_regN:inst4"
Warning (10230): Verilog HDL assignment warning at CPU_regN.sv(45): truncated value with size 32 to match size of target (2) File: C:/Users/minec/Desktop/Work/GitHub Repos/PROJ300/Firmware/CPU Designs/Simple CPU/sv files/CPU_regN.sv Line: 45
Warning (10270): Verilog HDL Case Statement warning at CPU_regN.sv(35): incomplete case statement has no default case item File: C:/Users/minec/Desktop/Work/GitHub Repos/PROJ300/Firmware/CPU Designs/Simple CPU/sv files/CPU_regN.sv Line: 35
Info (10264): Verilog HDL Case Statement information at CPU_regN.sv(35): all case item expressions in this case statement are onehot File: C:/Users/minec/Desktop/Work/GitHub Repos/PROJ300/Firmware/CPU Designs/Simple CPU/sv files/CPU_regN.sv Line: 35
Warning (10240): Verilog HDL Always Construct warning at CPU_regN.sv(20): inferring latch(es) for variable "internal_reg", which holds its previous value in one or more paths through the always construct File: C:/Users/minec/Desktop/Work/GitHub Repos/PROJ300/Firmware/CPU Designs/Simple CPU/sv files/CPU_regN.sv Line: 20
Info (10041): Inferred latch for "internal_reg[0]" at CPU_regN.sv(20) File: C:/Users/minec/Desktop/Work/GitHub Repos/PROJ300/Firmware/CPU Designs/Simple CPU/sv files/CPU_regN.sv Line: 20
Info (10041): Inferred latch for "internal_reg[1]" at CPU_regN.sv(20) File: C:/Users/minec/Desktop/Work/GitHub Repos/PROJ300/Firmware/CPU Designs/Simple CPU/sv files/CPU_regN.sv Line: 20
Info (12128): Elaborating entity "systemBus_muxN" for hierarchy "systemBus_muxN:inst8"
Info (12128): Elaborating entity "CPU_regN" for hierarchy "CPU_regN:inst1"
Warning (10230): Verilog HDL assignment warning at CPU_regN.sv(45): truncated value with size 32 to match size of target (6) File: C:/Users/minec/Desktop/Work/GitHub Repos/PROJ300/Firmware/CPU Designs/Simple CPU/sv files/CPU_regN.sv Line: 45
Warning (10270): Verilog HDL Case Statement warning at CPU_regN.sv(35): incomplete case statement has no default case item File: C:/Users/minec/Desktop/Work/GitHub Repos/PROJ300/Firmware/CPU Designs/Simple CPU/sv files/CPU_regN.sv Line: 35
Info (10264): Verilog HDL Case Statement information at CPU_regN.sv(35): all case item expressions in this case statement are onehot File: C:/Users/minec/Desktop/Work/GitHub Repos/PROJ300/Firmware/CPU Designs/Simple CPU/sv files/CPU_regN.sv Line: 35
Warning (10240): Verilog HDL Always Construct warning at CPU_regN.sv(20): inferring latch(es) for variable "internal_reg", which holds its previous value in one or more paths through the always construct File: C:/Users/minec/Desktop/Work/GitHub Repos/PROJ300/Firmware/CPU Designs/Simple CPU/sv files/CPU_regN.sv Line: 20
Info (10041): Inferred latch for "internal_reg[0]" at CPU_regN.sv(20) File: C:/Users/minec/Desktop/Work/GitHub Repos/PROJ300/Firmware/CPU Designs/Simple CPU/sv files/CPU_regN.sv Line: 20
Info (10041): Inferred latch for "internal_reg[1]" at CPU_regN.sv(20) File: C:/Users/minec/Desktop/Work/GitHub Repos/PROJ300/Firmware/CPU Designs/Simple CPU/sv files/CPU_regN.sv Line: 20
Info (10041): Inferred latch for "internal_reg[2]" at CPU_regN.sv(20) File: C:/Users/minec/Desktop/Work/GitHub Repos/PROJ300/Firmware/CPU Designs/Simple CPU/sv files/CPU_regN.sv Line: 20
Info (10041): Inferred latch for "internal_reg[3]" at CPU_regN.sv(20) File: C:/Users/minec/Desktop/Work/GitHub Repos/PROJ300/Firmware/CPU Designs/Simple CPU/sv files/CPU_regN.sv Line: 20
Info (10041): Inferred latch for "internal_reg[4]" at CPU_regN.sv(20) File: C:/Users/minec/Desktop/Work/GitHub Repos/PROJ300/Firmware/CPU Designs/Simple CPU/sv files/CPU_regN.sv Line: 20
Info (10041): Inferred latch for "internal_reg[5]" at CPU_regN.sv(20) File: C:/Users/minec/Desktop/Work/GitHub Repos/PROJ300/Firmware/CPU Designs/Simple CPU/sv files/CPU_regN.sv Line: 20
Info (12128): Elaborating entity "testROM" for hierarchy "testROM:inst9"
Warning (10030): Net "rom.data_a" at testROM.sv(24) has no driver or initial value, using a default initial value '0' File: C:/Users/minec/Desktop/Work/GitHub Repos/PROJ300/Firmware/CPU Designs/Simple CPU/sv files/testROM.sv Line: 24
Warning (10030): Net "rom.waddr_a[0]" at testROM.sv(24) has no driver or initial value, using a default initial value '0' File: C:/Users/minec/Desktop/Work/GitHub Repos/PROJ300/Firmware/CPU Designs/Simple CPU/sv files/testROM.sv Line: 24
Warning (10030): Net "rom.we_a" at testROM.sv(24) has no driver or initial value, using a default initial value '0' File: C:/Users/minec/Desktop/Work/GitHub Repos/PROJ300/Firmware/CPU Designs/Simple CPU/sv files/testROM.sv Line: 24
Info (12128): Elaborating entity "ALU" for hierarchy "ALU:inst10"
Info (276014): Found 1 instances of uninferred RAM logic
    Info (276004): RAM logic "testROM:inst9|rom" is uninferred due to inappropriate RAM size File: C:/Users/minec/Desktop/Work/GitHub Repos/PROJ300/Firmware/CPU Designs/Simple CPU/sv files/testROM.sv Line: 24
Warning (13012): Latch CPU_regN:inst3|internal_reg[0] has unsafe behavior File: C:/Users/minec/Desktop/Work/GitHub Repos/PROJ300/Firmware/CPU Designs/Simple CPU/sv files/CPU_regN.sv Line: 20
    Warning (13013): Ports D and ENA on the latch are fed by the same signal CU_counter:inst12|counter_reg[1] File: C:/Users/minec/Desktop/Work/GitHub Repos/PROJ300/Firmware/CPU Designs/Simple CPU/sv files/CU_counter.sv Line: 43
Warning (13012): Latch CPU_regN:inst3|internal_reg[1] has unsafe behavior File: C:/Users/minec/Desktop/Work/GitHub Repos/PROJ300/Firmware/CPU Designs/Simple CPU/sv files/CPU_regN.sv Line: 20
    Warning (13013): Ports D and ENA on the latch are fed by the same signal CU_counter:inst12|counter_reg[1] File: C:/Users/minec/Desktop/Work/GitHub Repos/PROJ300/Firmware/CPU Designs/Simple CPU/sv files/CU_counter.sv Line: 43
Warning (13012): Latch CPU_regN:inst3|internal_reg[2] has unsafe behavior File: C:/Users/minec/Desktop/Work/GitHub Repos/PROJ300/Firmware/CPU Designs/Simple CPU/sv files/CPU_regN.sv Line: 20
    Warning (13013): Ports D and ENA on the latch are fed by the same signal CU_counter:inst12|counter_reg[1] File: C:/Users/minec/Desktop/Work/GitHub Repos/PROJ300/Firmware/CPU Designs/Simple CPU/sv files/CU_counter.sv Line: 43
Warning (13012): Latch CPU_regN:inst3|internal_reg[3] has unsafe behavior File: C:/Users/minec/Desktop/Work/GitHub Repos/PROJ300/Firmware/CPU Designs/Simple CPU/sv files/CPU_regN.sv Line: 20
    Warning (13013): Ports D and ENA on the latch are fed by the same signal CU_counter:inst12|counter_reg[1] File: C:/Users/minec/Desktop/Work/GitHub Repos/PROJ300/Firmware/CPU Designs/Simple CPU/sv files/CU_counter.sv Line: 43
Warning (13012): Latch CPU_regN:inst3|internal_reg[4] has unsafe behavior File: C:/Users/minec/Desktop/Work/GitHub Repos/PROJ300/Firmware/CPU Designs/Simple CPU/sv files/CPU_regN.sv Line: 20
    Warning (13013): Ports D and ENA on the latch are fed by the same signal CU_counter:inst12|counter_reg[1] File: C:/Users/minec/Desktop/Work/GitHub Repos/PROJ300/Firmware/CPU Designs/Simple CPU/sv files/CU_counter.sv Line: 43
Warning (13012): Latch CPU_regN:inst3|internal_reg[5] has unsafe behavior File: C:/Users/minec/Desktop/Work/GitHub Repos/PROJ300/Firmware/CPU Designs/Simple CPU/sv files/CPU_regN.sv Line: 20
    Warning (13013): Ports D and ENA on the latch are fed by the same signal CU_counter:inst12|counter_reg[1] File: C:/Users/minec/Desktop/Work/GitHub Repos/PROJ300/Firmware/CPU Designs/Simple CPU/sv files/CU_counter.sv Line: 43
Warning (13012): Latch CPU_regN:inst3|internal_reg[6] has unsafe behavior File: C:/Users/minec/Desktop/Work/GitHub Repos/PROJ300/Firmware/CPU Designs/Simple CPU/sv files/CPU_regN.sv Line: 20
    Warning (13013): Ports D and ENA on the latch are fed by the same signal CU_counter:inst12|counter_reg[1] File: C:/Users/minec/Desktop/Work/GitHub Repos/PROJ300/Firmware/CPU Designs/Simple CPU/sv files/CU_counter.sv Line: 43
Warning (13012): Latch CPU_regN:inst3|internal_reg[7] has unsafe behavior File: C:/Users/minec/Desktop/Work/GitHub Repos/PROJ300/Firmware/CPU Designs/Simple CPU/sv files/CPU_regN.sv Line: 20
    Warning (13013): Ports D and ENA on the latch are fed by the same signal CU_counter:inst12|counter_reg[1] File: C:/Users/minec/Desktop/Work/GitHub Repos/PROJ300/Firmware/CPU Designs/Simple CPU/sv files/CU_counter.sv Line: 43
Warning (13012): Latch CPU_regN:inst|internal_reg[0] has unsafe behavior File: C:/Users/minec/Desktop/Work/GitHub Repos/PROJ300/Firmware/CPU Designs/Simple CPU/sv files/CPU_regN.sv Line: 20
    Warning (13013): Ports D and ENA on the latch are fed by the same signal CU_counter:inst12|counter_reg[3] File: C:/Users/minec/Desktop/Work/GitHub Repos/PROJ300/Firmware/CPU Designs/Simple CPU/sv files/CU_counter.sv Line: 43
Warning (13012): Latch CPU_regN:inst|internal_reg[1] has unsafe behavior File: C:/Users/minec/Desktop/Work/GitHub Repos/PROJ300/Firmware/CPU Designs/Simple CPU/sv files/CPU_regN.sv Line: 20
    Warning (13013): Ports D and ENA on the latch are fed by the same signal CU_counter:inst12|counter_reg[3] File: C:/Users/minec/Desktop/Work/GitHub Repos/PROJ300/Firmware/CPU Designs/Simple CPU/sv files/CU_counter.sv Line: 43
Warning (13012): Latch CPU_regN:inst|internal_reg[2] has unsafe behavior File: C:/Users/minec/Desktop/Work/GitHub Repos/PROJ300/Firmware/CPU Designs/Simple CPU/sv files/CPU_regN.sv Line: 20
    Warning (13013): Ports D and ENA on the latch are fed by the same signal CU_counter:inst12|counter_reg[3] File: C:/Users/minec/Desktop/Work/GitHub Repos/PROJ300/Firmware/CPU Designs/Simple CPU/sv files/CU_counter.sv Line: 43
Warning (13012): Latch CPU_regN:inst|internal_reg[3] has unsafe behavior File: C:/Users/minec/Desktop/Work/GitHub Repos/PROJ300/Firmware/CPU Designs/Simple CPU/sv files/CPU_regN.sv Line: 20
    Warning (13013): Ports D and ENA on the latch are fed by the same signal CU_counter:inst12|counter_reg[3] File: C:/Users/minec/Desktop/Work/GitHub Repos/PROJ300/Firmware/CPU Designs/Simple CPU/sv files/CU_counter.sv Line: 43
Warning (13012): Latch CPU_regN:inst|internal_reg[4] has unsafe behavior File: C:/Users/minec/Desktop/Work/GitHub Repos/PROJ300/Firmware/CPU Designs/Simple CPU/sv files/CPU_regN.sv Line: 20
    Warning (13013): Ports D and ENA on the latch are fed by the same signal CU_counter:inst12|counter_reg[3] File: C:/Users/minec/Desktop/Work/GitHub Repos/PROJ300/Firmware/CPU Designs/Simple CPU/sv files/CU_counter.sv Line: 43
Warning (13012): Latch CPU_regN:inst|internal_reg[5] has unsafe behavior File: C:/Users/minec/Desktop/Work/GitHub Repos/PROJ300/Firmware/CPU Designs/Simple CPU/sv files/CPU_regN.sv Line: 20
    Warning (13013): Ports D and ENA on the latch are fed by the same signal CU_counter:inst12|counter_reg[3] File: C:/Users/minec/Desktop/Work/GitHub Repos/PROJ300/Firmware/CPU Designs/Simple CPU/sv files/CU_counter.sv Line: 43
Warning (13012): Latch CPU_regN:inst1|internal_reg[0] has unsafe behavior File: C:/Users/minec/Desktop/Work/GitHub Repos/PROJ300/Firmware/CPU Designs/Simple CPU/sv files/CPU_regN.sv Line: 20
    Warning (13013): Ports D and ENA on the latch are fed by the same signal CU_counter:inst12|counter_reg[1] File: C:/Users/minec/Desktop/Work/GitHub Repos/PROJ300/Firmware/CPU Designs/Simple CPU/sv files/CU_counter.sv Line: 43
Warning (13012): Latch CPU_regN:inst2|internal_reg[0] has unsafe behavior File: C:/Users/minec/Desktop/Work/GitHub Repos/PROJ300/Firmware/CPU Designs/Simple CPU/sv files/CPU_regN.sv Line: 20
    Warning (13013): Ports D and ENA on the latch are fed by the same signal CU_counter:inst12|counter_reg[3] File: C:/Users/minec/Desktop/Work/GitHub Repos/PROJ300/Firmware/CPU Designs/Simple CPU/sv files/CU_counter.sv Line: 43
Warning (13012): Latch CPU_regN:inst4|internal_reg[0] has unsafe behavior File: C:/Users/minec/Desktop/Work/GitHub Repos/PROJ300/Firmware/CPU Designs/Simple CPU/sv files/CPU_regN.sv Line: 20
    Warning (13013): Ports D and ENA on the latch are fed by the same signal CU_counter:inst12|counter_reg[3] File: C:/Users/minec/Desktop/Work/GitHub Repos/PROJ300/Firmware/CPU Designs/Simple CPU/sv files/CU_counter.sv Line: 43
Warning (13012): Latch CPU_regN:inst4|internal_reg[1] has unsafe behavior File: C:/Users/minec/Desktop/Work/GitHub Repos/PROJ300/Firmware/CPU Designs/Simple CPU/sv files/CPU_regN.sv Line: 20
    Warning (13013): Ports D and ENA on the latch are fed by the same signal CU_counter:inst12|counter_reg[3] File: C:/Users/minec/Desktop/Work/GitHub Repos/PROJ300/Firmware/CPU Designs/Simple CPU/sv files/CU_counter.sv Line: 43
Warning (13012): Latch CPU_regN:inst1|internal_reg[1] has unsafe behavior File: C:/Users/minec/Desktop/Work/GitHub Repos/PROJ300/Firmware/CPU Designs/Simple CPU/sv files/CPU_regN.sv Line: 20
    Warning (13013): Ports D and ENA on the latch are fed by the same signal CU_counter:inst12|counter_reg[1] File: C:/Users/minec/Desktop/Work/GitHub Repos/PROJ300/Firmware/CPU Designs/Simple CPU/sv files/CU_counter.sv Line: 43
Warning (13012): Latch CPU_regN:inst2|internal_reg[1] has unsafe behavior File: C:/Users/minec/Desktop/Work/GitHub Repos/PROJ300/Firmware/CPU Designs/Simple CPU/sv files/CPU_regN.sv Line: 20
    Warning (13013): Ports D and ENA on the latch are fed by the same signal CU_counter:inst12|counter_reg[3] File: C:/Users/minec/Desktop/Work/GitHub Repos/PROJ300/Firmware/CPU Designs/Simple CPU/sv files/CU_counter.sv Line: 43
Warning (13012): Latch CPU_regN:inst1|internal_reg[2] has unsafe behavior File: C:/Users/minec/Desktop/Work/GitHub Repos/PROJ300/Firmware/CPU Designs/Simple CPU/sv files/CPU_regN.sv Line: 20
    Warning (13013): Ports D and ENA on the latch are fed by the same signal CU_counter:inst12|counter_reg[1] File: C:/Users/minec/Desktop/Work/GitHub Repos/PROJ300/Firmware/CPU Designs/Simple CPU/sv files/CU_counter.sv Line: 43
Warning (13012): Latch CPU_regN:inst2|internal_reg[2] has unsafe behavior File: C:/Users/minec/Desktop/Work/GitHub Repos/PROJ300/Firmware/CPU Designs/Simple CPU/sv files/CPU_regN.sv Line: 20
    Warning (13013): Ports D and ENA on the latch are fed by the same signal CU_counter:inst12|counter_reg[3] File: C:/Users/minec/Desktop/Work/GitHub Repos/PROJ300/Firmware/CPU Designs/Simple CPU/sv files/CU_counter.sv Line: 43
Warning (13012): Latch CPU_regN:inst1|internal_reg[3] has unsafe behavior File: C:/Users/minec/Desktop/Work/GitHub Repos/PROJ300/Firmware/CPU Designs/Simple CPU/sv files/CPU_regN.sv Line: 20
    Warning (13013): Ports D and ENA on the latch are fed by the same signal CU_counter:inst12|counter_reg[1] File: C:/Users/minec/Desktop/Work/GitHub Repos/PROJ300/Firmware/CPU Designs/Simple CPU/sv files/CU_counter.sv Line: 43
Warning (13012): Latch CPU_regN:inst2|internal_reg[3] has unsafe behavior File: C:/Users/minec/Desktop/Work/GitHub Repos/PROJ300/Firmware/CPU Designs/Simple CPU/sv files/CPU_regN.sv Line: 20
    Warning (13013): Ports D and ENA on the latch are fed by the same signal CU_counter:inst12|counter_reg[3] File: C:/Users/minec/Desktop/Work/GitHub Repos/PROJ300/Firmware/CPU Designs/Simple CPU/sv files/CU_counter.sv Line: 43
Warning (13012): Latch CPU_regN:inst1|internal_reg[4] has unsafe behavior File: C:/Users/minec/Desktop/Work/GitHub Repos/PROJ300/Firmware/CPU Designs/Simple CPU/sv files/CPU_regN.sv Line: 20
    Warning (13013): Ports D and ENA on the latch are fed by the same signal CU_counter:inst12|counter_reg[1] File: C:/Users/minec/Desktop/Work/GitHub Repos/PROJ300/Firmware/CPU Designs/Simple CPU/sv files/CU_counter.sv Line: 43
Warning (13012): Latch CPU_regN:inst2|internal_reg[4] has unsafe behavior File: C:/Users/minec/Desktop/Work/GitHub Repos/PROJ300/Firmware/CPU Designs/Simple CPU/sv files/CPU_regN.sv Line: 20
    Warning (13013): Ports D and ENA on the latch are fed by the same signal CU_counter:inst12|counter_reg[3] File: C:/Users/minec/Desktop/Work/GitHub Repos/PROJ300/Firmware/CPU Designs/Simple CPU/sv files/CU_counter.sv Line: 43
Warning (13012): Latch CPU_regN:inst1|internal_reg[5] has unsafe behavior File: C:/Users/minec/Desktop/Work/GitHub Repos/PROJ300/Firmware/CPU Designs/Simple CPU/sv files/CPU_regN.sv Line: 20
    Warning (13013): Ports D and ENA on the latch are fed by the same signal CU_counter:inst12|counter_reg[1] File: C:/Users/minec/Desktop/Work/GitHub Repos/PROJ300/Firmware/CPU Designs/Simple CPU/sv files/CU_counter.sv Line: 43
Warning (13012): Latch CPU_regN:inst2|internal_reg[5] has unsafe behavior File: C:/Users/minec/Desktop/Work/GitHub Repos/PROJ300/Firmware/CPU Designs/Simple CPU/sv files/CPU_regN.sv Line: 20
    Warning (13013): Ports D and ENA on the latch are fed by the same signal CU_counter:inst12|counter_reg[3] File: C:/Users/minec/Desktop/Work/GitHub Repos/PROJ300/Firmware/CPU Designs/Simple CPU/sv files/CU_counter.sv Line: 43
Warning (13012): Latch CPU_regN:inst2|internal_reg[6] has unsafe behavior File: C:/Users/minec/Desktop/Work/GitHub Repos/PROJ300/Firmware/CPU Designs/Simple CPU/sv files/CPU_regN.sv Line: 20
    Warning (13013): Ports D and ENA on the latch are fed by the same signal CU_counter:inst12|counter_reg[3] File: C:/Users/minec/Desktop/Work/GitHub Repos/PROJ300/Firmware/CPU Designs/Simple CPU/sv files/CU_counter.sv Line: 43
Warning (13012): Latch CPU_regN:inst2|internal_reg[7] has unsafe behavior File: C:/Users/minec/Desktop/Work/GitHub Repos/PROJ300/Firmware/CPU Designs/Simple CPU/sv files/CPU_regN.sv Line: 20
    Warning (13013): Ports D and ENA on the latch are fed by the same signal CU_counter:inst12|counter_reg[3] File: C:/Users/minec/Desktop/Work/GitHub Repos/PROJ300/Firmware/CPU Designs/Simple CPU/sv files/CU_counter.sv Line: 43
Info (286030): Timing-Driven Synthesis is running
Info (16010): Generating hard_block partition "hard_block:auto_generated_inst"
    Info (16011): Adding 0 node(s), including 0 DDIO, 0 PLL, 0 transceiver and 0 LCELL
Info (21057): Implemented 159 device resources after synthesis - the final resource count might be different
    Info (21058): Implemented 2 input pins
    Info (21059): Implemented 16 output pins
    Info (21061): Implemented 141 logic cells
Info: Quartus Prime Analysis & Synthesis was successful. 0 errors, 87 warnings
    Info: Peak virtual memory: 4896 megabytes
    Info: Processing ended: Thu Feb 22 21:39:14 2024
    Info: Elapsed time: 00:00:05
    Info: Total CPU time (on all processors): 00:00:06


